#! /usr/bin/vvp
:ivl_version "10.1 (stable)";
:ivl_delay_selection "TYPICAL";
:vpi_time_precision - 12;
:vpi_module "system";
:vpi_module "vhdl_sys";
:vpi_module "v2005_math";
:vpi_module "va_math";
S_0x56374a8129a0 .scope module, "EASY_AXI_TB" "EASY_AXI_TB" 2 16;
 .timescale -9 -12;
v0x56374a865c00_0 .var "clk", 0 0;
v0x56374a865ca0_0 .var "rst_n", 0 0;
v0x56374a865d40_0 .net "txn_done", 0 0, L_0x56374a876940;  1 drivers
v0x56374a865e30_0 .var "txn_start", 0 0;
v0x56374a865f20_0 .var "txn_type", 1 0;
S_0x56374a811d30 .scope module, "U_EASY_AXI_0" "EASY_AXI" 2 59, 3 16 0, S_0x56374a8129a0;
 .timescale 0 0;
    .port_info 0 /INPUT 1 "clk"
    .port_info 1 /INPUT 1 "rst_n"
    .port_info 2 /INPUT 1 "txn_start"
    .port_info 3 /INPUT 2 "txn_type"
    .port_info 4 /OUTPUT 1 "txn_done"
P_0x56374a7bef70 .param/l "AXI_ADDR_WIDTH" 0 3 20, +C4<00000000000000000000000000100000>;
P_0x56374a7befb0 .param/l "AXI_BURST_LEN" 0 3 18, +C4<00000000000000000000000000010000>;
P_0x56374a7beff0 .param/l "AXI_DATA_WIDTH" 0 3 21, +C4<00000000000000000000000000100000>;
P_0x56374a7bf030 .param/l "AXI_ID_WIDTH" 0 3 19, +C4<00000000000000000000000000000001>;
P_0x56374a7bf070 .param/l "TARGET_SLAVE_BASE_ADDR" 0 3 17, C4<01000000000000000000000000000000>;
L_0x56374a78e4d0 .functor BUFZ 1, v0x56374a865c00_0, C4<0>, C4<0>, C4<0>;
L_0x56374a78e160 .functor BUFZ 1, v0x56374a865ca0_0, C4<0>, C4<0>, C4<0>;
v0x56374a862b40_0 .net "axi_aclk", 0 0, L_0x56374a78e4d0;  1 drivers
v0x56374a862c00_0 .net "axi_araddr", 31 0, L_0x56374a876430;  1 drivers
L_0x7f583d783450 .functor BUFT 1, C4<01>, C4<0>, C4<0>, C4<0>;
v0x56374a862d10_0 .net "axi_arburst", 1 0, L_0x7f583d783450;  1 drivers
L_0x7f583d7834e0 .functor BUFT 1, C4<0010>, C4<0>, C4<0>, C4<0>;
v0x56374a862e00_0 .net "axi_arcache", 3 0, L_0x7f583d7834e0;  1 drivers
v0x56374a862f10_0 .net "axi_aresetn", 0 0, L_0x56374a78e160;  1 drivers
L_0x7f583d783330 .functor BUFT 1, C4<0>, C4<0>, C4<0>, C4<0>;
v0x56374a863050_0 .net "axi_arid", 0 0, L_0x7f583d783330;  1 drivers
L_0x7f583d7833c0 .functor BUFT 1, C4<00001111>, C4<0>, C4<0>, C4<0>;
v0x56374a863160_0 .net "axi_arlen", 7 0, L_0x7f583d7833c0;  1 drivers
L_0x7f583d783498 .functor BUFT 1, C4<0>, C4<0>, C4<0>, C4<0>;
v0x56374a863270_0 .net "axi_arlock", 0 0, L_0x7f583d783498;  1 drivers
L_0x7f583d783528 .functor BUFT 1, C4<000>, C4<0>, C4<0>, C4<0>;
v0x56374a863360_0 .net "axi_arprot", 2 0, L_0x7f583d783528;  1 drivers
L_0x7f583d783570 .functor BUFT 1, C4<0000>, C4<0>, C4<0>, C4<0>;
v0x56374a863420_0 .net "axi_arqos", 3 0, L_0x7f583d783570;  1 drivers
v0x56374a863530_0 .net "axi_arready", 0 0, L_0x56374a878680;  1 drivers
L_0x7f583d7835b8 .functor BUFT 1, C4<0000>, C4<0>, C4<0>, C4<0>;
v0x56374a863620_0 .net "axi_arregion", 3 0, L_0x7f583d7835b8;  1 drivers
v0x56374a863730_0 .net "axi_arsize", 2 0, L_0x56374a876630;  1 drivers
v0x56374a863840_0 .net "axi_arvalid", 0 0, L_0x56374a8764d0;  1 drivers
v0x56374a863930_0 .net "axi_awaddr", 31 0, L_0x56374a876110;  1 drivers
L_0x7f583d783138 .functor BUFT 1, C4<01>, C4<0>, C4<0>, C4<0>;
v0x56374a863a40_0 .net "axi_awburst", 1 0, L_0x7f583d783138;  1 drivers
L_0x7f583d7831c8 .functor BUFT 1, C4<0010>, C4<0>, C4<0>, C4<0>;
v0x56374a863b50_0 .net "axi_awcache", 3 0, L_0x7f583d7831c8;  1 drivers
L_0x7f583d783018 .functor BUFT 1, C4<0>, C4<0>, C4<0>, C4<0>;
v0x56374a863c60_0 .net "axi_awid", 0 0, L_0x7f583d783018;  1 drivers
L_0x7f583d7830a8 .functor BUFT 1, C4<00001111>, C4<0>, C4<0>, C4<0>;
v0x56374a863d70_0 .net "axi_awlen", 7 0, L_0x7f583d7830a8;  1 drivers
L_0x7f583d783180 .functor BUFT 1, C4<0>, C4<0>, C4<0>, C4<0>;
v0x56374a863e80_0 .net "axi_awlock", 0 0, L_0x7f583d783180;  1 drivers
L_0x7f583d783210 .functor BUFT 1, C4<000>, C4<0>, C4<0>, C4<0>;
v0x56374a863f70_0 .net "axi_awprot", 2 0, L_0x7f583d783210;  1 drivers
L_0x7f583d783258 .functor BUFT 1, C4<0000>, C4<0>, C4<0>, C4<0>;
v0x56374a864080_0 .net "axi_awqos", 3 0, L_0x7f583d783258;  1 drivers
v0x56374a864190_0 .net "axi_awready", 0 0, L_0x56374a878350;  1 drivers
L_0x7f583d7832a0 .functor BUFT 1, C4<0000>, C4<0>, C4<0>, C4<0>;
v0x56374a864280_0 .net "axi_awregion", 3 0, L_0x7f583d7832a0;  1 drivers
v0x56374a864390_0 .net "axi_awsize", 2 0, L_0x56374a8762f0;  1 drivers
v0x56374a8644a0_0 .net "axi_awvalid", 0 0, L_0x56374a7739e0;  1 drivers
v0x56374a864590_0 .net "axi_bid", 0 0, L_0x56374a878a60;  1 drivers
v0x56374a8646a0_0 .net "axi_bready", 0 0, L_0x56374a73e8b0;  1 drivers
v0x56374a864790_0 .net "axi_bresp", 1 0, v0x56374a85f700_0;  1 drivers
v0x56374a8648a0_0 .net "axi_bvalid", 0 0, v0x56374a85f7e0_0;  1 drivers
v0x56374a864990_0 .net "axi_rdata", 31 0, L_0x56374a8786f0;  1 drivers
v0x56374a864aa0_0 .net "axi_rid", 0 0, L_0x56374a878b60;  1 drivers
v0x56374a864bb0_0 .net "axi_rlast", 0 0, L_0x56374a8788a0;  1 drivers
v0x56374a864ca0_0 .net "axi_rready", 0 0, L_0x56374a8767a0;  1 drivers
v0x56374a864d90_0 .net "axi_rresp", 1 0, v0x56374a85fa40_0;  1 drivers
v0x56374a864ea0_0 .net "axi_rvalid", 0 0, v0x56374a85fb20_0;  1 drivers
v0x56374a864f90_0 .net "axi_wdata", 31 0, v0x56374a856d20_0;  1 drivers
v0x56374a8650a0_0 .net "axi_wlast", 0 0, L_0x56374a773d30;  1 drivers
v0x56374a865190_0 .net "axi_wready", 0 0, L_0x56374a8783c0;  1 drivers
L_0x7f583d7832e8 .functor BUFT 1, C4<1111>, C4<0>, C4<0>, C4<0>;
v0x56374a865280_0 .net "axi_wstrb", 3 0, L_0x7f583d7832e8;  1 drivers
v0x56374a865390_0 .net "axi_wvalid", 0 0, v0x56374a856ec0_0;  1 drivers
v0x56374a865480_0 .net "clk", 0 0, v0x56374a865c00_0;  1 drivers
v0x56374a865540_0 .net "rst_n", 0 0, v0x56374a865ca0_0;  1 drivers
v0x56374a865600_0 .net "txn_done", 0 0, L_0x56374a876940;  alias, 1 drivers
v0x56374a8656a0_0 .net "txn_start", 0 0, v0x56374a865e30_0;  1 drivers
v0x56374a865740_0 .net "txn_type", 1 0, v0x56374a865f20_0;  1 drivers
S_0x56374a82ef90 .scope module, "U_M_AXI_0" "M_AXI" 3 89, 4 16 0, S_0x56374a811d30;
 .timescale 0 0;
    .port_info 0 /INPUT 1 "txn_start"
    .port_info 1 /INPUT 2 "txn_type"
    .port_info 2 /OUTPUT 1 "txn_done"
    .port_info 3 /OUTPUT 1 "m_axi_aclk"
    .port_info 4 /OUTPUT 1 "m_axi_aresetn"
    .port_info 5 /OUTPUT 1 "m_axi_awid"
    .port_info 6 /OUTPUT 32 "m_axi_awaddr"
    .port_info 7 /OUTPUT 8 "m_axi_awlen"
    .port_info 8 /OUTPUT 3 "m_axi_awsize"
    .port_info 9 /OUTPUT 2 "m_axi_awburst"
    .port_info 10 /OUTPUT 1 "m_axi_awlock"
    .port_info 11 /OUTPUT 4 "m_axi_awcache"
    .port_info 12 /OUTPUT 3 "m_axi_awprot"
    .port_info 13 /OUTPUT 4 "m_axi_awqos"
    .port_info 14 /OUTPUT 4 "m_axi_awregion"
    .port_info 15 /OUTPUT 1 "m_axi_awvalid"
    .port_info 16 /INPUT 1 "m_axi_awready"
    .port_info 17 /OUTPUT 32 "m_axi_wdata"
    .port_info 18 /OUTPUT 4 "m_axi_wstrb"
    .port_info 19 /OUTPUT 1 "m_axi_wlast"
    .port_info 20 /OUTPUT 1 "m_axi_wvalid"
    .port_info 21 /INPUT 1 "m_axi_wready"
    .port_info 22 /INPUT 1 "m_axi_bid"
    .port_info 23 /INPUT 2 "m_axi_bresp"
    .port_info 24 /INPUT 1 "m_axi_bvalid"
    .port_info 25 /OUTPUT 1 "m_axi_bready"
    .port_info 26 /OUTPUT 1 "m_axi_arid"
    .port_info 27 /OUTPUT 32 "m_axi_araddr"
    .port_info 28 /OUTPUT 8 "m_axi_arlen"
    .port_info 29 /OUTPUT 3 "m_axi_arsize"
    .port_info 30 /OUTPUT 2 "m_axi_arburst"
    .port_info 31 /OUTPUT 1 "m_axi_arlock"
    .port_info 32 /OUTPUT 4 "m_axi_arcache"
    .port_info 33 /OUTPUT 3 "m_axi_arprot"
    .port_info 34 /OUTPUT 4 "m_axi_arqos"
    .port_info 35 /OUTPUT 4 "m_axi_arregion"
    .port_info 36 /OUTPUT 1 "m_axi_arvalid"
    .port_info 37 /INPUT 1 "m_axi_arready"
    .port_info 38 /INPUT 1 "m_axi_rid"
    .port_info 39 /INPUT 32 "m_axi_rdata"
    .port_info 40 /INPUT 2 "m_axi_rresp"
    .port_info 41 /INPUT 1 "m_axi_rlast"
    .port_info 42 /INPUT 1 "m_axi_rvalid"
    .port_info 43 /OUTPUT 1 "m_axi_rready"
P_0x56374a840910 .param/l "IDLE" 0 4 88, C4<00>;
P_0x56374a840950 .param/l "M_AXI_ADDR_WIDTH" 0 4 20, +C4<00000000000000000000000000100000>;
P_0x56374a840990 .param/l "M_AXI_BURST_LEN" 0 4 18, +C4<00000000000000000000000000010000>;
P_0x56374a8409d0 .param/l "M_AXI_DATA_WIDTH" 0 4 21, +C4<00000000000000000000000000100000>;
P_0x56374a840a10 .param/l "M_AXI_ID_WIDTH" 0 4 19, +C4<00000000000000000000000000000001>;
P_0x56374a840a50 .param/l "M_TARGET_SLAVE_BASE_ADDR" 0 4 17, C4<01000000000000000000000000000000>;
P_0x56374a840a90 .param/l "READ" 0 4 90, C4<10>;
P_0x56374a840ad0 .param/l "TRANSACTIONS_NUM_WIDTH" 1 4 86, +C4<00000000000000000000000000000100>;
P_0x56374a840b10 .param/l "WRITE" 0 4 89, C4<01>;
L_0x56374a7739e0 .functor BUFZ 1, v0x56374a856ae0_0, C4<0>, C4<0>, C4<0>;
L_0x56374a773d30 .functor BUFZ 1, v0x56374a856e00_0, C4<0>, C4<0>, C4<0>;
L_0x56374a73e8b0 .functor BUFZ 1, v0x56374a856ba0_0, C4<0>, C4<0>, C4<0>;
L_0x56374a8764d0 .functor BUFZ 1, v0x56374a856940_0, C4<0>, C4<0>, C4<0>;
L_0x56374a8767a0 .functor BUFZ 1, v0x56374a856c60_0, C4<0>, C4<0>, C4<0>;
L_0x56374a876810 .functor NOT 1, v0x56374a857120_0, C4<0>, C4<0>, C4<0>;
L_0x56374a8768d0 .functor NOT 1, v0x56374a856f80_0, C4<0>, C4<0>, C4<0>;
L_0x56374a876940 .functor AND 1, L_0x56374a876810, L_0x56374a8768d0, C4<1>, C4<1>;
L_0x56374a876b50 .functor AND 1, L_0x56374a876ab0, v0x56374a85a020_0, C4<1>, C4<1>;
L_0x56374a876bc0 .functor AND 1, v0x56374a856ba0_0, v0x56374a85f7e0_0, C4<1>, C4<1>;
L_0x56374a876de0 .functor AND 1, L_0x56374a876bc0, L_0x56374a876cf0, C4<1>, C4<1>;
L_0x56374a876ef0 .functor AND 1, v0x56374a856c60_0, v0x56374a85fb20_0, C4<1>, C4<1>;
L_0x56374a876c80 .functor AND 1, L_0x56374a876ef0, L_0x56374a877030, C4<1>, C4<1>;
v0x56374a81d9c0_0 .net *"_s11", 31 0, L_0x56374a876200;  1 drivers
L_0x7f583d783060 .functor BUFT 1, C4<01000000000000000000000000000000>, C4<0>, C4<0>, C4<0>;
v0x56374a81fd20_0 .net/2u *"_s2", 31 0, L_0x7f583d783060;  1 drivers
L_0x7f583d783378 .functor BUFT 1, C4<01000000000000000000000000000000>, C4<0>, C4<0>, C4<0>;
v0x56374a8206f0_0 .net/2u *"_s40", 31 0, L_0x7f583d783378;  1 drivers
L_0x7f583d783408 .functor BUFT 1, C4<00000000000000000000000000000011>, C4<0>, C4<0>, C4<0>;
v0x56374a821020_0 .net/2s *"_s46", 31 0, L_0x7f583d783408;  1 drivers
v0x56374a821a80_0 .net *"_s49", 31 0, L_0x56374a876540;  1 drivers
v0x56374a856180_0 .net *"_s68", 0 0, L_0x56374a876810;  1 drivers
v0x56374a856260_0 .net *"_s70", 0 0, L_0x56374a8768d0;  1 drivers
v0x56374a856340_0 .net *"_s77", 0 0, L_0x56374a876ab0;  1 drivers
L_0x7f583d7830f0 .functor BUFT 1, C4<00000000000000000000000000000011>, C4<0>, C4<0>, C4<0>;
v0x56374a856400_0 .net/2s *"_s8", 31 0, L_0x7f583d7830f0;  1 drivers
v0x56374a8564e0_0 .net *"_s80", 0 0, L_0x56374a876bc0;  1 drivers
v0x56374a8565c0_0 .net *"_s83", 0 0, L_0x56374a876cf0;  1 drivers
v0x56374a8566a0_0 .net *"_s86", 0 0, L_0x56374a876ef0;  1 drivers
v0x56374a856780_0 .net *"_s89", 0 0, L_0x56374a877030;  1 drivers
v0x56374a856860_0 .var "axi_araddr", 31 0;
v0x56374a856940_0 .var "axi_arvalid", 0 0;
v0x56374a856a00_0 .var "axi_awaddr", 31 0;
v0x56374a856ae0_0 .var "axi_awvalid", 0 0;
v0x56374a856ba0_0 .var "axi_bready", 0 0;
v0x56374a856c60_0 .var "axi_rready", 0 0;
v0x56374a856d20_0 .var "axi_wdata", 31 0;
v0x56374a856e00_0 .var "axi_wlast", 0 0;
v0x56374a856ec0_0 .var "axi_wvalid", 0 0;
v0x56374a856f80_0 .var "burst_read_active", 0 0;
L_0x7f583d783600 .functor BUFT 1, C4<1000000>, C4<0>, C4<0>, C4<0>;
v0x56374a857040_0 .net "burst_size_bytes", 6 0, L_0x7f583d783600;  1 drivers
v0x56374a857120_0 .var "burst_write_active", 0 0;
v0x56374a8571e0_0 .net "m_axi_aclk", 0 0, L_0x56374a78e4d0;  alias, 1 drivers
v0x56374a8572a0_0 .net "m_axi_araddr", 31 0, L_0x56374a876430;  alias, 1 drivers
v0x56374a857380_0 .net "m_axi_arburst", 1 0, L_0x7f583d783450;  alias, 1 drivers
v0x56374a857460_0 .net "m_axi_arcache", 3 0, L_0x7f583d7834e0;  alias, 1 drivers
v0x56374a857540_0 .net "m_axi_aresetn", 0 0, L_0x56374a78e160;  alias, 1 drivers
v0x56374a857600_0 .net "m_axi_arid", 0 0, L_0x7f583d783330;  alias, 1 drivers
v0x56374a8576e0_0 .net "m_axi_arlen", 7 0, L_0x7f583d7833c0;  alias, 1 drivers
v0x56374a8577c0_0 .net "m_axi_arlock", 0 0, L_0x7f583d783498;  alias, 1 drivers
v0x56374a857a90_0 .net "m_axi_arprot", 2 0, L_0x7f583d783528;  alias, 1 drivers
v0x56374a857b70_0 .net "m_axi_arqos", 3 0, L_0x7f583d783570;  alias, 1 drivers
v0x56374a857c50_0 .net "m_axi_arready", 0 0, L_0x56374a878680;  alias, 1 drivers
v0x56374a857d10_0 .net "m_axi_arregion", 3 0, L_0x7f583d7835b8;  alias, 1 drivers
v0x56374a857df0_0 .net "m_axi_arsize", 2 0, L_0x56374a876630;  alias, 1 drivers
v0x56374a857ed0_0 .net "m_axi_arvalid", 0 0, L_0x56374a8764d0;  alias, 1 drivers
v0x56374a857f90_0 .net "m_axi_awaddr", 31 0, L_0x56374a876110;  alias, 1 drivers
v0x56374a858070_0 .net "m_axi_awburst", 1 0, L_0x7f583d783138;  alias, 1 drivers
v0x56374a858150_0 .net "m_axi_awcache", 3 0, L_0x7f583d7831c8;  alias, 1 drivers
v0x56374a858230_0 .net "m_axi_awid", 0 0, L_0x7f583d783018;  alias, 1 drivers
v0x56374a858310_0 .net "m_axi_awlen", 7 0, L_0x7f583d7830a8;  alias, 1 drivers
v0x56374a8583f0_0 .net "m_axi_awlock", 0 0, L_0x7f583d783180;  alias, 1 drivers
v0x56374a8584b0_0 .net "m_axi_awprot", 2 0, L_0x7f583d783210;  alias, 1 drivers
v0x56374a858590_0 .net "m_axi_awqos", 3 0, L_0x7f583d783258;  alias, 1 drivers
v0x56374a858670_0 .net "m_axi_awready", 0 0, L_0x56374a878350;  alias, 1 drivers
v0x56374a858730_0 .net "m_axi_awregion", 3 0, L_0x7f583d7832a0;  alias, 1 drivers
v0x56374a858810_0 .net "m_axi_awsize", 2 0, L_0x56374a8762f0;  alias, 1 drivers
v0x56374a8588f0_0 .net "m_axi_awvalid", 0 0, L_0x56374a7739e0;  alias, 1 drivers
v0x56374a8589b0_0 .net "m_axi_bid", 0 0, L_0x56374a878a60;  alias, 1 drivers
v0x56374a858a90_0 .net "m_axi_bready", 0 0, L_0x56374a73e8b0;  alias, 1 drivers
v0x56374a858b50_0 .net "m_axi_bresp", 1 0, v0x56374a85f700_0;  alias, 1 drivers
v0x56374a858c30_0 .net "m_axi_bvalid", 0 0, v0x56374a85f7e0_0;  alias, 1 drivers
v0x56374a858cf0_0 .net "m_axi_rdata", 31 0, L_0x56374a8786f0;  alias, 1 drivers
v0x56374a858dd0_0 .net "m_axi_rid", 0 0, L_0x56374a878b60;  alias, 1 drivers
v0x56374a858eb0_0 .net "m_axi_rlast", 0 0, L_0x56374a8788a0;  alias, 1 drivers
v0x56374a858f70_0 .net "m_axi_rready", 0 0, L_0x56374a8767a0;  alias, 1 drivers
v0x56374a859030_0 .net "m_axi_rresp", 1 0, v0x56374a85fa40_0;  alias, 1 drivers
v0x56374a859110_0 .net "m_axi_rvalid", 0 0, v0x56374a85fb20_0;  alias, 1 drivers
v0x56374a8591d0_0 .net "m_axi_wdata", 31 0, v0x56374a856d20_0;  alias, 1 drivers
v0x56374a8592b0_0 .net "m_axi_wlast", 0 0, L_0x56374a773d30;  alias, 1 drivers
v0x56374a859370_0 .net "m_axi_wready", 0 0, L_0x56374a8783c0;  alias, 1 drivers
v0x56374a859430_0 .net "m_axi_wstrb", 3 0, L_0x7f583d7832e8;  alias, 1 drivers
v0x56374a859920_0 .net "m_axi_wvalid", 0 0, v0x56374a856ec0_0;  alias, 1 drivers
v0x56374a8599e0_0 .var "mst_exestate", 1 0;
v0x56374a859ac0_0 .var "read_index", 4 0;
v0x56374a859ba0_0 .net "read_resp_error", 0 0, L_0x56374a876c80;  1 drivers
v0x56374a859c60_0 .var "reads_done", 0 0;
v0x56374a859d20_0 .var "start_single_burst_read", 0 0;
v0x56374a859de0_0 .var "start_single_burst_write", 0 0;
v0x56374a859ea0_0 .net "txn_done", 0 0, L_0x56374a876940;  alias, 1 drivers
v0x56374a859f60_0 .net "txn_start", 0 0, v0x56374a865e30_0;  alias, 1 drivers
v0x56374a85a020_0 .var "txn_start_ff", 0 0;
v0x56374a85a0e0_0 .var "txn_start_ff2", 0 0;
v0x56374a85a1a0_0 .net "txn_start_pulse", 0 0, L_0x56374a876b50;  1 drivers
v0x56374a85a260_0 .net "txn_type", 1 0, v0x56374a865f20_0;  alias, 1 drivers
v0x56374a85a340_0 .var "write_index", 4 0;
v0x56374a85a420_0 .net "write_resp_error", 0 0, L_0x56374a876de0;  1 drivers
v0x56374a85a4e0_0 .var "writes_done", 0 0;
E_0x56374a773f50 .event posedge, v0x56374a8571e0_0;
L_0x56374a876110 .arith/sum 32, L_0x7f583d783060, v0x56374a856a00_0;
L_0x56374a876200 .ufunc TD_EASY_AXI_TB.U_EASY_AXI_0.U_M_AXI_0.clogb2, 32, L_0x7f583d7830f0 (v0x56374a81c010_0) v0x56374a81cfc0_0 S_0x56374a82d4d0;
L_0x56374a8762f0 .part L_0x56374a876200, 0, 3;
L_0x56374a876430 .arith/sum 32, L_0x7f583d783378, v0x56374a856860_0;
L_0x56374a876540 .ufunc TD_EASY_AXI_TB.U_EASY_AXI_0.U_M_AXI_0.clogb2, 32, L_0x7f583d783408 (v0x56374a81c010_0) v0x56374a81cfc0_0 S_0x56374a82d4d0;
L_0x56374a876630 .part L_0x56374a876540, 0, 3;
L_0x56374a876ab0 .reduce/nor v0x56374a85a0e0_0;
L_0x56374a876cf0 .part v0x56374a85f700_0, 1, 1;
L_0x56374a877030 .part v0x56374a85fa40_0, 1, 1;
S_0x56374a82d4d0 .scope function, "clogb2" "clogb2" 4 79, 4 79 0, S_0x56374a82ef90;
 .timescale 0 0;
v0x56374a81c010_0 .var/i "bit_depth", 31 0;
v0x56374a81cfc0_0 .var/i "clogb2", 31 0;
TD_EASY_AXI_TB.U_EASY_AXI_0.U_M_AXI_0.clogb2 ;
    %pushi/vec4 0, 0, 32;
    %store/vec4 v0x56374a81cfc0_0, 0, 32;
T_0.0 ;
    %pushi/vec4 0, 0, 32;
    %load/vec4 v0x56374a81c010_0;
    %cmp/s;
    %jmp/0xz T_0.1, 5;
    %load/vec4 v0x56374a81c010_0;
    %ix/load 4, 1, 0;
    %flag_set/imm 4, 0;
    %shiftr 4;
    %store/vec4 v0x56374a81c010_0, 0, 32;
    %load/vec4 v0x56374a81cfc0_0;
    %addi 1, 0, 32;
    %store/vec4 v0x56374a81cfc0_0, 0, 32;
    %jmp T_0.0;
T_0.1 ;
    %end;
S_0x56374a85ab20 .scope module, "U_S_AXI_0" "S_AXI" 3 142, 5 16 0, S_0x56374a811d30;
 .timescale 0 0;
    .port_info 0 /INPUT 1 "s_axi_aclk"
    .port_info 1 /INPUT 1 "s_axi_aresetn"
    .port_info 2 /INPUT 1 "s_axi_awid"
    .port_info 3 /INPUT 32 "s_axi_awaddr"
    .port_info 4 /INPUT 8 "s_axi_awlen"
    .port_info 5 /INPUT 3 "s_axi_awsize"
    .port_info 6 /INPUT 2 "s_axi_awburst"
    .port_info 7 /INPUT 1 "s_axi_awlock"
    .port_info 8 /INPUT 4 "s_axi_awcache"
    .port_info 9 /INPUT 3 "s_axi_awprot"
    .port_info 10 /INPUT 4 "s_axi_awqos"
    .port_info 11 /INPUT 4 "s_axi_awregion"
    .port_info 12 /INPUT 1 "s_axi_awvalid"
    .port_info 13 /OUTPUT 1 "s_axi_awready"
    .port_info 14 /INPUT 32 "s_axi_wdata"
    .port_info 15 /INPUT 4 "s_axi_wstrb"
    .port_info 16 /INPUT 1 "s_axi_wlast"
    .port_info 17 /INPUT 1 "s_axi_wvalid"
    .port_info 18 /OUTPUT 1 "s_axi_wready"
    .port_info 19 /OUTPUT 1 "s_axi_bid"
    .port_info 20 /OUTPUT 2 "s_axi_bresp"
    .port_info 21 /OUTPUT 1 "s_axi_bvalid"
    .port_info 22 /INPUT 1 "s_axi_bready"
    .port_info 23 /INPUT 1 "s_axi_arid"
    .port_info 24 /INPUT 32 "s_axi_araddr"
    .port_info 25 /INPUT 8 "s_axi_arlen"
    .port_info 26 /INPUT 3 "s_axi_arsize"
    .port_info 27 /INPUT 2 "s_axi_arburst"
    .port_info 28 /INPUT 1 "s_axi_arlock"
    .port_info 29 /INPUT 4 "s_axi_arcache"
    .port_info 30 /INPUT 3 "s_axi_arprot"
    .port_info 31 /INPUT 4 "s_axi_arqos"
    .port_info 32 /INPUT 4 "s_axi_arregion"
    .port_info 33 /INPUT 1 "s_axi_arvalid"
    .port_info 34 /OUTPUT 1 "s_axi_arready"
    .port_info 35 /OUTPUT 1 "s_axi_rid"
    .port_info 36 /OUTPUT 32 "s_axi_rdata"
    .port_info 37 /OUTPUT 2 "s_axi_rresp"
    .port_info 38 /OUTPUT 1 "s_axi_rlast"
    .port_info 39 /OUTPUT 1 "s_axi_rvalid"
    .port_info 40 /INPUT 1 "s_axi_rready"
P_0x56374a85acc0 .param/l "ADDR_LSB" 1 5 98, +C4<00000000000000000000000000000010>;
P_0x56374a85ad00 .param/l "MEM_ADDR_WIDTH" 1 5 99, +C4<00000000000000000000000000000101>;
P_0x56374a85ad40 .param/l "MEM_BYTE_NUM" 1 5 101, +C4<00000000000000000000000001000000>;
P_0x56374a85ad80 .param/l "MEM_NUM" 1 5 100, +C4<00000000000000000000000000000001>;
P_0x56374a85adc0 .param/l "S_AXI_ADDR_WIDTH" 0 5 20, +C4<00000000000000000000000000100000>;
P_0x56374a85ae00 .param/l "S_AXI_DATA_WIDTH" 0 5 19, +C4<00000000000000000000000000100000>;
P_0x56374a85ae40 .param/l "S_AXI_ID_WIDTH" 0 5 18, +C4<00000000000000000000000000000001>;
L_0x56374a878350 .functor BUFZ 1, v0x56374a85f640_0, C4<0>, C4<0>, C4<0>;
L_0x56374a8783c0 .functor BUFZ 1, v0x56374a85fbe0_0, C4<0>, C4<0>, C4<0>;
L_0x56374a878680 .functor BUFZ 1, v0x56374a85f2e0_0, C4<0>, C4<0>, C4<0>;
L_0x56374a8786f0 .functor BUFZ 32, v0x56374a85f8a0_0, C4<00000000000000000000000000000000>, C4<00000000000000000000000000000000>, C4<00000000000000000000000000000000>;
L_0x56374a8788a0 .functor BUFZ 1, v0x56374a85f980_0, C4<0>, C4<0>, C4<0>;
L_0x56374a878a60 .functor BUFZ 1, L_0x7f583d783018, C4<0>, C4<0>, C4<0>;
L_0x56374a878b60 .functor BUFZ 1, L_0x7f583d783330, C4<0>, C4<0>, C4<0>;
L_0x56374a879040 .functor AND 32, v0x56374a85f3a0_0, L_0x56374a878d30, C4<11111111111111111111111111111111>, C4<11111111111111111111111111111111>;
L_0x56374a878fd0 .functor AND 32, v0x56374a85f040_0, L_0x56374a878f30, C4<11111111111111111111111111111111>, C4<11111111111111111111111111111111>;
v0x56374a85dfa0_0 .net *"_s2", 5 0, L_0x56374a8772b0;  1 drivers
L_0x7f583d7837b0 .functor BUFT 1, C4<00000000000000000000000000000100>, C4<0>, C4<0>, C4<0>;
v0x56374a85e0a0_0 .net/2u *"_s32", 31 0, L_0x7f583d7837b0;  1 drivers
v0x56374a85e180_0 .net *"_s34", 31 0, L_0x56374a878c60;  1 drivers
L_0x7f583d7837f8 .functor BUFT 1, C4<000000000000000000000000>, C4<0>, C4<0>, C4<0>;
v0x56374a85e270_0 .net *"_s37", 23 0, L_0x7f583d7837f8;  1 drivers
L_0x7f583d783840 .functor BUFT 1, C4<00000000000000000000000000000100>, C4<0>, C4<0>, C4<0>;
v0x56374a85e350_0 .net/2u *"_s40", 31 0, L_0x7f583d783840;  1 drivers
v0x56374a85e480_0 .net *"_s42", 31 0, L_0x56374a878e30;  1 drivers
L_0x7f583d783888 .functor BUFT 1, C4<000000000000000000000000>, C4<0>, C4<0>, C4<0>;
v0x56374a85e560_0 .net *"_s45", 23 0, L_0x7f583d783888;  1 drivers
v0x56374a85e640_0 .net *"_s48", 31 0, L_0x56374a879040;  1 drivers
v0x56374a85e720_0 .net *"_s50", 0 0, L_0x56374a879120;  1 drivers
L_0x7f583d7838d0 .functor BUFT 1, C4<1>, C4<0>, C4<0>, C4<0>;
v0x56374a85e7e0_0 .net/2u *"_s52", 0 0, L_0x7f583d7838d0;  1 drivers
L_0x7f583d783918 .functor BUFT 1, C4<0>, C4<0>, C4<0>, C4<0>;
v0x56374a85e8c0_0 .net/2u *"_s54", 0 0, L_0x7f583d783918;  1 drivers
v0x56374a85e9a0_0 .net *"_s58", 31 0, L_0x56374a878fd0;  1 drivers
v0x56374a85ea80_0 .net *"_s60", 0 0, L_0x56374a8796d0;  1 drivers
L_0x7f583d783960 .functor BUFT 1, C4<1>, C4<0>, C4<0>, C4<0>;
v0x56374a85eb40_0 .net/2u *"_s62", 0 0, L_0x7f583d783960;  1 drivers
L_0x7f583d7839a8 .functor BUFT 1, C4<0>, C4<0>, C4<0>, C4<0>;
v0x56374a85ec20_0 .net/2u *"_s64", 0 0, L_0x7f583d7839a8;  1 drivers
v0x56374a85ed00_0 .net "ar_wrap_en", 0 0, L_0x56374a8797c0;  1 drivers
v0x56374a85edc0_0 .net "ar_wrap_size", 31 0, L_0x56374a878f30;  1 drivers
v0x56374a85eea0_0 .net "aw_wrap_en", 0 0, L_0x56374a879420;  1 drivers
v0x56374a85ef60_0 .net "aw_wrap_size", 31 0, L_0x56374a878d30;  1 drivers
v0x56374a85f040_0 .var "axi_araddr", 31 0;
v0x56374a85f120_0 .var "axi_arburst", 1 0;
v0x56374a85f200_0 .var "axi_arlen", 7 0;
v0x56374a85f2e0_0 .var "axi_arready", 0 0;
v0x56374a85f3a0_0 .var "axi_awaddr", 31 0;
v0x56374a85f480_0 .var "axi_awburst", 1 0;
v0x56374a85f560_0 .var "axi_awlen", 7 0;
v0x56374a85f640_0 .var "axi_awready", 0 0;
v0x56374a85f700_0 .var "axi_bresp", 1 0;
v0x56374a85f7e0_0 .var "axi_bvalid", 0 0;
v0x56374a85f8a0_0 .var "axi_rdata", 31 0;
v0x56374a85f980_0 .var "axi_rlast", 0 0;
v0x56374a85fa40_0 .var "axi_rresp", 1 0;
v0x56374a85fb20_0 .var "axi_rvalid", 0 0;
v0x56374a85fbe0_0 .var "axi_wready", 0 0;
v0x56374a85fca0_0 .var "burst_read_active", 0 0;
v0x56374a85fd60_0 .var "burst_write_active", 0 0;
v0x56374a85fe20_0 .net "mem_address", 5 0, L_0x56374a8773f0;  1 drivers
v0x56374a85ff00 .array "mem_data_out", 0 0, 31 0;
v0x56374a85ffe0_0 .var "read_index", 7 0;
v0x56374a8600c0_0 .net "s_axi_aclk", 0 0, L_0x56374a78e4d0;  alias, 1 drivers
v0x56374a860160_0 .net "s_axi_araddr", 31 0, L_0x56374a876430;  alias, 1 drivers
v0x56374a860230_0 .net "s_axi_arburst", 1 0, L_0x7f583d783450;  alias, 1 drivers
v0x56374a860300_0 .net "s_axi_arcache", 3 0, L_0x7f583d7834e0;  alias, 1 drivers
v0x56374a8603d0_0 .net "s_axi_aresetn", 0 0, L_0x56374a78e160;  alias, 1 drivers
v0x56374a8604a0_0 .net "s_axi_arid", 0 0, L_0x7f583d783330;  alias, 1 drivers
v0x56374a860570_0 .net "s_axi_arlen", 7 0, L_0x7f583d7833c0;  alias, 1 drivers
v0x56374a860640_0 .net "s_axi_arlock", 0 0, L_0x7f583d783498;  alias, 1 drivers
v0x56374a860710_0 .net "s_axi_arprot", 2 0, L_0x7f583d783528;  alias, 1 drivers
v0x56374a8607e0_0 .net "s_axi_arqos", 3 0, L_0x7f583d783570;  alias, 1 drivers
v0x56374a8608b0_0 .net "s_axi_arready", 0 0, L_0x56374a878680;  alias, 1 drivers
v0x56374a860980_0 .net "s_axi_arregion", 3 0, L_0x7f583d7835b8;  alias, 1 drivers
v0x56374a860a50_0 .net "s_axi_arsize", 2 0, L_0x56374a876630;  alias, 1 drivers
v0x56374a860b20_0 .net "s_axi_arvalid", 0 0, L_0x56374a8764d0;  alias, 1 drivers
v0x56374a860bf0_0 .net "s_axi_awaddr", 31 0, L_0x56374a876110;  alias, 1 drivers
v0x56374a860cc0_0 .net "s_axi_awburst", 1 0, L_0x7f583d783138;  alias, 1 drivers
v0x56374a860d90_0 .net "s_axi_awcache", 3 0, L_0x7f583d7831c8;  alias, 1 drivers
v0x56374a860e60_0 .net "s_axi_awid", 0 0, L_0x7f583d783018;  alias, 1 drivers
v0x56374a860f30_0 .net "s_axi_awlen", 7 0, L_0x7f583d7830a8;  alias, 1 drivers
v0x56374a861000_0 .net "s_axi_awlock", 0 0, L_0x7f583d783180;  alias, 1 drivers
v0x56374a8610d0_0 .net "s_axi_awprot", 2 0, L_0x7f583d783210;  alias, 1 drivers
v0x56374a8611a0_0 .net "s_axi_awqos", 3 0, L_0x7f583d783258;  alias, 1 drivers
v0x56374a861270_0 .net "s_axi_awready", 0 0, L_0x56374a878350;  alias, 1 drivers
v0x56374a861340_0 .net "s_axi_awregion", 3 0, L_0x7f583d7832a0;  alias, 1 drivers
v0x56374a861410_0 .net "s_axi_awsize", 2 0, L_0x56374a8762f0;  alias, 1 drivers
v0x56374a8614e0_0 .net "s_axi_awvalid", 0 0, L_0x56374a7739e0;  alias, 1 drivers
v0x56374a8619c0_0 .net "s_axi_bid", 0 0, L_0x56374a878a60;  alias, 1 drivers
v0x56374a861a90_0 .net "s_axi_bready", 0 0, L_0x56374a73e8b0;  alias, 1 drivers
v0x56374a861b60_0 .net "s_axi_bresp", 1 0, v0x56374a85f700_0;  alias, 1 drivers
v0x56374a861c30_0 .net "s_axi_bvalid", 0 0, v0x56374a85f7e0_0;  alias, 1 drivers
v0x56374a861d00_0 .net "s_axi_rdata", 31 0, L_0x56374a8786f0;  alias, 1 drivers
v0x56374a861dd0_0 .net "s_axi_rid", 0 0, L_0x56374a878b60;  alias, 1 drivers
v0x56374a861ea0_0 .net "s_axi_rlast", 0 0, L_0x56374a8788a0;  alias, 1 drivers
v0x56374a861f70_0 .net "s_axi_rready", 0 0, L_0x56374a8767a0;  alias, 1 drivers
v0x56374a862040_0 .net "s_axi_rresp", 1 0, v0x56374a85fa40_0;  alias, 1 drivers
v0x56374a862110_0 .net "s_axi_rvalid", 0 0, v0x56374a85fb20_0;  alias, 1 drivers
v0x56374a8621e0_0 .net "s_axi_wdata", 31 0, v0x56374a856d20_0;  alias, 1 drivers
v0x56374a8622b0_0 .net "s_axi_wlast", 0 0, L_0x56374a773d30;  alias, 1 drivers
v0x56374a862380_0 .net "s_axi_wready", 0 0, L_0x56374a8783c0;  alias, 1 drivers
v0x56374a862450_0 .net "s_axi_wstrb", 3 0, L_0x7f583d7832e8;  alias, 1 drivers
v0x56374a862520_0 .net "s_axi_wvalid", 0 0, v0x56374a856ec0_0;  alias, 1 drivers
v0x56374a8625f0_0 .var "write_index", 7 0;
v0x56374a85ff00_0 .array/port v0x56374a85ff00, 0;
E_0x56374a774190 .event edge, v0x56374a85ff00_0;
L_0x56374a877170 .part v0x56374a85f040_0, 2, 6;
L_0x56374a877210 .part v0x56374a85f3a0_0, 2, 6;
L_0x7f583d783648 .functor BUFT 1, C4<000000>, C4<0>, C4<0>, C4<0>;
L_0x56374a8772b0 .functor MUXZ 6, L_0x7f583d783648, L_0x56374a877210, v0x56374a85fd60_0, C4<>;
L_0x56374a8773f0 .functor MUXZ 6, L_0x56374a8772b0, L_0x56374a877170, v0x56374a85fca0_0, C4<>;
L_0x56374a877610 .part v0x56374a856d20_0, 0, 8;
L_0x56374a877950 .part v0x56374a856d20_0, 8, 8;
L_0x56374a877cd0 .part v0x56374a856d20_0, 16, 8;
L_0x56374a877fc0 .part v0x56374a856d20_0, 24, 8;
L_0x56374a878c60 .concat [ 8 24 0 0], v0x56374a85f560_0, L_0x7f583d7837f8;
L_0x56374a878d30 .arith/mult 32, L_0x7f583d7837b0, L_0x56374a878c60;
L_0x56374a878e30 .concat [ 8 24 0 0], v0x56374a85f200_0, L_0x7f583d783888;
L_0x56374a878f30 .arith/mult 32, L_0x7f583d783840, L_0x56374a878e30;
L_0x56374a879120 .cmp/eq 32, L_0x56374a879040, L_0x56374a878d30;
L_0x56374a879420 .functor MUXZ 1, L_0x7f583d783918, L_0x7f583d7838d0, L_0x56374a879120, C4<>;
L_0x56374a8796d0 .cmp/eq 32, L_0x56374a878fd0, L_0x56374a878f30;
L_0x56374a8797c0 .functor MUXZ 1, L_0x7f583d7839a8, L_0x7f583d783960, L_0x56374a8796d0, C4<>;
S_0x56374a85b5e0 .scope generate, "BRAM_GEN[0]" "BRAM_GEN[0]" 5 331, 5 331 0, S_0x56374a85ab20;
 .timescale 0 0;
P_0x56374a85b7f0 .param/l "mem_index" 0 5 331, +C4<00>;
L_0x56374a877530 .functor AND 1, v0x56374a85fbe0_0, v0x56374a856ec0_0, C4<1>, C4<1>;
L_0x56374a8775a0 .functor BUFZ 1, v0x56374a85fca0_0, C4<0>, C4<0>, C4<0>;
v0x56374a85d990_0 .net "mem_rden", 0 0, L_0x56374a8775a0;  1 drivers
v0x56374a85da70_0 .net "mem_wren", 0 0, L_0x56374a877530;  1 drivers
S_0x56374a85b8d0 .scope generate, "BYTE_BRAM_GEN[0]" "BYTE_BRAM_GEN[0]" 5 338, 5 338 0, S_0x56374a85b5e0;
 .timescale 0 0;
P_0x56374a85bac0 .param/l "mem_byte_index" 0 5 338, +C4<00>;
L_0x56374a877890 .functor BUFZ 8, L_0x56374a8776b0, C4<00000000>, C4<00000000>, C4<00000000>;
v0x56374a85bba0_0 .net *"_s1", 7 0, L_0x56374a8776b0;  1 drivers
v0x56374a85bc80_0 .net *"_s3", 7 0, L_0x56374a877750;  1 drivers
L_0x7f583d783690 .functor BUFT 1, C4<00>, C4<0>, C4<0>, C4<0>;
v0x56374a85bd60_0 .net *"_s6", 1 0, L_0x7f583d783690;  1 drivers
v0x56374a85be50 .array "byte_ram", 63 0, 7 0;
v0x56374a85bf10_0 .net "data_in", 7 0, L_0x56374a877610;  1 drivers
v0x56374a85c040_0 .net "data_out", 7 0, L_0x56374a877890;  1 drivers
L_0x56374a8776b0 .array/port v0x56374a85be50, L_0x56374a877750;
L_0x56374a877750 .concat [ 6 2 0 0], L_0x56374a8773f0, L_0x7f583d783690;
S_0x56374a85c120 .scope generate, "BYTE_BRAM_GEN[1]" "BYTE_BRAM_GEN[1]" 5 338, 5 338 0, S_0x56374a85b5e0;
 .timescale 0 0;
P_0x56374a85c330 .param/l "mem_byte_index" 0 5 338, +C4<01>;
L_0x56374a877c10 .functor BUFZ 8, L_0x56374a877a30, C4<00000000>, C4<00000000>, C4<00000000>;
v0x56374a85c3f0_0 .net *"_s1", 7 0, L_0x56374a877a30;  1 drivers
v0x56374a85c4d0_0 .net *"_s3", 7 0, L_0x56374a877ad0;  1 drivers
L_0x7f583d7836d8 .functor BUFT 1, C4<00>, C4<0>, C4<0>, C4<0>;
v0x56374a85c5b0_0 .net *"_s6", 1 0, L_0x7f583d7836d8;  1 drivers
v0x56374a85c670 .array "byte_ram", 63 0, 7 0;
v0x56374a85c730_0 .net "data_in", 7 0, L_0x56374a877950;  1 drivers
v0x56374a85c860_0 .net "data_out", 7 0, L_0x56374a877c10;  1 drivers
L_0x56374a877a30 .array/port v0x56374a85c670, L_0x56374a877ad0;
L_0x56374a877ad0 .concat [ 6 2 0 0], L_0x56374a8773f0, L_0x7f583d7836d8;
S_0x56374a85c940 .scope generate, "BYTE_BRAM_GEN[2]" "BYTE_BRAM_GEN[2]" 5 338, 5 338 0, S_0x56374a85b5e0;
 .timescale 0 0;
P_0x56374a85cb30 .param/l "mem_byte_index" 0 5 338, +C4<010>;
L_0x56374a877f00 .functor BUFZ 8, L_0x56374a877d70, C4<00000000>, C4<00000000>, C4<00000000>;
v0x56374a85cbf0_0 .net *"_s1", 7 0, L_0x56374a877d70;  1 drivers
v0x56374a85ccd0_0 .net *"_s3", 7 0, L_0x56374a877e10;  1 drivers
L_0x7f583d783720 .functor BUFT 1, C4<00>, C4<0>, C4<0>, C4<0>;
v0x56374a85cdb0_0 .net *"_s6", 1 0, L_0x7f583d783720;  1 drivers
v0x56374a85cea0 .array "byte_ram", 63 0, 7 0;
v0x56374a85cf60_0 .net "data_in", 7 0, L_0x56374a877cd0;  1 drivers
v0x56374a85d090_0 .net "data_out", 7 0, L_0x56374a877f00;  1 drivers
L_0x56374a877d70 .array/port v0x56374a85cea0, L_0x56374a877e10;
L_0x56374a877e10 .concat [ 6 2 0 0], L_0x56374a8773f0, L_0x7f583d783720;
S_0x56374a85d170 .scope generate, "BYTE_BRAM_GEN[3]" "BYTE_BRAM_GEN[3]" 5 338, 5 338 0, S_0x56374a85b5e0;
 .timescale 0 0;
P_0x56374a85d360 .param/l "mem_byte_index" 0 5 338, +C4<011>;
L_0x56374a878290 .functor BUFZ 8, L_0x56374a8780b0, C4<00000000>, C4<00000000>, C4<00000000>;
v0x56374a85d440_0 .net *"_s1", 7 0, L_0x56374a8780b0;  1 drivers
v0x56374a85d520_0 .net *"_s3", 7 0, L_0x56374a878150;  1 drivers
L_0x7f583d783768 .functor BUFT 1, C4<00>, C4<0>, C4<0>, C4<0>;
v0x56374a85d600_0 .net *"_s6", 1 0, L_0x7f583d783768;  1 drivers
v0x56374a85d6c0 .array "byte_ram", 63 0, 7 0;
v0x56374a85d780_0 .net "data_in", 7 0, L_0x56374a877fc0;  1 drivers
v0x56374a85d8b0_0 .net "data_out", 7 0, L_0x56374a878290;  1 drivers
L_0x56374a8780b0 .array/port v0x56374a85d6c0, L_0x56374a878150;
L_0x56374a878150 .concat [ 6 2 0 0], L_0x56374a8773f0, L_0x7f583d783768;
S_0x56374a85db30 .scope generate, "genblk1" "genblk1" 5 323, 5 323 0, S_0x56374a85ab20;
 .timescale 0 0;
v0x56374a85dd20_0 .net *"_s0", 5 0, L_0x56374a877170;  1 drivers
v0x56374a85de00_0 .net *"_s1", 5 0, L_0x56374a877210;  1 drivers
v0x56374a85dee0_0 .net/2u *"_s2", 5 0, L_0x7f583d783648;  1 drivers
S_0x56374a865840 .scope task, "start_read" "start_read" 2 76, 2 76 0, S_0x56374a8129a0;
 .timescale -9 -12;
TD_EASY_AXI_TB.start_read ;
    %pushi/vec4 2, 0, 2;
    %store/vec4 v0x56374a865f20_0, 0, 2;
    %pushi/vec4 1, 0, 1;
    %store/vec4 v0x56374a865e30_0, 0, 1;
    %delay 50000, 0;
    %pushi/vec4 0, 0, 1;
    %store/vec4 v0x56374a865e30_0, 0, 1;
    %end;
S_0x56374a865a30 .scope task, "start_write" "start_write" 2 67, 2 67 0, S_0x56374a8129a0;
 .timescale -9 -12;
TD_EASY_AXI_TB.start_write ;
    %pushi/vec4 1, 0, 2;
    %store/vec4 v0x56374a865f20_0, 0, 2;
    %pushi/vec4 1, 0, 1;
    %store/vec4 v0x56374a865e30_0, 0, 1;
    %delay 50000, 0;
    %pushi/vec4 0, 0, 1;
    %store/vec4 v0x56374a865e30_0, 0, 1;
    %end;
    .scope S_0x56374a82ef90;
T_3 ;
    %wait E_0x56374a773f50;
    %load/vec4 v0x56374a857540_0;
    %pad/u 32;
    %cmpi/e 0, 0, 32;
    %jmp/0xz  T_3.0, 4;
    %pushi/vec4 0, 0, 1;
    %assign/vec4 v0x56374a85a020_0, 0;
    %pushi/vec4 0, 0, 1;
    %assign/vec4 v0x56374a85a0e0_0, 0;
    %jmp T_3.1;
T_3.0 ;
    %load/vec4 v0x56374a859f60_0;
    %assign/vec4 v0x56374a85a020_0, 0;
    %load/vec4 v0x56374a85a020_0;
    %assign/vec4 v0x56374a85a0e0_0, 0;
T_3.1 ;
    %jmp T_3;
    .thread T_3;
    .scope S_0x56374a82ef90;
T_4 ;
    %wait E_0x56374a773f50;
    %load/vec4 v0x56374a857540_0;
    %pad/u 32;
    %cmpi/e 0, 0, 32;
    %jmp/0xz  T_4.0, 4;
    %pushi/vec4 0, 0, 1;
    %assign/vec4 v0x56374a856ae0_0, 0;
    %jmp T_4.1;
T_4.0 ;
    %load/vec4 v0x56374a856ae0_0;
    %inv;
    %load/vec4 v0x56374a859de0_0;
    %and;
    %flag_set/vec4 8;
    %jmp/0xz  T_4.2, 8;
    %pushi/vec4 1, 0, 1;
    %assign/vec4 v0x56374a856ae0_0, 0;
    %jmp T_4.3;
T_4.2 ;
    %load/vec4 v0x56374a858670_0;
    %load/vec4 v0x56374a856ae0_0;
    %and;
    %flag_set/vec4 8;
    %jmp/0xz  T_4.4, 8;
    %pushi/vec4 0, 0, 1;
    %assign/vec4 v0x56374a856ae0_0, 0;
    %jmp T_4.5;
T_4.4 ;
    %load/vec4 v0x56374a856ae0_0;
    %assign/vec4 v0x56374a856ae0_0, 0;
T_4.5 ;
T_4.3 ;
T_4.1 ;
    %jmp T_4;
    .thread T_4;
    .scope S_0x56374a82ef90;
T_5 ;
    %wait E_0x56374a773f50;
    %load/vec4 v0x56374a857540_0;
    %pad/u 32;
    %cmpi/e 0, 0, 32;
    %jmp/0xz  T_5.0, 4;
    %pushi/vec4 0, 0, 32;
    %assign/vec4 v0x56374a856a00_0, 0;
    %jmp T_5.1;
T_5.0 ;
    %load/vec4 v0x56374a858670_0;
    %load/vec4 v0x56374a856ae0_0;
    %and;
    %flag_set/vec4 8;
    %jmp/0xz  T_5.2, 8;
    %load/vec4 v0x56374a856a00_0;
    %load/vec4 v0x56374a857040_0;
    %pad/u 32;
    %add;
    %assign/vec4 v0x56374a856a00_0, 0;
    %jmp T_5.3;
T_5.2 ;
    %load/vec4 v0x56374a856a00_0;
    %assign/vec4 v0x56374a856a00_0, 0;
T_5.3 ;
T_5.1 ;
    %jmp T_5;
    .thread T_5;
    .scope S_0x56374a82ef90;
T_6 ;
    %wait E_0x56374a773f50;
    %load/vec4 v0x56374a857540_0;
    %pad/u 32;
    %cmpi/e 0, 0, 32;
    %jmp/0xz  T_6.0, 4;
    %pushi/vec4 0, 0, 1;
    %assign/vec4 v0x56374a856ec0_0, 0;
    %jmp T_6.1;
T_6.0 ;
    %load/vec4 v0x56374a856ec0_0;
    %inv;
    %load/vec4 v0x56374a859de0_0;
    %and;
    %flag_set/vec4 8;
    %jmp/0xz  T_6.2, 8;
    %pushi/vec4 1, 0, 1;
    %assign/vec4 v0x56374a856ec0_0, 0;
    %jmp T_6.3;
T_6.2 ;
    %load/vec4 v0x56374a859370_0;
    %load/vec4 v0x56374a856ec0_0;
    %and;
    %load/vec4 v0x56374a856e00_0;
    %and;
    %flag_set/vec4 8;
    %jmp/0xz  T_6.4, 8;
    %pushi/vec4 0, 0, 1;
    %assign/vec4 v0x56374a856ec0_0, 0;
    %jmp T_6.5;
T_6.4 ;
    %load/vec4 v0x56374a856ec0_0;
    %assign/vec4 v0x56374a856ec0_0, 0;
T_6.5 ;
T_6.3 ;
T_6.1 ;
    %jmp T_6;
    .thread T_6;
    .scope S_0x56374a82ef90;
T_7 ;
    %wait E_0x56374a773f50;
    %load/vec4 v0x56374a857540_0;
    %pad/u 32;
    %cmpi/e 0, 0, 32;
    %jmp/0xz  T_7.0, 4;
    %pushi/vec4 0, 0, 1;
    %assign/vec4 v0x56374a856e00_0, 0;
    %jmp T_7.1;
T_7.0 ;
    %load/vec4 v0x56374a85a340_0;
    %pad/u 32;
    %pushi/vec4 14, 0, 32;
    %cmp/e;
    %flag_get/vec4 4;
    %pushi/vec4 1, 0, 1;
    %and;
    %load/vec4 v0x56374a859370_0;
    %load/vec4 v0x56374a856ec0_0;
    %and;
    %and;
    %flag_set/vec4 8;
    %pushi/vec4 0, 0, 1;
    %flag_set/vec4 9;
    %flag_or 9, 8;
    %jmp/0xz  T_7.2, 9;
    %pushi/vec4 1, 0, 1;
    %assign/vec4 v0x56374a856e00_0, 0;
    %jmp T_7.3;
T_7.2 ;
    %load/vec4 v0x56374a859370_0;
    %load/vec4 v0x56374a856ec0_0;
    %and;
    %flag_set/vec4 8;
    %jmp/0xz  T_7.4, 8;
    %pushi/vec4 0, 0, 1;
    %assign/vec4 v0x56374a856e00_0, 0;
    %jmp T_7.5;
T_7.4 ;
    %load/vec4 v0x56374a856e00_0;
    %pushi/vec4 0, 0, 1;
    %and;
    %flag_set/vec4 8;
    %jmp/0xz  T_7.6, 8;
    %pushi/vec4 0, 0, 1;
    %assign/vec4 v0x56374a856e00_0, 0;
    %jmp T_7.7;
T_7.6 ;
    %load/vec4 v0x56374a856e00_0;
    %assign/vec4 v0x56374a856e00_0, 0;
T_7.7 ;
T_7.5 ;
T_7.3 ;
T_7.1 ;
    %jmp T_7;
    .thread T_7;
    .scope S_0x56374a82ef90;
T_8 ;
    %wait E_0x56374a773f50;
    %load/vec4 v0x56374a857540_0;
    %pad/u 32;
    %cmpi/e 0, 0, 32;
    %flag_mov 8, 4;
    %load/vec4 v0x56374a859de0_0;
    %cmpi/e 1, 0, 1;
    %flag_or 4, 8;
    %jmp/0xz  T_8.0, 4;
    %pushi/vec4 0, 0, 5;
    %assign/vec4 v0x56374a85a340_0, 0;
    %jmp T_8.1;
T_8.0 ;
    %load/vec4 v0x56374a859370_0;
    %load/vec4 v0x56374a856ec0_0;
    %and;
    %load/vec4 v0x56374a85a340_0;
    %pad/u 32;
    %pushi/vec4 15, 0, 32;
    %cmp/e;
    %flag_get/vec4 4;
    %inv;
    %and;
    %flag_set/vec4 8;
    %jmp/0xz  T_8.2, 8;
    %load/vec4 v0x56374a85a340_0;
    %addi 1, 0, 5;
    %assign/vec4 v0x56374a85a340_0, 0;
    %jmp T_8.3;
T_8.2 ;
    %load/vec4 v0x56374a85a340_0;
    %assign/vec4 v0x56374a85a340_0, 0;
T_8.3 ;
T_8.1 ;
    %jmp T_8;
    .thread T_8;
    .scope S_0x56374a82ef90;
T_9 ;
    %wait E_0x56374a773f50;
    %load/vec4 v0x56374a857540_0;
    %pad/u 32;
    %cmpi/e 0, 0, 32;
    %jmp/0xz  T_9.0, 4;
    %pushi/vec4 0, 0, 32;
    %assign/vec4 v0x56374a856d20_0, 0;
    %jmp T_9.1;
T_9.0 ;
    %load/vec4 v0x56374a859370_0;
    %load/vec4 v0x56374a856ec0_0;
    %and;
    %flag_set/vec4 8;
    %jmp/0xz  T_9.2, 8;
    %load/vec4 v0x56374a856d20_0;
    %addi 1, 0, 32;
    %assign/vec4 v0x56374a856d20_0, 0;
    %jmp T_9.3;
T_9.2 ;
    %load/vec4 v0x56374a856d20_0;
    %assign/vec4 v0x56374a856d20_0, 0;
T_9.3 ;
T_9.1 ;
    %jmp T_9;
    .thread T_9;
    .scope S_0x56374a82ef90;
T_10 ;
    %wait E_0x56374a773f50;
    %load/vec4 v0x56374a857540_0;
    %pad/u 32;
    %cmpi/e 0, 0, 32;
    %jmp/0xz  T_10.0, 4;
    %pushi/vec4 0, 0, 1;
    %assign/vec4 v0x56374a856ba0_0, 0;
    %jmp T_10.1;
T_10.0 ;
    %load/vec4 v0x56374a858c30_0;
    %load/vec4 v0x56374a856ba0_0;
    %inv;
    %and;
    %flag_set/vec4 8;
    %jmp/0xz  T_10.2, 8;
    %pushi/vec4 1, 0, 1;
    %assign/vec4 v0x56374a856ba0_0, 0;
    %jmp T_10.3;
T_10.2 ;
    %load/vec4 v0x56374a856ba0_0;
    %flag_set/vec4 8;
    %jmp/0xz  T_10.4, 8;
    %pushi/vec4 0, 0, 1;
    %assign/vec4 v0x56374a856ba0_0, 0;
    %jmp T_10.5;
T_10.4 ;
    %load/vec4 v0x56374a856ba0_0;
    %assign/vec4 v0x56374a856ba0_0, 0;
T_10.5 ;
T_10.3 ;
T_10.1 ;
    %jmp T_10;
    .thread T_10;
    .scope S_0x56374a82ef90;
T_11 ;
    %wait E_0x56374a773f50;
    %load/vec4 v0x56374a857540_0;
    %pad/u 32;
    %cmpi/e 0, 0, 32;
    %jmp/0xz  T_11.0, 4;
    %pushi/vec4 0, 0, 1;
    %assign/vec4 v0x56374a856940_0, 0;
    %jmp T_11.1;
T_11.0 ;
    %load/vec4 v0x56374a856940_0;
    %inv;
    %load/vec4 v0x56374a859d20_0;
    %and;
    %flag_set/vec4 8;
    %jmp/0xz  T_11.2, 8;
    %pushi/vec4 1, 0, 1;
    %assign/vec4 v0x56374a856940_0, 0;
    %jmp T_11.3;
T_11.2 ;
    %load/vec4 v0x56374a857c50_0;
    %load/vec4 v0x56374a856940_0;
    %and;
    %flag_set/vec4 8;
    %jmp/0xz  T_11.4, 8;
    %pushi/vec4 0, 0, 1;
    %assign/vec4 v0x56374a856940_0, 0;
    %jmp T_11.5;
T_11.4 ;
    %load/vec4 v0x56374a856940_0;
    %assign/vec4 v0x56374a856940_0, 0;
T_11.5 ;
T_11.3 ;
T_11.1 ;
    %jmp T_11;
    .thread T_11;
    .scope S_0x56374a82ef90;
T_12 ;
    %wait E_0x56374a773f50;
    %load/vec4 v0x56374a857540_0;
    %pad/u 32;
    %cmpi/e 0, 0, 32;
    %jmp/0xz  T_12.0, 4;
    %pushi/vec4 0, 0, 32;
    %assign/vec4 v0x56374a856860_0, 0;
    %jmp T_12.1;
T_12.0 ;
    %load/vec4 v0x56374a857c50_0;
    %load/vec4 v0x56374a856940_0;
    %and;
    %flag_set/vec4 8;
    %jmp/0xz  T_12.2, 8;
    %load/vec4 v0x56374a856860_0;
    %load/vec4 v0x56374a857040_0;
    %pad/u 32;
    %add;
    %assign/vec4 v0x56374a856860_0, 0;
    %jmp T_12.3;
T_12.2 ;
    %load/vec4 v0x56374a856860_0;
    %assign/vec4 v0x56374a856860_0, 0;
T_12.3 ;
T_12.1 ;
    %jmp T_12;
    .thread T_12;
    .scope S_0x56374a82ef90;
T_13 ;
    %wait E_0x56374a773f50;
    %load/vec4 v0x56374a857540_0;
    %pad/u 32;
    %cmpi/e 0, 0, 32;
    %flag_mov 8, 4;
    %load/vec4 v0x56374a859d20_0;
    %flag_set/vec4 9;
    %flag_or 9, 8;
    %jmp/0xz  T_13.0, 9;
    %pushi/vec4 0, 0, 5;
    %assign/vec4 v0x56374a859ac0_0, 0;
    %jmp T_13.1;
T_13.0 ;
    %load/vec4 v0x56374a859110_0;
    %load/vec4 v0x56374a856c60_0;
    %and;
    %load/vec4 v0x56374a859ac0_0;
    %pad/u 32;
    %pushi/vec4 15, 0, 32;
    %cmp/e;
    %flag_get/vec4 4;
    %inv;
    %and;
    %flag_set/vec4 8;
    %jmp/0xz  T_13.2, 8;
    %load/vec4 v0x56374a859ac0_0;
    %addi 1, 0, 5;
    %assign/vec4 v0x56374a859ac0_0, 0;
    %jmp T_13.3;
T_13.2 ;
    %load/vec4 v0x56374a859ac0_0;
    %assign/vec4 v0x56374a859ac0_0, 0;
T_13.3 ;
T_13.1 ;
    %jmp T_13;
    .thread T_13;
    .scope S_0x56374a82ef90;
T_14 ;
    %wait E_0x56374a773f50;
    %load/vec4 v0x56374a857540_0;
    %pad/u 32;
    %cmpi/e 0, 0, 32;
    %jmp/0xz  T_14.0, 4;
    %pushi/vec4 0, 0, 1;
    %assign/vec4 v0x56374a856c60_0, 0;
    %jmp T_14.1;
T_14.0 ;
    %load/vec4 v0x56374a859110_0;
    %flag_set/vec4 8;
    %jmp/0xz  T_14.2, 8;
    %load/vec4 v0x56374a858eb0_0;
    %load/vec4 v0x56374a856c60_0;
    %and;
    %flag_set/vec4 8;
    %jmp/0xz  T_14.4, 8;
    %pushi/vec4 0, 0, 1;
    %assign/vec4 v0x56374a856c60_0, 0;
    %jmp T_14.5;
T_14.4 ;
    %pushi/vec4 1, 0, 1;
    %assign/vec4 v0x56374a856c60_0, 0;
T_14.5 ;
T_14.2 ;
T_14.1 ;
    %jmp T_14;
    .thread T_14;
    .scope S_0x56374a82ef90;
T_15 ;
    %wait E_0x56374a773f50;
    %load/vec4 v0x56374a857540_0;
    %cmpi/e 0, 0, 1;
    %jmp/0xz  T_15.0, 4;
    %pushi/vec4 0, 0, 2;
    %assign/vec4 v0x56374a8599e0_0, 0;
    %pushi/vec4 0, 0, 1;
    %assign/vec4 v0x56374a859de0_0, 0;
    %pushi/vec4 0, 0, 1;
    %assign/vec4 v0x56374a859d20_0, 0;
    %jmp T_15.1;
T_15.0 ;
    %load/vec4 v0x56374a8599e0_0;
    %dup/vec4;
    %pushi/vec4 0, 0, 2;
    %cmp/u;
    %jmp/1 T_15.2, 6;
    %dup/vec4;
    %pushi/vec4 1, 0, 2;
    %cmp/u;
    %jmp/1 T_15.3, 6;
    %dup/vec4;
    %pushi/vec4 2, 0, 2;
    %cmp/u;
    %jmp/1 T_15.4, 6;
    %pushi/vec4 0, 0, 2;
    %assign/vec4 v0x56374a8599e0_0, 0;
    %jmp T_15.6;
T_15.2 ;
    %load/vec4 v0x56374a85a1a0_0;
    %cmpi/e 1, 0, 1;
    %jmp/0xz  T_15.7, 4;
    %load/vec4 v0x56374a85a260_0;
    %cmpi/e 1, 0, 2;
    %jmp/0xz  T_15.9, 4;
    %pushi/vec4 1, 0, 2;
    %assign/vec4 v0x56374a8599e0_0, 0;
    %jmp T_15.10;
T_15.9 ;
    %load/vec4 v0x56374a85a260_0;
    %cmpi/e 2, 0, 2;
    %jmp/0xz  T_15.11, 4;
    %pushi/vec4 2, 0, 2;
    %assign/vec4 v0x56374a8599e0_0, 0;
    %jmp T_15.12;
T_15.11 ;
    %pushi/vec4 0, 0, 2;
    %assign/vec4 v0x56374a8599e0_0, 0;
T_15.12 ;
T_15.10 ;
    %jmp T_15.8;
T_15.7 ;
    %pushi/vec4 0, 0, 2;
    %assign/vec4 v0x56374a8599e0_0, 0;
T_15.8 ;
    %jmp T_15.6;
T_15.3 ;
    %load/vec4 v0x56374a85a4e0_0;
    %flag_set/vec4 8;
    %jmp/0xz  T_15.13, 8;
    %pushi/vec4 0, 0, 2;
    %assign/vec4 v0x56374a8599e0_0, 0;
    %jmp T_15.14;
T_15.13 ;
    %pushi/vec4 1, 0, 2;
    %assign/vec4 v0x56374a8599e0_0, 0;
    %load/vec4 v0x56374a857120_0;
    %inv;
    %flag_set/vec4 8;
    %jmp/0xz  T_15.15, 8;
    %pushi/vec4 1, 0, 1;
    %assign/vec4 v0x56374a859de0_0, 0;
    %jmp T_15.16;
T_15.15 ;
    %pushi/vec4 0, 0, 1;
    %assign/vec4 v0x56374a859de0_0, 0;
T_15.16 ;
T_15.14 ;
    %jmp T_15.6;
T_15.4 ;
    %load/vec4 v0x56374a859c60_0;
    %flag_set/vec4 8;
    %jmp/0xz  T_15.17, 8;
    %pushi/vec4 0, 0, 2;
    %assign/vec4 v0x56374a8599e0_0, 0;
    %jmp T_15.18;
T_15.17 ;
    %pushi/vec4 2, 0, 2;
    %assign/vec4 v0x56374a8599e0_0, 0;
    %load/vec4 v0x56374a856f80_0;
    %inv;
    %flag_set/vec4 8;
    %jmp/0xz  T_15.19, 8;
    %pushi/vec4 1, 0, 1;
    %assign/vec4 v0x56374a859d20_0, 0;
    %jmp T_15.20;
T_15.19 ;
    %pushi/vec4 0, 0, 1;
    %assign/vec4 v0x56374a859d20_0, 0;
T_15.20 ;
T_15.18 ;
    %jmp T_15.6;
T_15.6 ;
    %pop/vec4 1;
T_15.1 ;
    %jmp T_15;
    .thread T_15;
    .scope S_0x56374a82ef90;
T_16 ;
    %wait E_0x56374a773f50;
    %load/vec4 v0x56374a857540_0;
    %pad/u 32;
    %cmpi/e 0, 0, 32;
    %jmp/0xz  T_16.0, 4;
    %pushi/vec4 0, 0, 1;
    %assign/vec4 v0x56374a857120_0, 0;
    %jmp T_16.1;
T_16.0 ;
    %load/vec4 v0x56374a859de0_0;
    %flag_set/vec4 8;
    %jmp/0xz  T_16.2, 8;
    %pushi/vec4 1, 0, 1;
    %assign/vec4 v0x56374a857120_0, 0;
    %jmp T_16.3;
T_16.2 ;
    %load/vec4 v0x56374a858c30_0;
    %load/vec4 v0x56374a856ba0_0;
    %and;
    %flag_set/vec4 8;
    %jmp/0xz  T_16.4, 8;
    %pushi/vec4 0, 0, 1;
    %assign/vec4 v0x56374a857120_0, 0;
T_16.4 ;
T_16.3 ;
T_16.1 ;
    %jmp T_16;
    .thread T_16;
    .scope S_0x56374a82ef90;
T_17 ;
    %wait E_0x56374a773f50;
    %load/vec4 v0x56374a857540_0;
    %pad/u 32;
    %cmpi/e 0, 0, 32;
    %jmp/0xz  T_17.0, 4;
    %pushi/vec4 0, 0, 1;
    %assign/vec4 v0x56374a85a4e0_0, 0;
    %jmp T_17.1;
T_17.0 ;
    %load/vec4 v0x56374a858c30_0;
    %load/vec4 v0x56374a856ba0_0;
    %and;
    %flag_set/vec4 8;
    %jmp/0xz  T_17.2, 8;
    %pushi/vec4 1, 0, 1;
    %assign/vec4 v0x56374a85a4e0_0, 0;
    %jmp T_17.3;
T_17.2 ;
    %pushi/vec4 0, 0, 1;
    %assign/vec4 v0x56374a85a4e0_0, 0;
T_17.3 ;
T_17.1 ;
    %jmp T_17;
    .thread T_17;
    .scope S_0x56374a82ef90;
T_18 ;
    %wait E_0x56374a773f50;
    %load/vec4 v0x56374a857540_0;
    %pad/u 32;
    %cmpi/e 0, 0, 32;
    %jmp/0xz  T_18.0, 4;
    %pushi/vec4 0, 0, 1;
    %assign/vec4 v0x56374a856f80_0, 0;
    %jmp T_18.1;
T_18.0 ;
    %load/vec4 v0x56374a859d20_0;
    %flag_set/vec4 8;
    %jmp/0xz  T_18.2, 8;
    %pushi/vec4 1, 0, 1;
    %assign/vec4 v0x56374a856f80_0, 0;
    %jmp T_18.3;
T_18.2 ;
    %load/vec4 v0x56374a859110_0;
    %load/vec4 v0x56374a856c60_0;
    %and;
    %load/vec4 v0x56374a858eb0_0;
    %and;
    %flag_set/vec4 8;
    %jmp/0xz  T_18.4, 8;
    %pushi/vec4 0, 0, 1;
    %assign/vec4 v0x56374a856f80_0, 0;
T_18.4 ;
T_18.3 ;
T_18.1 ;
    %jmp T_18;
    .thread T_18;
    .scope S_0x56374a82ef90;
T_19 ;
    %wait E_0x56374a773f50;
    %load/vec4 v0x56374a857540_0;
    %pad/u 32;
    %cmpi/e 0, 0, 32;
    %jmp/0xz  T_19.0, 4;
    %pushi/vec4 0, 0, 1;
    %assign/vec4 v0x56374a859c60_0, 0;
    %jmp T_19.1;
T_19.0 ;
    %load/vec4 v0x56374a859110_0;
    %load/vec4 v0x56374a856c60_0;
    %and;
    %load/vec4 v0x56374a858eb0_0;
    %and;
    %flag_set/vec4 8;
    %jmp/0xz  T_19.2, 8;
    %pushi/vec4 1, 0, 1;
    %assign/vec4 v0x56374a859c60_0, 0;
    %jmp T_19.3;
T_19.2 ;
    %pushi/vec4 0, 0, 1;
    %assign/vec4 v0x56374a859c60_0, 0;
T_19.3 ;
T_19.1 ;
    %jmp T_19;
    .thread T_19;
    .scope S_0x56374a85b8d0;
T_20 ;
    %wait E_0x56374a773f50;
    %load/vec4 v0x56374a85da70_0;
    %load/vec4 v0x56374a862450_0;
    %parti/s 1, 0, 2;
    %and;
    %flag_set/vec4 8;
    %jmp/0xz  T_20.0, 8;
    %load/vec4 v0x56374a85bf10_0;
    %load/vec4 v0x56374a85fe20_0;
    %pad/u 8;
    %ix/vec4 3;
    %ix/load 4, 0, 0; Constant delay
    %assign/vec4/a/d v0x56374a85be50, 0, 4;
T_20.0 ;
    %jmp T_20;
    .thread T_20;
    .scope S_0x56374a85b8d0;
T_21 ;
    %wait E_0x56374a773f50;
    %load/vec4 v0x56374a85d990_0;
    %flag_set/vec4 8;
    %jmp/0xz  T_21.0, 8;
    %load/vec4 v0x56374a85c040_0;
    %ix/load 3, 0, 0;
    %flag_set/imm 4, 0;
    %ix/load 4, 0, 0; Constant delay
    %assign/vec4/a/d v0x56374a85ff00, 0, 4;
T_21.0 ;
    %jmp T_21;
    .thread T_21;
    .scope S_0x56374a85c120;
T_22 ;
    %wait E_0x56374a773f50;
    %load/vec4 v0x56374a85da70_0;
    %load/vec4 v0x56374a862450_0;
    %parti/s 1, 1, 2;
    %and;
    %flag_set/vec4 8;
    %jmp/0xz  T_22.0, 8;
    %load/vec4 v0x56374a85c730_0;
    %load/vec4 v0x56374a85fe20_0;
    %pad/u 8;
    %ix/vec4 3;
    %ix/load 4, 0, 0; Constant delay
    %assign/vec4/a/d v0x56374a85c670, 0, 4;
T_22.0 ;
    %jmp T_22;
    .thread T_22;
    .scope S_0x56374a85c120;
T_23 ;
    %wait E_0x56374a773f50;
    %load/vec4 v0x56374a85d990_0;
    %flag_set/vec4 8;
    %jmp/0xz  T_23.0, 8;
    %load/vec4 v0x56374a85c860_0;
    %ix/load 3, 0, 0;
    %flag_set/imm 4, 0;
    %ix/load 4, 8, 0; part off
    %ix/load 5, 0, 0; Constant delay
    %assign/vec4/a/d v0x56374a85ff00, 4, 5;
T_23.0 ;
    %jmp T_23;
    .thread T_23;
    .scope S_0x56374a85c940;
T_24 ;
    %wait E_0x56374a773f50;
    %load/vec4 v0x56374a85da70_0;
    %load/vec4 v0x56374a862450_0;
    %parti/s 1, 2, 3;
    %and;
    %flag_set/vec4 8;
    %jmp/0xz  T_24.0, 8;
    %load/vec4 v0x56374a85cf60_0;
    %load/vec4 v0x56374a85fe20_0;
    %pad/u 8;
    %ix/vec4 3;
    %ix/load 4, 0, 0; Constant delay
    %assign/vec4/a/d v0x56374a85cea0, 0, 4;
T_24.0 ;
    %jmp T_24;
    .thread T_24;
    .scope S_0x56374a85c940;
T_25 ;
    %wait E_0x56374a773f50;
    %load/vec4 v0x56374a85d990_0;
    %flag_set/vec4 8;
    %jmp/0xz  T_25.0, 8;
    %load/vec4 v0x56374a85d090_0;
    %ix/load 3, 0, 0;
    %flag_set/imm 4, 0;
    %ix/load 4, 16, 0; part off
    %ix/load 5, 0, 0; Constant delay
    %assign/vec4/a/d v0x56374a85ff00, 4, 5;
T_25.0 ;
    %jmp T_25;
    .thread T_25;
    .scope S_0x56374a85d170;
T_26 ;
    %wait E_0x56374a773f50;
    %load/vec4 v0x56374a85da70_0;
    %load/vec4 v0x56374a862450_0;
    %parti/s 1, 3, 3;
    %and;
    %flag_set/vec4 8;
    %jmp/0xz  T_26.0, 8;
    %load/vec4 v0x56374a85d780_0;
    %load/vec4 v0x56374a85fe20_0;
    %pad/u 8;
    %ix/vec4 3;
    %ix/load 4, 0, 0; Constant delay
    %assign/vec4/a/d v0x56374a85d6c0, 0, 4;
T_26.0 ;
    %jmp T_26;
    .thread T_26;
    .scope S_0x56374a85d170;
T_27 ;
    %wait E_0x56374a773f50;
    %load/vec4 v0x56374a85d990_0;
    %flag_set/vec4 8;
    %jmp/0xz  T_27.0, 8;
    %load/vec4 v0x56374a85d8b0_0;
    %ix/load 3, 0, 0;
    %flag_set/imm 4, 0;
    %ix/load 4, 24, 0; part off
    %ix/load 5, 0, 0; Constant delay
    %assign/vec4/a/d v0x56374a85ff00, 4, 5;
T_27.0 ;
    %jmp T_27;
    .thread T_27;
    .scope S_0x56374a85ab20;
T_28 ;
    %wait E_0x56374a773f50;
    %load/vec4 v0x56374a8603d0_0;
    %cmpi/e 0, 0, 1;
    %jmp/0xz  T_28.0, 4;
    %pushi/vec4 0, 0, 1;
    %assign/vec4 v0x56374a85f640_0, 0;
    %pushi/vec4 0, 0, 1;
    %assign/vec4 v0x56374a85fd60_0, 0;
    %jmp T_28.1;
T_28.0 ;
    %load/vec4 v0x56374a85f640_0;
    %inv;
    %load/vec4 v0x56374a8614e0_0;
    %and;
    %load/vec4 v0x56374a85fd60_0;
    %inv;
    %and;
    %load/vec4 v0x56374a85fca0_0;
    %inv;
    %and;
    %flag_set/vec4 8;
    %jmp/0xz  T_28.2, 8;
    %pushi/vec4 1, 0, 1;
    %assign/vec4 v0x56374a85f640_0, 0;
    %pushi/vec4 1, 0, 1;
    %assign/vec4 v0x56374a85fd60_0, 0;
    %jmp T_28.3;
T_28.2 ;
    %load/vec4 v0x56374a8622b0_0;
    %load/vec4 v0x56374a85fbe0_0;
    %and;
    %flag_set/vec4 8;
    %jmp/0xz  T_28.4, 8;
    %pushi/vec4 0, 0, 1;
    %assign/vec4 v0x56374a85fd60_0, 0;
    %jmp T_28.5;
T_28.4 ;
    %pushi/vec4 0, 0, 1;
    %assign/vec4 v0x56374a85f640_0, 0;
T_28.5 ;
T_28.3 ;
T_28.1 ;
    %jmp T_28;
    .thread T_28;
    .scope S_0x56374a85ab20;
T_29 ;
    %wait E_0x56374a773f50;
    %load/vec4 v0x56374a8603d0_0;
    %cmpi/e 0, 0, 1;
    %jmp/0xz  T_29.0, 4;
    %pushi/vec4 0, 0, 32;
    %assign/vec4 v0x56374a85f3a0_0, 0;
    %pushi/vec4 0, 0, 8;
    %assign/vec4 v0x56374a8625f0_0, 0;
    %pushi/vec4 0, 0, 2;
    %assign/vec4 v0x56374a85f480_0, 0;
    %pushi/vec4 0, 0, 8;
    %assign/vec4 v0x56374a85f560_0, 0;
    %jmp T_29.1;
T_29.0 ;
    %load/vec4 v0x56374a85f640_0;
    %inv;
    %load/vec4 v0x56374a8614e0_0;
    %and;
    %load/vec4 v0x56374a85fd60_0;
    %inv;
    %and;
    %flag_set/vec4 8;
    %jmp/0xz  T_29.2, 8;
    %load/vec4 v0x56374a860bf0_0;
    %assign/vec4 v0x56374a85f3a0_0, 0;
    %load/vec4 v0x56374a860cc0_0;
    %assign/vec4 v0x56374a85f480_0, 0;
    %load/vec4 v0x56374a860f30_0;
    %assign/vec4 v0x56374a85f560_0, 0;
    %pushi/vec4 0, 0, 8;
    %assign/vec4 v0x56374a8625f0_0, 0;
    %jmp T_29.3;
T_29.2 ;
    %load/vec4 v0x56374a8625f0_0;
    %load/vec4 v0x56374a85f560_0;
    %cmp/u;
    %flag_get/vec4 4;
    %flag_get/vec4 5;
    %or;
    %load/vec4 v0x56374a85fbe0_0;
    %and;
    %load/vec4 v0x56374a862520_0;
    %and;
    %flag_set/vec4 8;
    %jmp/0xz  T_29.4, 8;
    %load/vec4 v0x56374a8625f0_0;
    %addi 1, 0, 8;
    %assign/vec4 v0x56374a8625f0_0, 0;
    %load/vec4 v0x56374a85f480_0;
    %dup/vec4;
    %pushi/vec4 0, 0, 2;
    %cmp/u;
    %jmp/1 T_29.6, 6;
    %dup/vec4;
    %pushi/vec4 1, 0, 2;
    %cmp/u;
    %jmp/1 T_29.7, 6;
    %dup/vec4;
    %pushi/vec4 2, 0, 2;
    %cmp/u;
    %jmp/1 T_29.8, 6;
    %load/vec4 v0x56374a85f3a0_0;
    %parti/s 30, 2, 3;
    %pad/u 32;
    %addi 1, 0, 32;
    %assign/vec4 v0x56374a85f3a0_0, 0;
    %jmp T_29.10;
T_29.6 ;
    %load/vec4 v0x56374a85f3a0_0;
    %assign/vec4 v0x56374a85f3a0_0, 0;
    %jmp T_29.10;
T_29.7 ;
    %load/vec4 v0x56374a85f3a0_0;
    %parti/s 30, 2, 3;
    %addi 1, 0, 30;
    %ix/load 4, 2, 0;
    %ix/load 5, 0, 0;
    %flag_set/imm 4, 0;
    %assign/vec4/off/d v0x56374a85f3a0_0, 4, 5;
    %pushi/vec4 0, 0, 2;
    %ix/load 4, 0, 0;
    %ix/load 5, 0, 0;
    %flag_set/imm 4, 0;
    %assign/vec4/off/d v0x56374a85f3a0_0, 4, 5;
    %jmp T_29.10;
T_29.8 ;
    %load/vec4 v0x56374a85eea0_0;
    %flag_set/vec4 8;
    %jmp/0xz  T_29.11, 8;
    %load/vec4 v0x56374a85f3a0_0;
    %load/vec4 v0x56374a85ef60_0;
    %sub;
    %assign/vec4 v0x56374a85f3a0_0, 0;
    %jmp T_29.12;
T_29.11 ;
    %load/vec4 v0x56374a85f3a0_0;
    %parti/s 30, 2, 3;
    %addi 1, 0, 30;
    %ix/load 4, 2, 0;
    %ix/load 5, 0, 0;
    %flag_set/imm 4, 0;
    %assign/vec4/off/d v0x56374a85f3a0_0, 4, 5;
    %pushi/vec4 0, 0, 2;
    %ix/load 4, 0, 0;
    %ix/load 5, 0, 0;
    %flag_set/imm 4, 0;
    %assign/vec4/off/d v0x56374a85f3a0_0, 4, 5;
T_29.12 ;
    %jmp T_29.10;
T_29.10 ;
    %pop/vec4 1;
T_29.4 ;
T_29.3 ;
T_29.1 ;
    %jmp T_29;
    .thread T_29;
    .scope S_0x56374a85ab20;
T_30 ;
    %wait E_0x56374a773f50;
    %load/vec4 v0x56374a8603d0_0;
    %cmpi/e 0, 0, 1;
    %jmp/0xz  T_30.0, 4;
    %pushi/vec4 0, 0, 1;
    %assign/vec4 v0x56374a85fbe0_0, 0;
    %jmp T_30.1;
T_30.0 ;
    %load/vec4 v0x56374a85fbe0_0;
    %inv;
    %load/vec4 v0x56374a862520_0;
    %and;
    %load/vec4 v0x56374a85fd60_0;
    %and;
    %flag_set/vec4 8;
    %jmp/0xz  T_30.2, 8;
    %pushi/vec4 1, 0, 1;
    %assign/vec4 v0x56374a85fbe0_0, 0;
    %jmp T_30.3;
T_30.2 ;
    %load/vec4 v0x56374a8622b0_0;
    %load/vec4 v0x56374a85fbe0_0;
    %and;
    %flag_set/vec4 8;
    %jmp/0xz  T_30.4, 8;
    %pushi/vec4 0, 0, 1;
    %assign/vec4 v0x56374a85fbe0_0, 0;
T_30.4 ;
T_30.3 ;
T_30.1 ;
    %jmp T_30;
    .thread T_30;
    .scope S_0x56374a85ab20;
T_31 ;
    %wait E_0x56374a773f50;
    %load/vec4 v0x56374a8603d0_0;
    %cmpi/e 0, 0, 1;
    %jmp/0xz  T_31.0, 4;
    %pushi/vec4 0, 0, 1;
    %assign/vec4 v0x56374a85f7e0_0, 0;
    %pushi/vec4 0, 0, 2;
    %assign/vec4 v0x56374a85f700_0, 0;
    %jmp T_31.1;
T_31.0 ;
    %load/vec4 v0x56374a85fd60_0;
    %load/vec4 v0x56374a85fbe0_0;
    %and;
    %load/vec4 v0x56374a862520_0;
    %and;
    %load/vec4 v0x56374a85f7e0_0;
    %inv;
    %and;
    %load/vec4 v0x56374a8622b0_0;
    %and;
    %flag_set/vec4 8;
    %jmp/0xz  T_31.2, 8;
    %pushi/vec4 1, 0, 1;
    %assign/vec4 v0x56374a85f7e0_0, 0;
    %pushi/vec4 0, 0, 2;
    %assign/vec4 v0x56374a85f700_0, 0;
    %jmp T_31.3;
T_31.2 ;
    %load/vec4 v0x56374a861a90_0;
    %load/vec4 v0x56374a85f7e0_0;
    %and;
    %flag_set/vec4 8;
    %jmp/0xz  T_31.4, 8;
    %pushi/vec4 0, 0, 1;
    %assign/vec4 v0x56374a85f7e0_0, 0;
T_31.4 ;
T_31.3 ;
T_31.1 ;
    %jmp T_31;
    .thread T_31;
    .scope S_0x56374a85ab20;
T_32 ;
    %wait E_0x56374a773f50;
    %load/vec4 v0x56374a8603d0_0;
    %cmpi/e 0, 0, 1;
    %jmp/0xz  T_32.0, 4;
    %pushi/vec4 0, 0, 1;
    %assign/vec4 v0x56374a85f2e0_0, 0;
    %pushi/vec4 0, 0, 1;
    %assign/vec4 v0x56374a85fca0_0, 0;
    %jmp T_32.1;
T_32.0 ;
    %load/vec4 v0x56374a85f2e0_0;
    %inv;
    %load/vec4 v0x56374a860b20_0;
    %and;
    %load/vec4 v0x56374a85fd60_0;
    %inv;
    %and;
    %load/vec4 v0x56374a85fca0_0;
    %inv;
    %and;
    %flag_set/vec4 8;
    %jmp/0xz  T_32.2, 8;
    %pushi/vec4 1, 0, 1;
    %assign/vec4 v0x56374a85f2e0_0, 0;
    %pushi/vec4 1, 0, 1;
    %assign/vec4 v0x56374a85fca0_0, 0;
    %jmp T_32.3;
T_32.2 ;
    %load/vec4 v0x56374a85fb20_0;
    %load/vec4 v0x56374a861f70_0;
    %and;
    %load/vec4 v0x56374a85ffe0_0;
    %load/vec4 v0x56374a85f200_0;
    %cmp/e;
    %flag_get/vec4 4;
    %and;
    %flag_set/vec4 8;
    %jmp/0xz  T_32.4, 8;
    %pushi/vec4 0, 0, 1;
    %assign/vec4 v0x56374a85fca0_0, 0;
    %jmp T_32.5;
T_32.4 ;
    %pushi/vec4 0, 0, 1;
    %assign/vec4 v0x56374a85f2e0_0, 0;
T_32.5 ;
T_32.3 ;
T_32.1 ;
    %jmp T_32;
    .thread T_32;
    .scope S_0x56374a85ab20;
T_33 ;
    %wait E_0x56374a773f50;
    %load/vec4 v0x56374a8603d0_0;
    %cmpi/e 0, 0, 1;
    %jmp/0xz  T_33.0, 4;
    %pushi/vec4 0, 0, 32;
    %assign/vec4 v0x56374a85f040_0, 0;
    %pushi/vec4 0, 0, 8;
    %assign/vec4 v0x56374a85ffe0_0, 0;
    %pushi/vec4 0, 0, 2;
    %assign/vec4 v0x56374a85f120_0, 0;
    %pushi/vec4 0, 0, 8;
    %assign/vec4 v0x56374a85f200_0, 0;
    %pushi/vec4 0, 0, 1;
    %assign/vec4 v0x56374a85f980_0, 0;
    %jmp T_33.1;
T_33.0 ;
    %load/vec4 v0x56374a85f2e0_0;
    %inv;
    %load/vec4 v0x56374a860b20_0;
    %and;
    %load/vec4 v0x56374a85fca0_0;
    %inv;
    %and;
    %flag_set/vec4 8;
    %jmp/0xz  T_33.2, 8;
    %load/vec4 v0x56374a860160_0;
    %assign/vec4 v0x56374a85f040_0, 0;
    %load/vec4 v0x56374a860230_0;
    %assign/vec4 v0x56374a85f120_0, 0;
    %load/vec4 v0x56374a860570_0;
    %assign/vec4 v0x56374a85f200_0, 0;
    %pushi/vec4 0, 0, 8;
    %assign/vec4 v0x56374a85ffe0_0, 0;
    %pushi/vec4 0, 0, 1;
    %assign/vec4 v0x56374a85f980_0, 0;
    %jmp T_33.3;
T_33.2 ;
    %load/vec4 v0x56374a85ffe0_0;
    %load/vec4 v0x56374a85f200_0;
    %cmp/u;
    %flag_get/vec4 4;
    %flag_get/vec4 5;
    %or;
    %load/vec4 v0x56374a85fb20_0;
    %and;
    %load/vec4 v0x56374a861f70_0;
    %and;
    %flag_set/vec4 8;
    %jmp/0xz  T_33.4, 8;
    %load/vec4 v0x56374a85ffe0_0;
    %addi 1, 0, 8;
    %assign/vec4 v0x56374a85ffe0_0, 0;
    %pushi/vec4 0, 0, 1;
    %assign/vec4 v0x56374a85f980_0, 0;
    %load/vec4 v0x56374a85f120_0;
    %dup/vec4;
    %pushi/vec4 0, 0, 2;
    %cmp/u;
    %jmp/1 T_33.6, 6;
    %dup/vec4;
    %pushi/vec4 1, 0, 2;
    %cmp/u;
    %jmp/1 T_33.7, 6;
    %dup/vec4;
    %pushi/vec4 2, 0, 2;
    %cmp/u;
    %jmp/1 T_33.8, 6;
    %load/vec4 v0x56374a85f040_0;
    %parti/s 30, 2, 3;
    %pad/u 32;
    %addi 1, 0, 32;
    %assign/vec4 v0x56374a85f040_0, 0;
    %jmp T_33.10;
T_33.6 ;
    %load/vec4 v0x56374a85f040_0;
    %assign/vec4 v0x56374a85f040_0, 0;
    %jmp T_33.10;
T_33.7 ;
    %load/vec4 v0x56374a85f040_0;
    %parti/s 30, 2, 3;
    %addi 1, 0, 30;
    %ix/load 4, 2, 0;
    %ix/load 5, 0, 0;
    %flag_set/imm 4, 0;
    %assign/vec4/off/d v0x56374a85f040_0, 4, 5;
    %pushi/vec4 0, 0, 2;
    %ix/load 4, 0, 0;
    %ix/load 5, 0, 0;
    %flag_set/imm 4, 0;
    %assign/vec4/off/d v0x56374a85f040_0, 4, 5;
    %jmp T_33.10;
T_33.8 ;
    %load/vec4 v0x56374a85ed00_0;
    %flag_set/vec4 8;
    %jmp/0xz  T_33.11, 8;
    %load/vec4 v0x56374a85f040_0;
    %load/vec4 v0x56374a85edc0_0;
    %sub;
    %assign/vec4 v0x56374a85f040_0, 0;
    %jmp T_33.12;
T_33.11 ;
    %load/vec4 v0x56374a85f040_0;
    %parti/s 30, 2, 3;
    %addi 1, 0, 30;
    %ix/load 4, 2, 0;
    %ix/load 5, 0, 0;
    %flag_set/imm 4, 0;
    %assign/vec4/off/d v0x56374a85f040_0, 4, 5;
    %pushi/vec4 0, 0, 2;
    %ix/load 4, 0, 0;
    %ix/load 5, 0, 0;
    %flag_set/imm 4, 0;
    %assign/vec4/off/d v0x56374a85f040_0, 4, 5;
T_33.12 ;
    %jmp T_33.10;
T_33.10 ;
    %pop/vec4 1;
    %jmp T_33.5;
T_33.4 ;
    %load/vec4 v0x56374a85ffe0_0;
    %load/vec4 v0x56374a85f200_0;
    %cmp/e;
    %flag_get/vec4 4;
    %load/vec4 v0x56374a85f980_0;
    %inv;
    %and;
    %load/vec4 v0x56374a85fca0_0;
    %and;
    %flag_set/vec4 8;
    %jmp/0xz  T_33.13, 8;
    %pushi/vec4 1, 0, 1;
    %assign/vec4 v0x56374a85f980_0, 0;
    %jmp T_33.14;
T_33.13 ;
    %load/vec4 v0x56374a861f70_0;
    %flag_set/vec4 8;
    %jmp/0xz  T_33.15, 8;
    %pushi/vec4 0, 0, 1;
    %assign/vec4 v0x56374a85f980_0, 0;
T_33.15 ;
T_33.14 ;
T_33.5 ;
T_33.3 ;
T_33.1 ;
    %jmp T_33;
    .thread T_33;
    .scope S_0x56374a85ab20;
T_34 ;
    %wait E_0x56374a773f50;
    %load/vec4 v0x56374a8603d0_0;
    %cmpi/e 0, 0, 1;
    %jmp/0xz  T_34.0, 4;
    %pushi/vec4 0, 0, 1;
    %assign/vec4 v0x56374a85fb20_0, 0;
    %pushi/vec4 0, 0, 2;
    %assign/vec4 v0x56374a85fa40_0, 0;
    %jmp T_34.1;
T_34.0 ;
    %load/vec4 v0x56374a85fca0_0;
    %load/vec4 v0x56374a85fb20_0;
    %inv;
    %and;
    %flag_set/vec4 8;
    %jmp/0xz  T_34.2, 8;
    %pushi/vec4 1, 0, 1;
    %assign/vec4 v0x56374a85fb20_0, 0;
    %pushi/vec4 0, 0, 2;
    %assign/vec4 v0x56374a85fa40_0, 0;
    %jmp T_34.3;
T_34.2 ;
    %load/vec4 v0x56374a85fb20_0;
    %load/vec4 v0x56374a861f70_0;
    %and;
    %flag_set/vec4 8;
    %jmp/0xz  T_34.4, 8;
    %pushi/vec4 0, 0, 1;
    %assign/vec4 v0x56374a85fb20_0, 0;
T_34.4 ;
T_34.3 ;
T_34.1 ;
    %jmp T_34;
    .thread T_34;
    .scope S_0x56374a85ab20;
T_35 ;
    %wait E_0x56374a774190;
    %load/vec4 v0x56374a85fb20_0;
    %flag_set/vec4 8;
    %jmp/0xz  T_35.0, 8;
    %ix/load 4, 0, 0;
    %flag_set/imm 4, 0;
    %load/vec4a v0x56374a85ff00, 4;
    %assign/vec4 v0x56374a85f8a0_0, 0;
    %jmp T_35.1;
T_35.0 ;
    %pushi/vec4 0, 0, 32;
    %assign/vec4 v0x56374a85f8a0_0, 0;
T_35.1 ;
    %jmp T_35;
    .thread T_35, $push;
    .scope S_0x56374a8129a0;
T_36 ;
    %pushi/vec4 0, 0, 1;
    %store/vec4 v0x56374a865c00_0, 0, 1;
T_36.0 ;
    %delay 5000, 0;
    %load/vec4 v0x56374a865c00_0;
    %inv;
    %store/vec4 v0x56374a865c00_0, 0, 1;
    %jmp T_36.0;
    %end;
    .thread T_36;
    .scope S_0x56374a8129a0;
T_37 ;
    %pushi/vec4 0, 0, 1;
    %store/vec4 v0x56374a865ca0_0, 0, 1;
    %pushi/vec4 0, 0, 1;
    %store/vec4 v0x56374a865e30_0, 0, 1;
    %pushi/vec4 0, 0, 2;
    %store/vec4 v0x56374a865f20_0, 0, 2;
    %delay 50000, 0;
    %pushi/vec4 1, 0, 1;
    %store/vec4 v0x56374a865ca0_0, 0, 1;
    %delay 100000, 0;
    %fork TD_EASY_AXI_TB.start_write, S_0x56374a865a30;
    %join;
    %delay 500000, 0;
    %fork TD_EASY_AXI_TB.start_write, S_0x56374a865a30;
    %join;
    %delay 500000, 0;
    %fork TD_EASY_AXI_TB.start_read, S_0x56374a865840;
    %join;
    %delay 500000, 0;
    %fork TD_EASY_AXI_TB.start_read, S_0x56374a865840;
    %join;
    %delay 500000, 0;
    %fork TD_EASY_AXI_TB.start_write, S_0x56374a865a30;
    %join;
    %delay 500000, 0;
    %fork TD_EASY_AXI_TB.start_read, S_0x56374a865840;
    %join;
    %delay 500000, 0;
    %fork TD_EASY_AXI_TB.start_read, S_0x56374a865840;
    %join;
    %delay 500000, 0;
    %vpi_call 2 50 "$stop" {0 0 0};
    %end;
    .thread T_37;
    .scope S_0x56374a8129a0;
T_38 ;
    %vpi_call 2 86 "$dumpfile", "easy_axi_tb.vcd" {0 0 0};
    %vpi_call 2 87 "$dumpvars" {0 0 0};
    %end;
    .thread T_38;
# The file index is used to find the file name in the following table.
:file_names 6;
    "N/A";
    "<interactive>";
    "./easy_axi_tb.v";
    "./easy_axi.v";
    "./m_axi.v";
    "./s_axi.v";
