#! /usr/bin/vvp
:ivl_version "10.1 (stable)";
:ivl_delay_selection "TYPICAL";
:vpi_time_precision - 12;
:vpi_module "system";
:vpi_module "vhdl_sys";
:vpi_module "v2005_math";
:vpi_module "va_math";
S_0x562e4a8c0af0 .scope module, "AXI_TB" "AXI_TB" 2 16;
 .timescale -9 -12;
P_0x562e4a95a8d0 .param/l "AXI_ADDR_WIDTH" 0 2 20, +C4<00000000000000000000000000100000>;
P_0x562e4a95a910 .param/l "AXI_ARUSER_WIDTH" 0 2 23, +C4<00000000000000000000000000000000>;
P_0x562e4a95a950 .param/l "AXI_AWUSER_WIDTH" 0 2 22, +C4<00000000000000000000000000000000>;
P_0x562e4a95a990 .param/l "AXI_BURST_LEN" 0 2 18, +C4<00000000000000000000000000010000>;
P_0x562e4a95a9d0 .param/l "AXI_BUSER_WIDTH" 0 2 26, +C4<00000000000000000000000000000000>;
P_0x562e4a95aa10 .param/l "AXI_DATA_WIDTH" 0 2 21, +C4<00000000000000000000000000100000>;
P_0x562e4a95aa50 .param/l "AXI_ID_WIDTH" 0 2 19, +C4<00000000000000000000000000000001>;
P_0x562e4a95aa90 .param/l "AXI_RUSER_WIDTH" 0 2 25, +C4<00000000000000000000000000000000>;
P_0x562e4a95aad0 .param/l "AXI_WUSER_WIDTH" 0 2 24, +C4<00000000000000000000000000000000>;
P_0x562e4a95ab10 .param/l "TARGET_SLAVE_BASE_ADDR" 0 2 17, C4<01000000000000000000000000000000>;
L_0x562e4a8e69c0 .functor BUFZ 1, v0x562e4a97f250_0, C4<0>, C4<0>, C4<0>;
L_0x562e4a8e83d0 .functor BUFZ 1, v0x562e4a97f2f0_0, C4<0>, C4<0>, C4<0>;
v0x562e4a97c2c0_0 .net "AXI_ACLK", 0 0, L_0x562e4a8e69c0;  1 drivers
v0x562e4a97c380_0 .net "AXI_ARADDR", 31 0, L_0x562e4a98f6e0;  1 drivers
L_0x7f567b8e8498 .functor BUFT 1, C4<01>, C4<0>, C4<0>, C4<0>;
v0x562e4a97c490_0 .net "AXI_ARBURST", 1 0, L_0x7f567b8e8498;  1 drivers
L_0x7f567b8e8528 .functor BUFT 1, C4<0010>, C4<0>, C4<0>, C4<0>;
v0x562e4a97c580_0 .net "AXI_ARCACHE", 3 0, L_0x7f567b8e8528;  1 drivers
v0x562e4a97c690_0 .net "AXI_ARESETN", 0 0, L_0x562e4a8e83d0;  1 drivers
L_0x7f567b8e8378 .functor BUFT 1, C4<0>, C4<0>, C4<0>, C4<0>;
v0x562e4a97c7d0_0 .net "AXI_ARID", 0 0, L_0x7f567b8e8378;  1 drivers
L_0x7f567b8e8408 .functor BUFT 1, C4<00001111>, C4<0>, C4<0>, C4<0>;
v0x562e4a97c8e0_0 .net "AXI_ARLEN", 7 0, L_0x7f567b8e8408;  1 drivers
L_0x7f567b8e84e0 .functor BUFT 1, C4<0>, C4<0>, C4<0>, C4<0>;
v0x562e4a97c9f0_0 .net "AXI_ARLOCK", 0 0, L_0x7f567b8e84e0;  1 drivers
L_0x7f567b8e8570 .functor BUFT 1, C4<000>, C4<0>, C4<0>, C4<0>;
v0x562e4a97cae0_0 .net "AXI_ARPROT", 2 0, L_0x7f567b8e8570;  1 drivers
L_0x7f567b8e85b8 .functor BUFT 1, C4<0000>, C4<0>, C4<0>, C4<0>;
v0x562e4a97cba0_0 .net "AXI_ARQOS", 3 0, L_0x7f567b8e85b8;  1 drivers
v0x562e4a97ccb0_0 .net "AXI_ARREADY", 0 0, L_0x562e4a991a50;  1 drivers
o0x7f567b932ed8 .functor BUFZ 4, C4<zzzz>; HiZ drive
v0x562e4a97cda0_0 .net "AXI_ARREGION", 3 0, o0x7f567b932ed8;  0 drivers
v0x562e4a97ce60_0 .net "AXI_ARSIZE", 2 0, L_0x562e4a98f8e0;  1 drivers
L_0x7f567b8e8600 .functor BUFT 1, C4<01>, C4<0>, C4<0>, C4<0>;
v0x562e4a97cf50_0 .net "AXI_ARUSER", -1 0, L_0x7f567b8e8600;  1 drivers
v0x562e4a97d060_0 .net "AXI_ARVALID", 0 0, L_0x562e4a98f780;  1 drivers
v0x562e4a97d150_0 .net "AXI_AWADDR", 31 0, L_0x562e4a98f3c0;  1 drivers
L_0x7f567b8e8138 .functor BUFT 1, C4<01>, C4<0>, C4<0>, C4<0>;
v0x562e4a97d260_0 .net "AXI_AWBURST", 1 0, L_0x7f567b8e8138;  1 drivers
L_0x7f567b8e81c8 .functor BUFT 1, C4<0010>, C4<0>, C4<0>, C4<0>;
v0x562e4a97d370_0 .net "AXI_AWCACHE", 3 0, L_0x7f567b8e81c8;  1 drivers
L_0x7f567b8e8018 .functor BUFT 1, C4<0>, C4<0>, C4<0>, C4<0>;
v0x562e4a97d480_0 .net "AXI_AWID", 0 0, L_0x7f567b8e8018;  1 drivers
L_0x7f567b8e80a8 .functor BUFT 1, C4<00001111>, C4<0>, C4<0>, C4<0>;
v0x562e4a97d590_0 .net "AXI_AWLEN", 7 0, L_0x7f567b8e80a8;  1 drivers
L_0x7f567b8e8180 .functor BUFT 1, C4<0>, C4<0>, C4<0>, C4<0>;
v0x562e4a97d6a0_0 .net "AXI_AWLOCK", 0 0, L_0x7f567b8e8180;  1 drivers
L_0x7f567b8e8210 .functor BUFT 1, C4<000>, C4<0>, C4<0>, C4<0>;
v0x562e4a97d790_0 .net "AXI_AWPROT", 2 0, L_0x7f567b8e8210;  1 drivers
L_0x7f567b8e8258 .functor BUFT 1, C4<0000>, C4<0>, C4<0>, C4<0>;
v0x562e4a97d8a0_0 .net "AXI_AWQOS", 3 0, L_0x7f567b8e8258;  1 drivers
v0x562e4a97d9b0_0 .net "AXI_AWREADY", 0 0, L_0x562e4a991640;  1 drivers
o0x7f567b932f08 .functor BUFZ 4, C4<zzzz>; HiZ drive
v0x562e4a97daa0_0 .net "AXI_AWREGION", 3 0, o0x7f567b932f08;  0 drivers
v0x562e4a97db60_0 .net "AXI_AWSIZE", 2 0, L_0x562e4a98f5a0;  1 drivers
L_0x7f567b8e82a0 .functor BUFT 1, C4<01>, C4<0>, C4<0>, C4<0>;
v0x562e4a97dc50_0 .net "AXI_AWUSER", -1 0, L_0x7f567b8e82a0;  1 drivers
v0x562e4a97dd60_0 .net "AXI_AWVALID", 0 0, L_0x562e4a8e73a0;  1 drivers
v0x562e4a97de50_0 .net "AXI_BID", 0 0, L_0x562e4a991e40;  1 drivers
v0x562e4a97df60_0 .net "AXI_BREADY", 0 0, L_0x562e4a8e6780;  1 drivers
v0x562e4a97e050_0 .net "AXI_BRESP", 1 0, v0x562e4a97b180_0;  1 drivers
v0x562e4a97e160_0 .net "AXI_BUSER", -1 0, L_0x562e4a9918b0;  1 drivers
v0x562e4a97e270_0 .net "AXI_BVALID", 0 0, v0x562e4a97b340_0;  1 drivers
v0x562e4a97e360_0 .net "AXI_RDATA", 31 0, L_0x562e4a991b00;  1 drivers
v0x562e4a97e470_0 .net "AXI_RID", 0 0, L_0x562e4a991fb0;  1 drivers
v0x562e4a97e580_0 .net "AXI_RLAST", 0 0, L_0x562e4a991cc0;  1 drivers
v0x562e4a97e670_0 .net "AXI_RREADY", 0 0, L_0x562e4a98fa50;  1 drivers
v0x562e4a97e760_0 .net "AXI_RRESP", 1 0, v0x562e4a97b5a0_0;  1 drivers
v0x562e4a97e870_0 .net "AXI_RUSER", -1 0, L_0x562e4a991d30;  1 drivers
v0x562e4a97e980_0 .net "AXI_RVALID", 0 0, v0x562e4a97b760_0;  1 drivers
v0x562e4a97ea70_0 .net "AXI_WDATA", 31 0, v0x562e4a971880_0;  1 drivers
v0x562e4a97eb80_0 .net "AXI_WLAST", 0 0, L_0x562e4a8e8090;  1 drivers
v0x562e4a97ec70_0 .net "AXI_WREADY", 0 0, L_0x562e4a9916b0;  1 drivers
L_0x7f567b8e82e8 .functor BUFT 1, C4<1111>, C4<0>, C4<0>, C4<0>;
v0x562e4a97ed60_0 .net "AXI_WSTRB", 3 0, L_0x7f567b8e82e8;  1 drivers
L_0x7f567b8e8330 .functor BUFT 1, C4<00>, C4<0>, C4<0>, C4<0>;
v0x562e4a97ee70_0 .net "AXI_WUSER", -1 0, L_0x7f567b8e8330;  1 drivers
v0x562e4a97ef80_0 .net "AXI_WVALID", 0 0, L_0x562e4a8e7d50;  1 drivers
v0x562e4a97f070_0 .net "ERROR", 0 0, v0x562e4a936530_0;  1 drivers
v0x562e4a97f110_0 .var "INIT_AXI_TXN", 0 0;
v0x562e4a97f1b0_0 .net "TXN_DONE", 0 0, L_0x562e4a98fac0;  1 drivers
v0x562e4a97f250_0 .var "clk", 0 0;
v0x562e4a97f2f0_0 .var "rst_n", 0 0;
S_0x562e4a8854d0 .scope module, "U_M_AXI_0" "M_AXI" 2 107, 3 17 0, S_0x562e4a8c0af0;
 .timescale -9 -12;
    .port_info 0 /INPUT 1 "INIT_AXI_TXN"
    .port_info 1 /OUTPUT 1 "TXN_DONE"
    .port_info 2 /OUTPUT 1 "ERROR"
    .port_info 3 /INPUT 1 "M_AXI_ACLK"
    .port_info 4 /INPUT 1 "M_AXI_ARESETN"
    .port_info 5 /OUTPUT 1 "M_AXI_AWID"
    .port_info 6 /OUTPUT 32 "M_AXI_AWADDR"
    .port_info 7 /OUTPUT 8 "M_AXI_AWLEN"
    .port_info 8 /OUTPUT 3 "M_AXI_AWSIZE"
    .port_info 9 /OUTPUT 2 "M_AXI_AWBURST"
    .port_info 10 /OUTPUT 1 "M_AXI_AWLOCK"
    .port_info 11 /OUTPUT 4 "M_AXI_AWCACHE"
    .port_info 12 /OUTPUT 3 "M_AXI_AWPROT"
    .port_info 13 /OUTPUT 4 "M_AXI_AWQOS"
    .port_info 14 /OUTPUT 2 "M_AXI_AWUSER"
    .port_info 15 /OUTPUT 1 "M_AXI_AWVALID"
    .port_info 16 /INPUT 1 "M_AXI_AWREADY"
    .port_info 17 /OUTPUT 32 "M_AXI_WDATA"
    .port_info 18 /OUTPUT 4 "M_AXI_WSTRB"
    .port_info 19 /OUTPUT 1 "M_AXI_WLAST"
    .port_info 20 /OUTPUT 2 "M_AXI_WUSER"
    .port_info 21 /OUTPUT 1 "M_AXI_WVALID"
    .port_info 22 /INPUT 1 "M_AXI_WREADY"
    .port_info 23 /INPUT 1 "M_AXI_BID"
    .port_info 24 /INPUT 2 "M_AXI_BRESP"
    .port_info 25 /INPUT 2 "M_AXI_BUSER"
    .port_info 26 /INPUT 1 "M_AXI_BVALID"
    .port_info 27 /OUTPUT 1 "M_AXI_BREADY"
    .port_info 28 /OUTPUT 1 "M_AXI_ARID"
    .port_info 29 /OUTPUT 32 "M_AXI_ARADDR"
    .port_info 30 /OUTPUT 8 "M_AXI_ARLEN"
    .port_info 31 /OUTPUT 3 "M_AXI_ARSIZE"
    .port_info 32 /OUTPUT 2 "M_AXI_ARBURST"
    .port_info 33 /OUTPUT 1 "M_AXI_ARLOCK"
    .port_info 34 /OUTPUT 4 "M_AXI_ARCACHE"
    .port_info 35 /OUTPUT 3 "M_AXI_ARPROT"
    .port_info 36 /OUTPUT 4 "M_AXI_ARQOS"
    .port_info 37 /OUTPUT 2 "M_AXI_ARUSER"
    .port_info 38 /OUTPUT 1 "M_AXI_ARVALID"
    .port_info 39 /INPUT 1 "M_AXI_ARREADY"
    .port_info 40 /INPUT 1 "M_AXI_RID"
    .port_info 41 /INPUT 32 "M_AXI_RDATA"
    .port_info 42 /INPUT 2 "M_AXI_RRESP"
    .port_info 43 /INPUT 1 "M_AXI_RLAST"
    .port_info 44 /INPUT 2 "M_AXI_RUSER"
    .port_info 45 /INPUT 1 "M_AXI_RVALID"
    .port_info 46 /OUTPUT 1 "M_AXI_RREADY"
P_0x562e4a95ab60 .param/l "C_MASTER_LENGTH" 1 3 190, +C4<00000000000000000000000000001000>;
P_0x562e4a95aba0 .param/l "C_M_AXI_ADDR_WIDTH" 0 3 31, +C4<00000000000000000000000000100000>;
P_0x562e4a95abe0 .param/l "C_M_AXI_ARUSER_WIDTH" 0 3 37, +C4<00000000000000000000000000000000>;
P_0x562e4a95ac20 .param/l "C_M_AXI_AWUSER_WIDTH" 0 3 35, +C4<00000000000000000000000000000000>;
P_0x562e4a95ac60 .param/l "C_M_AXI_BURST_LEN" 0 3 27, +C4<00000000000000000000000000010000>;
P_0x562e4a95aca0 .param/l "C_M_AXI_BUSER_WIDTH" 0 3 43, +C4<00000000000000000000000000000000>;
P_0x562e4a95ace0 .param/l "C_M_AXI_DATA_WIDTH" 0 3 33, +C4<00000000000000000000000000100000>;
P_0x562e4a95ad20 .param/l "C_M_AXI_ID_WIDTH" 0 3 29, +C4<00000000000000000000000000000001>;
P_0x562e4a95ad60 .param/l "C_M_AXI_RUSER_WIDTH" 0 3 41, +C4<00000000000000000000000000000000>;
P_0x562e4a95ada0 .param/l "C_M_AXI_WUSER_WIDTH" 0 3 39, +C4<00000000000000000000000000000000>;
P_0x562e4a95ade0 .param/l "C_M_TARGET_SLAVE_BASE_ADDR" 0 3 25, C4<01000000000000000000000000000000>;
P_0x562e4a95ae20 .param/l "C_NO_BURSTS_REQ" 1 3 192, +C4<00000000000000000000000000000010>;
P_0x562e4a95ae60 .param/l "C_TRANSACTIONS_NUM" 1 3 186, +C4<00000000000000000000000000000100>;
P_0x562e4a95aea0 .param/l "IDLE" 0 3 196, C4<00>;
P_0x562e4a95aee0 .param/l "INIT_COMPARE" 0 3 205, C4<11>;
P_0x562e4a95af20 .param/l "INIT_READ" 0 3 202, C4<10>;
P_0x562e4a95af60 .param/l "INIT_WRITE" 0 3 199, C4<01>;
L_0x562e4a8e73a0 .functor BUFZ 1, v0x562e4a971640_0, C4<0>, C4<0>, C4<0>;
L_0x562e4a8e8090 .functor BUFZ 1, v0x562e4a971d70_0, C4<0>, C4<0>, C4<0>;
L_0x562e4a8e7d50 .functor BUFZ 1, v0x562e4a971e30_0, C4<0>, C4<0>, C4<0>;
L_0x562e4a8e6780 .functor BUFZ 1, v0x562e4a971700_0, C4<0>, C4<0>, C4<0>;
L_0x562e4a98f780 .functor BUFZ 1, v0x562e4a9714a0_0, C4<0>, C4<0>, C4<0>;
L_0x562e4a98fa50 .functor BUFZ 1, v0x562e4a9717c0_0, C4<0>, C4<0>, C4<0>;
L_0x562e4a98fac0 .functor BUFZ 1, v0x562e4a972150_0, C4<0>, C4<0>, C4<0>;
L_0x562e4a98fc70 .functor AND 1, L_0x562e4a98fbd0, v0x562e4a9723b0_0, C4<1>, C4<1>;
L_0x562e4a98fd30 .functor AND 1, L_0x562e4a9916b0, v0x562e4a971e30_0, C4<1>, C4<1>;
L_0x562e4a98fe50 .functor AND 1, v0x562e4a971700_0, v0x562e4a97b340_0, C4<1>, C4<1>;
L_0x562e4a98ffb0 .functor AND 1, L_0x562e4a98fe50, L_0x562e4a98fec0, C4<1>, C4<1>;
L_0x562e4a990130 .functor AND 1, v0x562e4a97b760_0, v0x562e4a9717c0_0, C4<1>, C4<1>;
L_0x562e4a9901f0 .functor AND 1, v0x562e4a9717c0_0, v0x562e4a97b760_0, C4<1>, C4<1>;
L_0x562e4a9900c0 .functor AND 1, L_0x562e4a9901f0, L_0x562e4a9902e0, C4<1>, C4<1>;
v0x562e4a936530_0 .var "ERROR", 0 0;
v0x562e4a938e10_0 .net "INIT_AXI_TXN", 0 0, v0x562e4a97f110_0;  1 drivers
v0x562e4a939880_0 .net "M_AXI_ACLK", 0 0, L_0x562e4a8e69c0;  alias, 1 drivers
v0x562e4a93a4f0_0 .net "M_AXI_ARADDR", 31 0, L_0x562e4a98f6e0;  alias, 1 drivers
v0x562e4a93aff0_0 .net "M_AXI_ARBURST", 1 0, L_0x7f567b8e8498;  alias, 1 drivers
v0x562e4a96e570_0 .net "M_AXI_ARCACHE", 3 0, L_0x7f567b8e8528;  alias, 1 drivers
v0x562e4a96e650_0 .net "M_AXI_ARESETN", 0 0, L_0x562e4a8e83d0;  alias, 1 drivers
v0x562e4a96e710_0 .net "M_AXI_ARID", 0 0, L_0x7f567b8e8378;  alias, 1 drivers
v0x562e4a96e7f0_0 .net "M_AXI_ARLEN", 7 0, L_0x7f567b8e8408;  alias, 1 drivers
v0x562e4a96e8d0_0 .net "M_AXI_ARLOCK", 0 0, L_0x7f567b8e84e0;  alias, 1 drivers
v0x562e4a96e990_0 .net "M_AXI_ARPROT", 2 0, L_0x7f567b8e8570;  alias, 1 drivers
v0x562e4a96ea70_0 .net "M_AXI_ARQOS", 3 0, L_0x7f567b8e85b8;  alias, 1 drivers
v0x562e4a96eb50_0 .net "M_AXI_ARREADY", 0 0, L_0x562e4a991a50;  alias, 1 drivers
v0x562e4a96ec10_0 .net "M_AXI_ARSIZE", 2 0, L_0x562e4a98f8e0;  alias, 1 drivers
v0x562e4a96ecf0_0 .net "M_AXI_ARUSER", -1 0, L_0x7f567b8e8600;  alias, 1 drivers
v0x562e4a96edd0_0 .net "M_AXI_ARVALID", 0 0, L_0x562e4a98f780;  alias, 1 drivers
v0x562e4a96ee90_0 .net "M_AXI_AWADDR", 31 0, L_0x562e4a98f3c0;  alias, 1 drivers
v0x562e4a96ef70_0 .net "M_AXI_AWBURST", 1 0, L_0x7f567b8e8138;  alias, 1 drivers
v0x562e4a96f050_0 .net "M_AXI_AWCACHE", 3 0, L_0x7f567b8e81c8;  alias, 1 drivers
v0x562e4a96f130_0 .net "M_AXI_AWID", 0 0, L_0x7f567b8e8018;  alias, 1 drivers
v0x562e4a96f210_0 .net "M_AXI_AWLEN", 7 0, L_0x7f567b8e80a8;  alias, 1 drivers
v0x562e4a96f2f0_0 .net "M_AXI_AWLOCK", 0 0, L_0x7f567b8e8180;  alias, 1 drivers
v0x562e4a96f3b0_0 .net "M_AXI_AWPROT", 2 0, L_0x7f567b8e8210;  alias, 1 drivers
v0x562e4a96f490_0 .net "M_AXI_AWQOS", 3 0, L_0x7f567b8e8258;  alias, 1 drivers
v0x562e4a96f570_0 .net "M_AXI_AWREADY", 0 0, L_0x562e4a991640;  alias, 1 drivers
v0x562e4a96f630_0 .net "M_AXI_AWSIZE", 2 0, L_0x562e4a98f5a0;  alias, 1 drivers
v0x562e4a96f710_0 .net "M_AXI_AWUSER", -1 0, L_0x7f567b8e82a0;  alias, 1 drivers
v0x562e4a96f7f0_0 .net "M_AXI_AWVALID", 0 0, L_0x562e4a8e73a0;  alias, 1 drivers
v0x562e4a96f8b0_0 .net "M_AXI_BID", 0 0, L_0x562e4a991e40;  alias, 1 drivers
v0x562e4a96f990_0 .net "M_AXI_BREADY", 0 0, L_0x562e4a8e6780;  alias, 1 drivers
v0x562e4a96fa50_0 .net "M_AXI_BRESP", 1 0, v0x562e4a97b180_0;  alias, 1 drivers
v0x562e4a96fb30_0 .net "M_AXI_BUSER", -1 0, L_0x562e4a9918b0;  alias, 1 drivers
v0x562e4a96fc10_0 .net "M_AXI_BVALID", 0 0, v0x562e4a97b340_0;  alias, 1 drivers
v0x562e4a96fee0_0 .net "M_AXI_RDATA", 31 0, L_0x562e4a991b00;  alias, 1 drivers
v0x562e4a96ffc0_0 .net "M_AXI_RID", 0 0, L_0x562e4a991fb0;  alias, 1 drivers
v0x562e4a9700a0_0 .net "M_AXI_RLAST", 0 0, L_0x562e4a991cc0;  alias, 1 drivers
v0x562e4a970160_0 .net "M_AXI_RREADY", 0 0, L_0x562e4a98fa50;  alias, 1 drivers
v0x562e4a970220_0 .net "M_AXI_RRESP", 1 0, v0x562e4a97b5a0_0;  alias, 1 drivers
v0x562e4a970300_0 .net "M_AXI_RUSER", -1 0, L_0x562e4a991d30;  alias, 1 drivers
v0x562e4a9703e0_0 .net "M_AXI_RVALID", 0 0, v0x562e4a97b760_0;  alias, 1 drivers
v0x562e4a9704a0_0 .net "M_AXI_WDATA", 31 0, v0x562e4a971880_0;  alias, 1 drivers
v0x562e4a970580_0 .net "M_AXI_WLAST", 0 0, L_0x562e4a8e8090;  alias, 1 drivers
v0x562e4a970640_0 .net "M_AXI_WREADY", 0 0, L_0x562e4a9916b0;  alias, 1 drivers
v0x562e4a970700_0 .net "M_AXI_WSTRB", 3 0, L_0x7f567b8e82e8;  alias, 1 drivers
v0x562e4a9707e0_0 .net "M_AXI_WUSER", -1 0, L_0x7f567b8e8330;  alias, 1 drivers
v0x562e4a9708c0_0 .net "M_AXI_WVALID", 0 0, L_0x562e4a8e7d50;  alias, 1 drivers
v0x562e4a970980_0 .net "TXN_DONE", 0 0, L_0x562e4a98fac0;  alias, 1 drivers
v0x562e4a970a40_0 .net *"_s11", 31 0, L_0x562e4a98f4b0;  1 drivers
L_0x7f567b8e8060 .functor BUFT 1, C4<01000000000000000000000000000000>, C4<0>, C4<0>, C4<0>;
v0x562e4a970b20_0 .net/2u *"_s2", 31 0, L_0x7f567b8e8060;  1 drivers
L_0x7f567b8e83c0 .functor BUFT 1, C4<01000000000000000000000000000000>, C4<0>, C4<0>, C4<0>;
v0x562e4a970c00_0 .net/2u *"_s42", 31 0, L_0x7f567b8e83c0;  1 drivers
L_0x7f567b8e8450 .functor BUFT 1, C4<00000000000000000000000000000011>, C4<0>, C4<0>, C4<0>;
v0x562e4a970ce0_0 .net/2s *"_s48", 31 0, L_0x7f567b8e8450;  1 drivers
v0x562e4a970dc0_0 .net *"_s51", 31 0, L_0x562e4a98f7f0;  1 drivers
v0x562e4a970ea0_0 .net *"_s75", 0 0, L_0x562e4a98fbd0;  1 drivers
L_0x7f567b8e80f0 .functor BUFT 1, C4<00000000000000000000000000000011>, C4<0>, C4<0>, C4<0>;
v0x562e4a970f60_0 .net/2s *"_s8", 31 0, L_0x7f567b8e80f0;  1 drivers
v0x562e4a971040_0 .net *"_s80", 0 0, L_0x562e4a98fe50;  1 drivers
v0x562e4a971120_0 .net *"_s83", 0 0, L_0x562e4a98fec0;  1 drivers
v0x562e4a971200_0 .net *"_s88", 0 0, L_0x562e4a9901f0;  1 drivers
v0x562e4a9712e0_0 .net *"_s91", 0 0, L_0x562e4a9902e0;  1 drivers
v0x562e4a9713c0_0 .var "axi_araddr", 31 0;
v0x562e4a9714a0_0 .var "axi_arvalid", 0 0;
v0x562e4a971560_0 .var "axi_awaddr", 31 0;
v0x562e4a971640_0 .var "axi_awvalid", 0 0;
v0x562e4a971700_0 .var "axi_bready", 0 0;
v0x562e4a9717c0_0 .var "axi_rready", 0 0;
v0x562e4a971880_0 .var "axi_wdata", 31 0;
v0x562e4a971d70_0 .var "axi_wlast", 0 0;
v0x562e4a971e30_0 .var "axi_wvalid", 0 0;
v0x562e4a971ef0_0 .var "burst_read_active", 0 0;
L_0x7f567b8e8648 .functor BUFT 1, C4<1000000>, C4<0>, C4<0>, C4<0>;
v0x562e4a971fb0_0 .net "burst_size_bytes", 6 0, L_0x7f567b8e8648;  1 drivers
v0x562e4a972090_0 .var "burst_write_active", 0 0;
v0x562e4a972150_0 .var "compare_done", 0 0;
v0x562e4a972210_0 .var "error_reg", 0 0;
v0x562e4a9722d0_0 .var "expected_rdata", 31 0;
v0x562e4a9723b0_0 .var "init_txn_ff", 0 0;
v0x562e4a972470_0 .var "init_txn_ff2", 0 0;
v0x562e4a972530_0 .net "init_txn_pulse", 0 0, L_0x562e4a98fc70;  1 drivers
v0x562e4a9725f0_0 .var "mst_exec_state", 1 0;
v0x562e4a9726d0_0 .var "read_burst_counter", 2 0;
v0x562e4a9727b0_0 .var "read_index", 4 0;
v0x562e4a972890_0 .var "read_mismatch", 0 0;
v0x562e4a972950_0 .net "read_resp_error", 0 0, L_0x562e4a9900c0;  1 drivers
v0x562e4a972a10_0 .var "reads_done", 0 0;
v0x562e4a972ad0_0 .net "rnext", 0 0, L_0x562e4a990130;  1 drivers
v0x562e4a972b90_0 .var "start_single_burst_read", 0 0;
v0x562e4a972c50_0 .var "start_single_burst_write", 0 0;
v0x562e4a972d10_0 .net "wnext", 0 0, L_0x562e4a98fd30;  1 drivers
v0x562e4a972dd0_0 .var "write_burst_counter", 2 0;
v0x562e4a972eb0_0 .var "write_index", 4 0;
v0x562e4a972f90_0 .net "write_resp_error", 0 0, L_0x562e4a98ffb0;  1 drivers
v0x562e4a973050_0 .var "writes_done", 0 0;
E_0x562e4a8ec150 .event posedge, v0x562e4a939880_0;
L_0x562e4a98f3c0 .arith/sum 32, L_0x7f567b8e8060, v0x562e4a971560_0;
L_0x562e4a98f4b0 .ufunc TD_AXI_TB.U_M_AXI_0.clogb2, 32, L_0x7f567b8e80f0 (v0x562e4a934800_0) v0x562e4a9356f0_0 S_0x562e4a9491c0;
L_0x562e4a98f5a0 .part L_0x562e4a98f4b0, 0, 3;
L_0x562e4a98f6e0 .arith/sum 32, L_0x7f567b8e83c0, v0x562e4a9713c0_0;
L_0x562e4a98f7f0 .ufunc TD_AXI_TB.U_M_AXI_0.clogb2, 32, L_0x7f567b8e8450 (v0x562e4a934800_0) v0x562e4a9356f0_0 S_0x562e4a9491c0;
L_0x562e4a98f8e0 .part L_0x562e4a98f7f0, 0, 3;
L_0x562e4a98fbd0 .reduce/nor v0x562e4a972470_0;
L_0x562e4a98fec0 .part v0x562e4a97b180_0, 1, 1;
L_0x562e4a9902e0 .part v0x562e4a97b5a0_0, 1, 1;
S_0x562e4a9491c0 .scope function, "clogb2" "clogb2" 3 177, 3 177 0, S_0x562e4a8854d0;
 .timescale -9 -12;
v0x562e4a934800_0 .var/i "bit_depth", 31 0;
v0x562e4a9356f0_0 .var/i "clogb2", 31 0;
TD_AXI_TB.U_M_AXI_0.clogb2 ;
    %pushi/vec4 0, 0, 32;
    %store/vec4 v0x562e4a9356f0_0, 0, 32;
T_0.0 ;
    %pushi/vec4 0, 0, 32;
    %load/vec4 v0x562e4a934800_0;
    %cmp/s;
    %jmp/0xz T_0.1, 5;
    %load/vec4 v0x562e4a934800_0;
    %ix/load 4, 1, 0;
    %flag_set/imm 4, 0;
    %shiftr 4;
    %store/vec4 v0x562e4a934800_0, 0, 32;
    %load/vec4 v0x562e4a9356f0_0;
    %addi 1, 0, 32;
    %store/vec4 v0x562e4a9356f0_0, 0, 32;
    %jmp T_0.0;
T_0.1 ;
    %end;
S_0x562e4a91d530 .scope module, "U_S_AXI_0" "S_AXI" 2 161, 4 17 0, S_0x562e4a8c0af0;
 .timescale -9 -12;
    .port_info 0 /INPUT 1 "S_AXI_ACLK"
    .port_info 1 /INPUT 1 "S_AXI_ARESETN"
    .port_info 2 /INPUT 1 "S_AXI_AWID"
    .port_info 3 /INPUT 32 "S_AXI_AWADDR"
    .port_info 4 /INPUT 8 "S_AXI_AWLEN"
    .port_info 5 /INPUT 3 "S_AXI_AWSIZE"
    .port_info 6 /INPUT 2 "S_AXI_AWBURST"
    .port_info 7 /INPUT 1 "S_AXI_AWLOCK"
    .port_info 8 /INPUT 4 "S_AXI_AWCACHE"
    .port_info 9 /INPUT 3 "S_AXI_AWPROT"
    .port_info 10 /INPUT 4 "S_AXI_AWQOS"
    .port_info 11 /INPUT 4 "S_AXI_AWREGION"
    .port_info 12 /INPUT 2 "S_AXI_AWUSER"
    .port_info 13 /INPUT 1 "S_AXI_AWVALID"
    .port_info 14 /OUTPUT 1 "S_AXI_AWREADY"
    .port_info 15 /INPUT 32 "S_AXI_WDATA"
    .port_info 16 /INPUT 4 "S_AXI_WSTRB"
    .port_info 17 /INPUT 1 "S_AXI_WLAST"
    .port_info 18 /INPUT 2 "S_AXI_WUSER"
    .port_info 19 /INPUT 1 "S_AXI_WVALID"
    .port_info 20 /OUTPUT 1 "S_AXI_WREADY"
    .port_info 21 /OUTPUT 1 "S_AXI_BID"
    .port_info 22 /OUTPUT 2 "S_AXI_BRESP"
    .port_info 23 /OUTPUT 2 "S_AXI_BUSER"
    .port_info 24 /OUTPUT 1 "S_AXI_BVALID"
    .port_info 25 /INPUT 1 "S_AXI_BREADY"
    .port_info 26 /INPUT 1 "S_AXI_ARID"
    .port_info 27 /INPUT 32 "S_AXI_ARADDR"
    .port_info 28 /INPUT 8 "S_AXI_ARLEN"
    .port_info 29 /INPUT 3 "S_AXI_ARSIZE"
    .port_info 30 /INPUT 2 "S_AXI_ARBURST"
    .port_info 31 /INPUT 1 "S_AXI_ARLOCK"
    .port_info 32 /INPUT 4 "S_AXI_ARCACHE"
    .port_info 33 /INPUT 3 "S_AXI_ARPROT"
    .port_info 34 /INPUT 4 "S_AXI_ARQOS"
    .port_info 35 /INPUT 4 "S_AXI_ARREGION"
    .port_info 36 /INPUT 2 "S_AXI_ARUSER"
    .port_info 37 /INPUT 1 "S_AXI_ARVALID"
    .port_info 38 /OUTPUT 1 "S_AXI_ARREADY"
    .port_info 39 /OUTPUT 1 "S_AXI_RID"
    .port_info 40 /OUTPUT 32 "S_AXI_RDATA"
    .port_info 41 /OUTPUT 2 "S_AXI_RRESP"
    .port_info 42 /OUTPUT 1 "S_AXI_RLAST"
    .port_info 43 /OUTPUT 2 "S_AXI_RUSER"
    .port_info 44 /OUTPUT 1 "S_AXI_RVALID"
    .port_info 45 /INPUT 1 "S_AXI_RREADY"
P_0x562e4a973890 .param/l "ADDR_LSB" 1 4 222, +C4<00000000000000000000000000000010>;
P_0x562e4a9738d0 .param/l "C_S_AXI_ADDR_WIDTH" 0 4 29, +C4<00000000000000000000000000100000>;
P_0x562e4a973910 .param/l "C_S_AXI_ARUSER_WIDTH" 0 4 33, +C4<00000000000000000000000000000000>;
P_0x562e4a973950 .param/l "C_S_AXI_AWUSER_WIDTH" 0 4 31, +C4<00000000000000000000000000000000>;
P_0x562e4a973990 .param/l "C_S_AXI_BUSER_WIDTH" 0 4 39, +C4<00000000000000000000000000000000>;
P_0x562e4a9739d0 .param/l "C_S_AXI_DATA_WIDTH" 0 4 27, +C4<00000000000000000000000000100000>;
P_0x562e4a973a10 .param/l "C_S_AXI_ID_WIDTH" 0 4 25, +C4<00000000000000000000000000000001>;
P_0x562e4a973a50 .param/l "C_S_AXI_RUSER_WIDTH" 0 4 37, +C4<00000000000000000000000000000000>;
P_0x562e4a973a90 .param/l "C_S_AXI_WUSER_WIDTH" 0 4 35, +C4<00000000000000000000000000000000>;
P_0x562e4a973ad0 .param/l "OPT_MEM_ADDR_BITS" 1 4 223, +C4<00000000000000000000000000000101>;
P_0x562e4a973b10 .param/l "USER_NUM_MEM" 1 4 224, +C4<00000000000000000000000000000001>;
L_0x562e4a991640 .functor BUFZ 1, v0x562e4a97b000_0, C4<0>, C4<0>, C4<0>;
L_0x562e4a9916b0 .functor BUFZ 1, v0x562e4a97b820_0, C4<0>, C4<0>, C4<0>;
L_0x562e4a9918b0 .functor BUFZ 2, v0x562e4a97b260_0, C4<00>, C4<00>, C4<00>;
L_0x562e4a991a50 .functor BUFZ 1, v0x562e4a97ab00_0, C4<0>, C4<0>, C4<0>;
L_0x562e4a991b00 .functor BUFZ 32, v0x562e4a97b400_0, C4<00000000000000000000000000000000>, C4<00000000000000000000000000000000>, C4<00000000000000000000000000000000>;
L_0x562e4a991cc0 .functor BUFZ 1, v0x562e4a97b4e0_0, C4<0>, C4<0>, C4<0>;
L_0x562e4a991d30 .functor BUFZ 2, v0x562e4a97b680_0, C4<00>, C4<00>, C4<00>;
L_0x562e4a991e40 .functor BUFZ 1, L_0x7f567b8e8018, C4<0>, C4<0>, C4<0>;
L_0x562e4a991fb0 .functor BUFZ 1, L_0x7f567b8e8378, C4<0>, C4<0>, C4<0>;
L_0x562e4a9926d0 .functor AND 32, v0x562e4a97ac80_0, L_0x562e4a992210, C4<11111111111111111111111111111111>, C4<11111111111111111111111111111111>;
L_0x562e4a992660 .functor AND 32, v0x562e4a97a780_0, L_0x562e4a9925c0, C4<11111111111111111111111111111111>, C4<11111111111111111111111111111111>;
v0x562e4a976f80_0 .net "S_AXI_ACLK", 0 0, L_0x562e4a8e69c0;  alias, 1 drivers
v0x562e4a977070_0 .net "S_AXI_ARADDR", 31 0, L_0x562e4a98f6e0;  alias, 1 drivers
v0x562e4a977140_0 .net "S_AXI_ARBURST", 1 0, L_0x7f567b8e8498;  alias, 1 drivers
v0x562e4a977240_0 .net "S_AXI_ARCACHE", 3 0, L_0x7f567b8e8528;  alias, 1 drivers
v0x562e4a977310_0 .net "S_AXI_ARESETN", 0 0, L_0x562e4a8e83d0;  alias, 1 drivers
v0x562e4a977400_0 .net "S_AXI_ARID", 0 0, L_0x7f567b8e8378;  alias, 1 drivers
v0x562e4a9774d0_0 .net "S_AXI_ARLEN", 7 0, L_0x7f567b8e8408;  alias, 1 drivers
v0x562e4a9775a0_0 .net "S_AXI_ARLOCK", 0 0, L_0x7f567b8e84e0;  alias, 1 drivers
v0x562e4a977670_0 .net "S_AXI_ARPROT", 2 0, L_0x7f567b8e8570;  alias, 1 drivers
v0x562e4a977740_0 .net "S_AXI_ARQOS", 3 0, L_0x7f567b8e85b8;  alias, 1 drivers
v0x562e4a977810_0 .net "S_AXI_ARREADY", 0 0, L_0x562e4a991a50;  alias, 1 drivers
v0x562e4a9778e0_0 .net "S_AXI_ARREGION", 3 0, o0x7f567b932ed8;  alias, 0 drivers
v0x562e4a977980_0 .net "S_AXI_ARSIZE", 2 0, L_0x562e4a98f8e0;  alias, 1 drivers
v0x562e4a977a50_0 .net "S_AXI_ARUSER", -1 0, L_0x7f567b8e8600;  alias, 1 drivers
v0x562e4a977b20_0 .net "S_AXI_ARVALID", 0 0, L_0x562e4a98f780;  alias, 1 drivers
v0x562e4a977bf0_0 .net "S_AXI_AWADDR", 31 0, L_0x562e4a98f3c0;  alias, 1 drivers
v0x562e4a977cc0_0 .net "S_AXI_AWBURST", 1 0, L_0x7f567b8e8138;  alias, 1 drivers
v0x562e4a977d90_0 .net "S_AXI_AWCACHE", 3 0, L_0x7f567b8e81c8;  alias, 1 drivers
v0x562e4a977e60_0 .net "S_AXI_AWID", 0 0, L_0x7f567b8e8018;  alias, 1 drivers
v0x562e4a977f30_0 .net "S_AXI_AWLEN", 7 0, L_0x7f567b8e80a8;  alias, 1 drivers
v0x562e4a978000_0 .net "S_AXI_AWLOCK", 0 0, L_0x7f567b8e8180;  alias, 1 drivers
v0x562e4a9780d0_0 .net "S_AXI_AWPROT", 2 0, L_0x7f567b8e8210;  alias, 1 drivers
v0x562e4a9781a0_0 .net "S_AXI_AWQOS", 3 0, L_0x7f567b8e8258;  alias, 1 drivers
v0x562e4a978270_0 .net "S_AXI_AWREADY", 0 0, L_0x562e4a991640;  alias, 1 drivers
v0x562e4a978340_0 .net "S_AXI_AWREGION", 3 0, o0x7f567b932f08;  alias, 0 drivers
v0x562e4a9783e0_0 .net "S_AXI_AWSIZE", 2 0, L_0x562e4a98f5a0;  alias, 1 drivers
v0x562e4a9784b0_0 .net "S_AXI_AWUSER", -1 0, L_0x7f567b8e82a0;  alias, 1 drivers
v0x562e4a978580_0 .net "S_AXI_AWVALID", 0 0, L_0x562e4a8e73a0;  alias, 1 drivers
v0x562e4a978650_0 .net "S_AXI_BID", 0 0, L_0x562e4a991e40;  alias, 1 drivers
v0x562e4a978720_0 .net "S_AXI_BREADY", 0 0, L_0x562e4a8e6780;  alias, 1 drivers
v0x562e4a9787f0_0 .net "S_AXI_BRESP", 1 0, v0x562e4a97b180_0;  alias, 1 drivers
v0x562e4a9788c0_0 .net "S_AXI_BUSER", -1 0, L_0x562e4a9918b0;  alias, 1 drivers
v0x562e4a978990_0 .net "S_AXI_BVALID", 0 0, v0x562e4a97b340_0;  alias, 1 drivers
v0x562e4a978a60_0 .net "S_AXI_RDATA", 31 0, L_0x562e4a991b00;  alias, 1 drivers
v0x562e4a978b30_0 .net "S_AXI_RID", 0 0, L_0x562e4a991fb0;  alias, 1 drivers
v0x562e4a978c00_0 .net "S_AXI_RLAST", 0 0, L_0x562e4a991cc0;  alias, 1 drivers
v0x562e4a978cd0_0 .net "S_AXI_RREADY", 0 0, L_0x562e4a98fa50;  alias, 1 drivers
v0x562e4a978da0_0 .net "S_AXI_RRESP", 1 0, v0x562e4a97b5a0_0;  alias, 1 drivers
v0x562e4a978e70_0 .net "S_AXI_RUSER", -1 0, L_0x562e4a991d30;  alias, 1 drivers
v0x562e4a978f40_0 .net "S_AXI_RVALID", 0 0, v0x562e4a97b760_0;  alias, 1 drivers
v0x562e4a979010_0 .net "S_AXI_WDATA", 31 0, v0x562e4a971880_0;  alias, 1 drivers
v0x562e4a9790e0_0 .net "S_AXI_WLAST", 0 0, L_0x562e4a8e8090;  alias, 1 drivers
v0x562e4a9791b0_0 .net "S_AXI_WREADY", 0 0, L_0x562e4a9916b0;  alias, 1 drivers
v0x562e4a979280_0 .net "S_AXI_WSTRB", 3 0, L_0x7f567b8e82e8;  alias, 1 drivers
v0x562e4a979350_0 .net "S_AXI_WUSER", -1 0, L_0x7f567b8e8330;  alias, 1 drivers
v0x562e4a979420_0 .net "S_AXI_WVALID", 0 0, L_0x562e4a8e7d50;  alias, 1 drivers
v0x562e4a9794f0_0 .net *"_s2", 5 0, L_0x562e4a990510;  1 drivers
L_0x7f567b8e8840 .functor BUFT 1, C4<00000000000000000000000000000100>, C4<0>, C4<0>, C4<0>;
v0x562e4a979590_0 .net/2u *"_s36", 31 0, L_0x7f567b8e8840;  1 drivers
v0x562e4a979630_0 .net *"_s38", 31 0, L_0x562e4a9920e0;  1 drivers
L_0x7f567b8e8888 .functor BUFT 1, C4<000000000000000000000000>, C4<0>, C4<0>, C4<0>;
v0x562e4a9796d0_0 .net *"_s41", 23 0, L_0x7f567b8e8888;  1 drivers
L_0x7f567b8e88d0 .functor BUFT 1, C4<00000000000000000000000000000100>, C4<0>, C4<0>, C4<0>;
v0x562e4a979770_0 .net/2u *"_s44", 31 0, L_0x7f567b8e88d0;  1 drivers
v0x562e4a979810_0 .net *"_s46", 31 0, L_0x562e4a9922b0;  1 drivers
L_0x7f567b8e8918 .functor BUFT 1, C4<000000000000000000000000>, C4<0>, C4<0>, C4<0>;
v0x562e4a9798b0_0 .net *"_s49", 23 0, L_0x7f567b8e8918;  1 drivers
v0x562e4a979970_0 .net *"_s52", 31 0, L_0x562e4a9926d0;  1 drivers
v0x562e4a979a50_0 .net *"_s54", 0 0, L_0x562e4a992810;  1 drivers
L_0x7f567b8e8960 .functor BUFT 1, C4<1>, C4<0>, C4<0>, C4<0>;
v0x562e4a979b10_0 .net/2u *"_s56", 0 0, L_0x7f567b8e8960;  1 drivers
L_0x7f567b8e89a8 .functor BUFT 1, C4<0>, C4<0>, C4<0>, C4<0>;
v0x562e4a979bf0_0 .net/2u *"_s58", 0 0, L_0x7f567b8e89a8;  1 drivers
v0x562e4a979cd0_0 .net *"_s62", 31 0, L_0x562e4a992660;  1 drivers
v0x562e4a979db0_0 .net *"_s64", 0 0, L_0x562e4a992bb0;  1 drivers
L_0x7f567b8e89f0 .functor BUFT 1, C4<1>, C4<0>, C4<0>, C4<0>;
v0x562e4a979e70_0 .net/2u *"_s66", 0 0, L_0x7f567b8e89f0;  1 drivers
L_0x7f567b8e8a38 .functor BUFT 1, C4<0>, C4<0>, C4<0>, C4<0>;
v0x562e4a979f50_0 .net/2u *"_s68", 0 0, L_0x7f567b8e8a38;  1 drivers
v0x562e4a97a030_0 .net "ar_wrap_en", 0 0, L_0x562e4a992ca0;  1 drivers
v0x562e4a97a0f0_0 .net "ar_wrap_size", 31 0, L_0x562e4a9925c0;  1 drivers
v0x562e4a97a1d0_0 .net "aw_wrap_en", 0 0, L_0x562e4a992900;  1 drivers
v0x562e4a97a290_0 .net "aw_wrap_size", 31 0, L_0x562e4a992210;  1 drivers
v0x562e4a97a780_0 .var "axi_araddr", 31 0;
v0x562e4a97a860_0 .var "axi_arburst", 1 0;
v0x562e4a97a940_0 .var "axi_arlen", 7 0;
v0x562e4a97aa20_0 .var "axi_arlen_cntr", 7 0;
v0x562e4a97ab00_0 .var "axi_arready", 0 0;
v0x562e4a97abc0_0 .var "axi_arv_arr_flag", 0 0;
v0x562e4a97ac80_0 .var "axi_awaddr", 31 0;
v0x562e4a97ad60_0 .var "axi_awburst", 1 0;
v0x562e4a97ae40_0 .var "axi_awlen", 7 0;
v0x562e4a97af20_0 .var "axi_awlen_cntr", 7 0;
v0x562e4a97b000_0 .var "axi_awready", 0 0;
v0x562e4a97b0c0_0 .var "axi_awv_awr_flag", 0 0;
v0x562e4a97b180_0 .var "axi_bresp", 1 0;
v0x562e4a97b260_0 .var "axi_buser", -1 0;
v0x562e4a97b340_0 .var "axi_bvalid", 0 0;
v0x562e4a97b400_0 .var "axi_rdata", 31 0;
v0x562e4a97b4e0_0 .var "axi_rlast", 0 0;
v0x562e4a97b5a0_0 .var "axi_rresp", 1 0;
v0x562e4a97b680_0 .var "axi_ruser", -1 0;
v0x562e4a97b760_0 .var "axi_rvalid", 0 0;
v0x562e4a97b820_0 .var "axi_wready", 0 0;
v0x562e4a97b8e0_0 .net "mem_address", 5 0, L_0x562e4a990650;  1 drivers
v0x562e4a97b9c0 .array "mem_data_out", 0 0, 31 0;
L_0x7f567b8e8690 .functor BUFT 1, C4<1>, C4<0>, C4<0>, C4<0>;
v0x562e4a97baa0_0 .net "mem_select", 0 0, L_0x7f567b8e8690;  1 drivers
v0x562e4a97b9c0_0 .array/port v0x562e4a97b9c0, 0;
E_0x562e4a8e8b10 .event edge, v0x562e4a97b9c0_0;
L_0x562e4a9903d0 .part v0x562e4a97a780_0, 2, 6;
L_0x562e4a990470 .part v0x562e4a97ac80_0, 2, 6;
L_0x7f567b8e86d8 .functor BUFT 1, C4<000000>, C4<0>, C4<0>, C4<0>;
L_0x562e4a990510 .functor MUXZ 6, L_0x7f567b8e86d8, L_0x562e4a990470, v0x562e4a97b0c0_0, C4<>;
L_0x562e4a990650 .functor MUXZ 6, L_0x562e4a990510, L_0x562e4a9903d0, v0x562e4a97abc0_0, C4<>;
L_0x562e4a990870 .part v0x562e4a971880_0, 0, 8;
L_0x562e4a990bb0 .part v0x562e4a971880_0, 8, 8;
L_0x562e4a990f30 .part v0x562e4a971880_0, 16, 8;
L_0x562e4a9912b0 .part v0x562e4a971880_0, 24, 8;
L_0x562e4a9920e0 .concat [ 8 24 0 0], v0x562e4a97ae40_0, L_0x7f567b8e8888;
L_0x562e4a992210 .arith/mult 32, L_0x7f567b8e8840, L_0x562e4a9920e0;
L_0x562e4a9922b0 .concat [ 8 24 0 0], v0x562e4a97a940_0, L_0x7f567b8e8918;
L_0x562e4a9925c0 .arith/mult 32, L_0x7f567b8e88d0, L_0x562e4a9922b0;
L_0x562e4a992810 .cmp/eq 32, L_0x562e4a9926d0, L_0x562e4a992210;
L_0x562e4a992900 .functor MUXZ 1, L_0x7f567b8e89a8, L_0x7f567b8e8960, L_0x562e4a992810, C4<>;
L_0x562e4a992bb0 .cmp/eq 32, L_0x562e4a992660, L_0x562e4a9925c0;
L_0x562e4a992ca0 .functor MUXZ 1, L_0x7f567b8e8a38, L_0x7f567b8e89f0, L_0x562e4a992bb0, C4<>;
S_0x562e4a9745c0 .scope generate, "BRAM_GEN[0]" "BRAM_GEN[0]" 4 570, 4 570 0, S_0x562e4a91d530;
 .timescale -9 -12;
P_0x562e4a9747d0 .param/l "i" 0 4 570, +C4<00>;
L_0x562e4a990790 .functor AND 1, v0x562e4a97b820_0, L_0x562e4a8e7d50, C4<1>, C4<1>;
L_0x562e4a990800 .functor BUFZ 1, v0x562e4a97abc0_0, C4<0>, C4<0>, C4<0>;
v0x562e4a976970_0 .net "mem_rden", 0 0, L_0x562e4a990800;  1 drivers
v0x562e4a976a50_0 .net "mem_wren", 0 0, L_0x562e4a990790;  1 drivers
S_0x562e4a9748b0 .scope generate, "BYTE_BRAM_GEN[0]" "BYTE_BRAM_GEN[0]" 4 579, 4 579 0, S_0x562e4a9745c0;
 .timescale -9 -12;
P_0x562e4a974aa0 .param/l "mem_byte_index" 0 4 579, +C4<00>;
L_0x562e4a990af0 .functor BUFZ 8, L_0x562e4a990910, C4<00000000>, C4<00000000>, C4<00000000>;
v0x562e4a974b80_0 .net *"_s1", 7 0, L_0x562e4a990910;  1 drivers
v0x562e4a974c60_0 .net *"_s3", 7 0, L_0x562e4a9909b0;  1 drivers
L_0x7f567b8e8720 .functor BUFT 1, C4<00>, C4<0>, C4<0>, C4<0>;
v0x562e4a974d40_0 .net *"_s6", 1 0, L_0x7f567b8e8720;  1 drivers
v0x562e4a974e30 .array "byte_ram", 63 0, 7 0;
v0x562e4a974ef0_0 .net "data_in", 7 0, L_0x562e4a990870;  1 drivers
v0x562e4a975020_0 .net "data_out", 7 0, L_0x562e4a990af0;  1 drivers
L_0x562e4a990910 .array/port v0x562e4a974e30, L_0x562e4a9909b0;
L_0x562e4a9909b0 .concat [ 6 2 0 0], L_0x562e4a990650, L_0x7f567b8e8720;
S_0x562e4a975100 .scope generate, "BYTE_BRAM_GEN[1]" "BYTE_BRAM_GEN[1]" 4 579, 4 579 0, S_0x562e4a9745c0;
 .timescale -9 -12;
P_0x562e4a975310 .param/l "mem_byte_index" 0 4 579, +C4<01>;
L_0x562e4a990e70 .functor BUFZ 8, L_0x562e4a990c90, C4<00000000>, C4<00000000>, C4<00000000>;
v0x562e4a9753d0_0 .net *"_s1", 7 0, L_0x562e4a990c90;  1 drivers
v0x562e4a9754b0_0 .net *"_s3", 7 0, L_0x562e4a990d30;  1 drivers
L_0x7f567b8e8768 .functor BUFT 1, C4<00>, C4<0>, C4<0>, C4<0>;
v0x562e4a975590_0 .net *"_s6", 1 0, L_0x7f567b8e8768;  1 drivers
v0x562e4a975650 .array "byte_ram", 63 0, 7 0;
v0x562e4a975710_0 .net "data_in", 7 0, L_0x562e4a990bb0;  1 drivers
v0x562e4a975840_0 .net "data_out", 7 0, L_0x562e4a990e70;  1 drivers
L_0x562e4a990c90 .array/port v0x562e4a975650, L_0x562e4a990d30;
L_0x562e4a990d30 .concat [ 6 2 0 0], L_0x562e4a990650, L_0x7f567b8e8768;
S_0x562e4a975920 .scope generate, "BYTE_BRAM_GEN[2]" "BYTE_BRAM_GEN[2]" 4 579, 4 579 0, S_0x562e4a9745c0;
 .timescale -9 -12;
P_0x562e4a975b10 .param/l "mem_byte_index" 0 4 579, +C4<010>;
L_0x562e4a9911f0 .functor BUFZ 8, L_0x562e4a990fd0, C4<00000000>, C4<00000000>, C4<00000000>;
v0x562e4a975bd0_0 .net *"_s1", 7 0, L_0x562e4a990fd0;  1 drivers
v0x562e4a975cb0_0 .net *"_s3", 7 0, L_0x562e4a991070;  1 drivers
L_0x7f567b8e87b0 .functor BUFT 1, C4<00>, C4<0>, C4<0>, C4<0>;
v0x562e4a975d90_0 .net *"_s6", 1 0, L_0x7f567b8e87b0;  1 drivers
v0x562e4a975e80 .array "byte_ram", 63 0, 7 0;
v0x562e4a975f40_0 .net "data_in", 7 0, L_0x562e4a990f30;  1 drivers
v0x562e4a976070_0 .net "data_out", 7 0, L_0x562e4a9911f0;  1 drivers
L_0x562e4a990fd0 .array/port v0x562e4a975e80, L_0x562e4a991070;
L_0x562e4a991070 .concat [ 6 2 0 0], L_0x562e4a990650, L_0x7f567b8e87b0;
S_0x562e4a976150 .scope generate, "BYTE_BRAM_GEN[3]" "BYTE_BRAM_GEN[3]" 4 579, 4 579 0, S_0x562e4a9745c0;
 .timescale -9 -12;
P_0x562e4a976340 .param/l "mem_byte_index" 0 4 579, +C4<011>;
L_0x562e4a991580 .functor BUFZ 8, L_0x562e4a9913a0, C4<00000000>, C4<00000000>, C4<00000000>;
v0x562e4a976420_0 .net *"_s1", 7 0, L_0x562e4a9913a0;  1 drivers
v0x562e4a976500_0 .net *"_s3", 7 0, L_0x562e4a991440;  1 drivers
L_0x7f567b8e87f8 .functor BUFT 1, C4<00>, C4<0>, C4<0>, C4<0>;
v0x562e4a9765e0_0 .net *"_s6", 1 0, L_0x7f567b8e87f8;  1 drivers
v0x562e4a9766a0 .array "byte_ram", 63 0, 7 0;
v0x562e4a976760_0 .net "data_in", 7 0, L_0x562e4a9912b0;  1 drivers
v0x562e4a976890_0 .net "data_out", 7 0, L_0x562e4a991580;  1 drivers
L_0x562e4a9913a0 .array/port v0x562e4a9766a0, L_0x562e4a991440;
L_0x562e4a991440 .concat [ 6 2 0 0], L_0x562e4a990650, L_0x7f567b8e87f8;
S_0x562e4a976b10 .scope generate, "genblk1" "genblk1" 4 561, 4 561 0, S_0x562e4a91d530;
 .timescale -9 -12;
v0x562e4a976d00_0 .net *"_s2", 5 0, L_0x562e4a9903d0;  1 drivers
v0x562e4a976de0_0 .net *"_s3", 5 0, L_0x562e4a990470;  1 drivers
v0x562e4a976ec0_0 .net/2u *"_s4", 5 0, L_0x7f567b8e86d8;  1 drivers
    .scope S_0x562e4a8854d0;
T_1 ;
    %wait E_0x562e4a8ec150;
    %load/vec4 v0x562e4a96e650_0;
    %pad/u 32;
    %cmpi/e 0, 0, 32;
    %jmp/0xz  T_1.0, 4;
    %pushi/vec4 0, 0, 1;
    %assign/vec4 v0x562e4a9723b0_0, 0;
    %pushi/vec4 0, 0, 1;
    %assign/vec4 v0x562e4a972470_0, 0;
    %jmp T_1.1;
T_1.0 ;
    %load/vec4 v0x562e4a938e10_0;
    %assign/vec4 v0x562e4a9723b0_0, 0;
    %load/vec4 v0x562e4a9723b0_0;
    %assign/vec4 v0x562e4a972470_0, 0;
T_1.1 ;
    %jmp T_1;
    .thread T_1;
    .scope S_0x562e4a8854d0;
T_2 ;
    %wait E_0x562e4a8ec150;
    %load/vec4 v0x562e4a96e650_0;
    %pad/u 32;
    %cmpi/e 0, 0, 32;
    %flag_mov 8, 4;
    %load/vec4 v0x562e4a972530_0;
    %cmpi/e 1, 0, 1;
    %flag_or 4, 8;
    %jmp/0xz  T_2.0, 4;
    %pushi/vec4 0, 0, 1;
    %assign/vec4 v0x562e4a971640_0, 0;
    %jmp T_2.1;
T_2.0 ;
    %load/vec4 v0x562e4a971640_0;
    %inv;
    %load/vec4 v0x562e4a972c50_0;
    %and;
    %flag_set/vec4 8;
    %jmp/0xz  T_2.2, 8;
    %pushi/vec4 1, 0, 1;
    %assign/vec4 v0x562e4a971640_0, 0;
    %jmp T_2.3;
T_2.2 ;
    %load/vec4 v0x562e4a96f570_0;
    %load/vec4 v0x562e4a971640_0;
    %and;
    %flag_set/vec4 8;
    %jmp/0xz  T_2.4, 8;
    %pushi/vec4 0, 0, 1;
    %assign/vec4 v0x562e4a971640_0, 0;
    %jmp T_2.5;
T_2.4 ;
    %load/vec4 v0x562e4a971640_0;
    %assign/vec4 v0x562e4a971640_0, 0;
T_2.5 ;
T_2.3 ;
T_2.1 ;
    %jmp T_2;
    .thread T_2;
    .scope S_0x562e4a8854d0;
T_3 ;
    %wait E_0x562e4a8ec150;
    %load/vec4 v0x562e4a96e650_0;
    %pad/u 32;
    %cmpi/e 0, 0, 32;
    %flag_mov 8, 4;
    %load/vec4 v0x562e4a972530_0;
    %cmpi/e 1, 0, 1;
    %flag_or 4, 8;
    %jmp/0xz  T_3.0, 4;
    %pushi/vec4 0, 0, 32;
    %assign/vec4 v0x562e4a971560_0, 0;
    %jmp T_3.1;
T_3.0 ;
    %load/vec4 v0x562e4a96f570_0;
    %load/vec4 v0x562e4a971640_0;
    %and;
    %flag_set/vec4 8;
    %jmp/0xz  T_3.2, 8;
    %load/vec4 v0x562e4a971560_0;
    %load/vec4 v0x562e4a971fb0_0;
    %pad/u 32;
    %add;
    %assign/vec4 v0x562e4a971560_0, 0;
    %jmp T_3.3;
T_3.2 ;
    %load/vec4 v0x562e4a971560_0;
    %assign/vec4 v0x562e4a971560_0, 0;
T_3.3 ;
T_3.1 ;
    %jmp T_3;
    .thread T_3;
    .scope S_0x562e4a8854d0;
T_4 ;
    %wait E_0x562e4a8ec150;
    %load/vec4 v0x562e4a96e650_0;
    %pad/u 32;
    %cmpi/e 0, 0, 32;
    %flag_mov 8, 4;
    %load/vec4 v0x562e4a972530_0;
    %cmpi/e 1, 0, 1;
    %flag_or 4, 8;
    %jmp/0xz  T_4.0, 4;
    %pushi/vec4 0, 0, 1;
    %assign/vec4 v0x562e4a971e30_0, 0;
    %jmp T_4.1;
T_4.0 ;
    %load/vec4 v0x562e4a971e30_0;
    %inv;
    %load/vec4 v0x562e4a972c50_0;
    %and;
    %flag_set/vec4 8;
    %jmp/0xz  T_4.2, 8;
    %pushi/vec4 1, 0, 1;
    %assign/vec4 v0x562e4a971e30_0, 0;
    %jmp T_4.3;
T_4.2 ;
    %load/vec4 v0x562e4a972d10_0;
    %load/vec4 v0x562e4a971d70_0;
    %and;
    %flag_set/vec4 8;
    %jmp/0xz  T_4.4, 8;
    %pushi/vec4 0, 0, 1;
    %assign/vec4 v0x562e4a971e30_0, 0;
    %jmp T_4.5;
T_4.4 ;
    %load/vec4 v0x562e4a971e30_0;
    %assign/vec4 v0x562e4a971e30_0, 0;
T_4.5 ;
T_4.3 ;
T_4.1 ;
    %jmp T_4;
    .thread T_4;
    .scope S_0x562e4a8854d0;
T_5 ;
    %wait E_0x562e4a8ec150;
    %load/vec4 v0x562e4a96e650_0;
    %pad/u 32;
    %cmpi/e 0, 0, 32;
    %flag_mov 8, 4;
    %load/vec4 v0x562e4a972530_0;
    %cmpi/e 1, 0, 1;
    %flag_or 4, 8;
    %jmp/0xz  T_5.0, 4;
    %pushi/vec4 0, 0, 1;
    %assign/vec4 v0x562e4a971d70_0, 0;
    %jmp T_5.1;
T_5.0 ;
    %load/vec4 v0x562e4a972eb0_0;
    %pad/u 32;
    %pushi/vec4 14, 0, 32;
    %cmp/e;
    %flag_get/vec4 4;
    %pushi/vec4 1, 0, 1;
    %and;
    %load/vec4 v0x562e4a972d10_0;
    %and;
    %flag_set/vec4 8;
    %pushi/vec4 0, 0, 1;
    %flag_set/vec4 9;
    %flag_or 9, 8;
    %jmp/0xz  T_5.2, 9;
    %pushi/vec4 1, 0, 1;
    %assign/vec4 v0x562e4a971d70_0, 0;
    %jmp T_5.3;
T_5.2 ;
    %load/vec4 v0x562e4a972d10_0;
    %flag_set/vec4 8;
    %jmp/0xz  T_5.4, 8;
    %pushi/vec4 0, 0, 1;
    %assign/vec4 v0x562e4a971d70_0, 0;
    %jmp T_5.5;
T_5.4 ;
    %load/vec4 v0x562e4a971d70_0;
    %pushi/vec4 0, 0, 1;
    %and;
    %flag_set/vec4 8;
    %jmp/0xz  T_5.6, 8;
    %pushi/vec4 0, 0, 1;
    %assign/vec4 v0x562e4a971d70_0, 0;
    %jmp T_5.7;
T_5.6 ;
    %load/vec4 v0x562e4a971d70_0;
    %assign/vec4 v0x562e4a971d70_0, 0;
T_5.7 ;
T_5.5 ;
T_5.3 ;
T_5.1 ;
    %jmp T_5;
    .thread T_5;
    .scope S_0x562e4a8854d0;
T_6 ;
    %wait E_0x562e4a8ec150;
    %load/vec4 v0x562e4a96e650_0;
    %pad/u 32;
    %cmpi/e 0, 0, 32;
    %flag_mov 8, 4;
    %load/vec4 v0x562e4a972530_0;
    %cmpi/e 1, 0, 1;
    %flag_or 4, 8;
    %flag_mov 8, 4;
    %load/vec4 v0x562e4a972c50_0;
    %cmpi/e 1, 0, 1;
    %flag_or 4, 8;
    %jmp/0xz  T_6.0, 4;
    %pushi/vec4 0, 0, 5;
    %assign/vec4 v0x562e4a972eb0_0, 0;
    %jmp T_6.1;
T_6.0 ;
    %load/vec4 v0x562e4a972d10_0;
    %load/vec4 v0x562e4a972eb0_0;
    %pad/u 32;
    %pushi/vec4 15, 0, 32;
    %cmp/e;
    %flag_get/vec4 4;
    %inv;
    %and;
    %flag_set/vec4 8;
    %jmp/0xz  T_6.2, 8;
    %load/vec4 v0x562e4a972eb0_0;
    %addi 1, 0, 5;
    %assign/vec4 v0x562e4a972eb0_0, 0;
    %jmp T_6.3;
T_6.2 ;
    %load/vec4 v0x562e4a972eb0_0;
    %assign/vec4 v0x562e4a972eb0_0, 0;
T_6.3 ;
T_6.1 ;
    %jmp T_6;
    .thread T_6;
    .scope S_0x562e4a8854d0;
T_7 ;
    %wait E_0x562e4a8ec150;
    %load/vec4 v0x562e4a96e650_0;
    %pad/u 32;
    %cmpi/e 0, 0, 32;
    %flag_mov 8, 4;
    %load/vec4 v0x562e4a972530_0;
    %cmpi/e 1, 0, 1;
    %flag_or 4, 8;
    %jmp/0xz  T_7.0, 4;
    %pushi/vec4 0, 0, 32;
    %assign/vec4 v0x562e4a971880_0, 0;
    %jmp T_7.1;
T_7.0 ;
    %load/vec4 v0x562e4a972d10_0;
    %flag_set/vec4 8;
    %jmp/0xz  T_7.2, 8;
    %load/vec4 v0x562e4a971880_0;
    %addi 1, 0, 32;
    %assign/vec4 v0x562e4a971880_0, 0;
    %jmp T_7.3;
T_7.2 ;
    %load/vec4 v0x562e4a971880_0;
    %assign/vec4 v0x562e4a971880_0, 0;
T_7.3 ;
T_7.1 ;
    %jmp T_7;
    .thread T_7;
    .scope S_0x562e4a8854d0;
T_8 ;
    %wait E_0x562e4a8ec150;
    %load/vec4 v0x562e4a96e650_0;
    %pad/u 32;
    %cmpi/e 0, 0, 32;
    %flag_mov 8, 4;
    %load/vec4 v0x562e4a972530_0;
    %cmpi/e 1, 0, 1;
    %flag_or 4, 8;
    %jmp/0xz  T_8.0, 4;
    %pushi/vec4 0, 0, 1;
    %assign/vec4 v0x562e4a971700_0, 0;
    %jmp T_8.1;
T_8.0 ;
    %load/vec4 v0x562e4a96fc10_0;
    %load/vec4 v0x562e4a971700_0;
    %inv;
    %and;
    %flag_set/vec4 8;
    %jmp/0xz  T_8.2, 8;
    %pushi/vec4 1, 0, 1;
    %assign/vec4 v0x562e4a971700_0, 0;
    %jmp T_8.3;
T_8.2 ;
    %load/vec4 v0x562e4a971700_0;
    %flag_set/vec4 8;
    %jmp/0xz  T_8.4, 8;
    %pushi/vec4 0, 0, 1;
    %assign/vec4 v0x562e4a971700_0, 0;
    %jmp T_8.5;
T_8.4 ;
    %load/vec4 v0x562e4a971700_0;
    %assign/vec4 v0x562e4a971700_0, 0;
T_8.5 ;
T_8.3 ;
T_8.1 ;
    %jmp T_8;
    .thread T_8;
    .scope S_0x562e4a8854d0;
T_9 ;
    %wait E_0x562e4a8ec150;
    %load/vec4 v0x562e4a96e650_0;
    %pad/u 32;
    %cmpi/e 0, 0, 32;
    %flag_mov 8, 4;
    %load/vec4 v0x562e4a972530_0;
    %cmpi/e 1, 0, 1;
    %flag_or 4, 8;
    %jmp/0xz  T_9.0, 4;
    %pushi/vec4 0, 0, 1;
    %assign/vec4 v0x562e4a9714a0_0, 0;
    %jmp T_9.1;
T_9.0 ;
    %load/vec4 v0x562e4a9714a0_0;
    %inv;
    %load/vec4 v0x562e4a972b90_0;
    %and;
    %flag_set/vec4 8;
    %jmp/0xz  T_9.2, 8;
    %pushi/vec4 1, 0, 1;
    %assign/vec4 v0x562e4a9714a0_0, 0;
    %jmp T_9.3;
T_9.2 ;
    %load/vec4 v0x562e4a96eb50_0;
    %load/vec4 v0x562e4a9714a0_0;
    %and;
    %flag_set/vec4 8;
    %jmp/0xz  T_9.4, 8;
    %pushi/vec4 0, 0, 1;
    %assign/vec4 v0x562e4a9714a0_0, 0;
    %jmp T_9.5;
T_9.4 ;
    %load/vec4 v0x562e4a9714a0_0;
    %assign/vec4 v0x562e4a9714a0_0, 0;
T_9.5 ;
T_9.3 ;
T_9.1 ;
    %jmp T_9;
    .thread T_9;
    .scope S_0x562e4a8854d0;
T_10 ;
    %wait E_0x562e4a8ec150;
    %load/vec4 v0x562e4a96e650_0;
    %pad/u 32;
    %cmpi/e 0, 0, 32;
    %flag_mov 8, 4;
    %load/vec4 v0x562e4a972530_0;
    %cmpi/e 1, 0, 1;
    %flag_or 4, 8;
    %jmp/0xz  T_10.0, 4;
    %pushi/vec4 0, 0, 32;
    %assign/vec4 v0x562e4a9713c0_0, 0;
    %jmp T_10.1;
T_10.0 ;
    %load/vec4 v0x562e4a96eb50_0;
    %load/vec4 v0x562e4a9714a0_0;
    %and;
    %flag_set/vec4 8;
    %jmp/0xz  T_10.2, 8;
    %load/vec4 v0x562e4a9713c0_0;
    %load/vec4 v0x562e4a971fb0_0;
    %pad/u 32;
    %add;
    %assign/vec4 v0x562e4a9713c0_0, 0;
    %jmp T_10.3;
T_10.2 ;
    %load/vec4 v0x562e4a9713c0_0;
    %assign/vec4 v0x562e4a9713c0_0, 0;
T_10.3 ;
T_10.1 ;
    %jmp T_10;
    .thread T_10;
    .scope S_0x562e4a8854d0;
T_11 ;
    %wait E_0x562e4a8ec150;
    %load/vec4 v0x562e4a96e650_0;
    %pad/u 32;
    %cmpi/e 0, 0, 32;
    %flag_mov 8, 4;
    %load/vec4 v0x562e4a972530_0;
    %cmpi/e 1, 0, 1;
    %flag_or 4, 8;
    %flag_mov 8, 4;
    %load/vec4 v0x562e4a972b90_0;
    %flag_set/vec4 9;
    %flag_or 9, 8;
    %jmp/0xz  T_11.0, 9;
    %pushi/vec4 0, 0, 5;
    %assign/vec4 v0x562e4a9727b0_0, 0;
    %jmp T_11.1;
T_11.0 ;
    %load/vec4 v0x562e4a972ad0_0;
    %load/vec4 v0x562e4a9727b0_0;
    %pad/u 32;
    %pushi/vec4 15, 0, 32;
    %cmp/e;
    %flag_get/vec4 4;
    %inv;
    %and;
    %flag_set/vec4 8;
    %jmp/0xz  T_11.2, 8;
    %load/vec4 v0x562e4a9727b0_0;
    %addi 1, 0, 5;
    %assign/vec4 v0x562e4a9727b0_0, 0;
    %jmp T_11.3;
T_11.2 ;
    %load/vec4 v0x562e4a9727b0_0;
    %assign/vec4 v0x562e4a9727b0_0, 0;
T_11.3 ;
T_11.1 ;
    %jmp T_11;
    .thread T_11;
    .scope S_0x562e4a8854d0;
T_12 ;
    %wait E_0x562e4a8ec150;
    %load/vec4 v0x562e4a96e650_0;
    %pad/u 32;
    %cmpi/e 0, 0, 32;
    %flag_mov 8, 4;
    %load/vec4 v0x562e4a972530_0;
    %cmpi/e 1, 0, 1;
    %flag_or 4, 8;
    %jmp/0xz  T_12.0, 4;
    %pushi/vec4 0, 0, 1;
    %assign/vec4 v0x562e4a9717c0_0, 0;
    %jmp T_12.1;
T_12.0 ;
    %load/vec4 v0x562e4a9703e0_0;
    %flag_set/vec4 8;
    %jmp/0xz  T_12.2, 8;
    %load/vec4 v0x562e4a9700a0_0;
    %load/vec4 v0x562e4a9717c0_0;
    %and;
    %flag_set/vec4 8;
    %jmp/0xz  T_12.4, 8;
    %pushi/vec4 0, 0, 1;
    %assign/vec4 v0x562e4a9717c0_0, 0;
    %jmp T_12.5;
T_12.4 ;
    %pushi/vec4 1, 0, 1;
    %assign/vec4 v0x562e4a9717c0_0, 0;
T_12.5 ;
T_12.2 ;
T_12.1 ;
    %jmp T_12;
    .thread T_12;
    .scope S_0x562e4a8854d0;
T_13 ;
    %wait E_0x562e4a8ec150;
    %load/vec4 v0x562e4a96e650_0;
    %pad/u 32;
    %cmpi/e 0, 0, 32;
    %flag_mov 8, 4;
    %load/vec4 v0x562e4a972530_0;
    %cmpi/e 1, 0, 1;
    %flag_or 4, 8;
    %jmp/0xz  T_13.0, 4;
    %pushi/vec4 0, 0, 1;
    %assign/vec4 v0x562e4a972890_0, 0;
    %jmp T_13.1;
T_13.0 ;
    %load/vec4 v0x562e4a972ad0_0;
    %load/vec4 v0x562e4a96fee0_0;
    %load/vec4 v0x562e4a9722d0_0;
    %cmp/e;
    %flag_get/vec4 4;
    %inv;
    %and;
    %flag_set/vec4 8;
    %jmp/0xz  T_13.2, 8;
    %pushi/vec4 1, 0, 1;
    %assign/vec4 v0x562e4a972890_0, 0;
    %jmp T_13.3;
T_13.2 ;
    %pushi/vec4 0, 0, 1;
    %assign/vec4 v0x562e4a972890_0, 0;
T_13.3 ;
T_13.1 ;
    %jmp T_13;
    .thread T_13;
    .scope S_0x562e4a8854d0;
T_14 ;
    %wait E_0x562e4a8ec150;
    %load/vec4 v0x562e4a96e650_0;
    %pad/u 32;
    %cmpi/e 0, 0, 32;
    %flag_mov 8, 4;
    %load/vec4 v0x562e4a972530_0;
    %cmpi/e 1, 0, 1;
    %flag_or 4, 8;
    %jmp/0xz  T_14.0, 4;
    %pushi/vec4 0, 0, 32;
    %assign/vec4 v0x562e4a9722d0_0, 0;
    %jmp T_14.1;
T_14.0 ;
    %load/vec4 v0x562e4a9703e0_0;
    %load/vec4 v0x562e4a9717c0_0;
    %and;
    %flag_set/vec4 8;
    %jmp/0xz  T_14.2, 8;
    %load/vec4 v0x562e4a9722d0_0;
    %addi 1, 0, 32;
    %assign/vec4 v0x562e4a9722d0_0, 0;
    %jmp T_14.3;
T_14.2 ;
    %load/vec4 v0x562e4a9722d0_0;
    %assign/vec4 v0x562e4a9722d0_0, 0;
T_14.3 ;
T_14.1 ;
    %jmp T_14;
    .thread T_14;
    .scope S_0x562e4a8854d0;
T_15 ;
    %wait E_0x562e4a8ec150;
    %load/vec4 v0x562e4a96e650_0;
    %pad/u 32;
    %cmpi/e 0, 0, 32;
    %flag_mov 8, 4;
    %load/vec4 v0x562e4a972530_0;
    %cmpi/e 1, 0, 1;
    %flag_or 4, 8;
    %jmp/0xz  T_15.0, 4;
    %pushi/vec4 0, 0, 1;
    %assign/vec4 v0x562e4a972210_0, 0;
    %jmp T_15.1;
T_15.0 ;
    %load/vec4 v0x562e4a972890_0;
    %flag_set/vec4 8;
    %load/vec4 v0x562e4a972f90_0;
    %flag_set/vec4 9;
    %flag_or 9, 8;
    %load/vec4 v0x562e4a972950_0;
    %flag_set/vec4 8;
    %flag_or 8, 9;
    %jmp/0xz  T_15.2, 8;
    %pushi/vec4 1, 0, 1;
    %assign/vec4 v0x562e4a972210_0, 0;
    %jmp T_15.3;
T_15.2 ;
    %load/vec4 v0x562e4a972210_0;
    %assign/vec4 v0x562e4a972210_0, 0;
T_15.3 ;
T_15.1 ;
    %jmp T_15;
    .thread T_15;
    .scope S_0x562e4a8854d0;
T_16 ;
    %wait E_0x562e4a8ec150;
    %load/vec4 v0x562e4a96e650_0;
    %pad/u 32;
    %cmpi/e 0, 0, 32;
    %flag_mov 8, 4;
    %load/vec4 v0x562e4a972530_0;
    %cmpi/e 1, 0, 1;
    %flag_or 4, 8;
    %jmp/0xz  T_16.0, 4;
    %pushi/vec4 0, 0, 3;
    %assign/vec4 v0x562e4a972dd0_0, 0;
    %jmp T_16.1;
T_16.0 ;
    %load/vec4 v0x562e4a96f570_0;
    %load/vec4 v0x562e4a971640_0;
    %and;
    %flag_set/vec4 8;
    %jmp/0xz  T_16.2, 8;
    %load/vec4 v0x562e4a972dd0_0;
    %parti/s 1, 2, 3;
    %cmpi/e 0, 0, 1;
    %jmp/0xz  T_16.4, 4;
    %load/vec4 v0x562e4a972dd0_0;
    %addi 1, 0, 3;
    %assign/vec4 v0x562e4a972dd0_0, 0;
T_16.4 ;
    %jmp T_16.3;
T_16.2 ;
    %load/vec4 v0x562e4a972dd0_0;
    %assign/vec4 v0x562e4a972dd0_0, 0;
T_16.3 ;
T_16.1 ;
    %jmp T_16;
    .thread T_16;
    .scope S_0x562e4a8854d0;
T_17 ;
    %wait E_0x562e4a8ec150;
    %load/vec4 v0x562e4a96e650_0;
    %pad/u 32;
    %cmpi/e 0, 0, 32;
    %flag_mov 8, 4;
    %load/vec4 v0x562e4a972530_0;
    %cmpi/e 1, 0, 1;
    %flag_or 4, 8;
    %jmp/0xz  T_17.0, 4;
    %pushi/vec4 0, 0, 3;
    %assign/vec4 v0x562e4a9726d0_0, 0;
    %jmp T_17.1;
T_17.0 ;
    %load/vec4 v0x562e4a96eb50_0;
    %load/vec4 v0x562e4a9714a0_0;
    %and;
    %flag_set/vec4 8;
    %jmp/0xz  T_17.2, 8;
    %load/vec4 v0x562e4a9726d0_0;
    %parti/s 1, 2, 3;
    %cmpi/e 0, 0, 1;
    %jmp/0xz  T_17.4, 4;
    %load/vec4 v0x562e4a9726d0_0;
    %addi 1, 0, 3;
    %assign/vec4 v0x562e4a9726d0_0, 0;
T_17.4 ;
    %jmp T_17.3;
T_17.2 ;
    %load/vec4 v0x562e4a9726d0_0;
    %assign/vec4 v0x562e4a9726d0_0, 0;
T_17.3 ;
T_17.1 ;
    %jmp T_17;
    .thread T_17;
    .scope S_0x562e4a8854d0;
T_18 ;
    %wait E_0x562e4a8ec150;
    %load/vec4 v0x562e4a96e650_0;
    %cmpi/e 0, 0, 1;
    %jmp/0xz  T_18.0, 4;
    %pushi/vec4 0, 0, 2;
    %assign/vec4 v0x562e4a9725f0_0, 0;
    %pushi/vec4 0, 0, 1;
    %assign/vec4 v0x562e4a972c50_0, 0;
    %pushi/vec4 0, 0, 1;
    %assign/vec4 v0x562e4a972b90_0, 0;
    %pushi/vec4 0, 0, 1;
    %assign/vec4 v0x562e4a972150_0, 0;
    %pushi/vec4 0, 0, 1;
    %assign/vec4 v0x562e4a936530_0, 0;
    %jmp T_18.1;
T_18.0 ;
    %load/vec4 v0x562e4a9725f0_0;
    %dup/vec4;
    %pushi/vec4 0, 0, 2;
    %cmp/u;
    %jmp/1 T_18.2, 6;
    %dup/vec4;
    %pushi/vec4 1, 0, 2;
    %cmp/u;
    %jmp/1 T_18.3, 6;
    %dup/vec4;
    %pushi/vec4 2, 0, 2;
    %cmp/u;
    %jmp/1 T_18.4, 6;
    %dup/vec4;
    %pushi/vec4 3, 0, 2;
    %cmp/u;
    %jmp/1 T_18.5, 6;
    %pushi/vec4 0, 0, 2;
    %assign/vec4 v0x562e4a9725f0_0, 0;
    %jmp T_18.7;
T_18.2 ;
    %load/vec4 v0x562e4a972530_0;
    %cmpi/e 1, 0, 1;
    %jmp/0xz  T_18.8, 4;
    %pushi/vec4 1, 0, 2;
    %assign/vec4 v0x562e4a9725f0_0, 0;
    %pushi/vec4 0, 0, 1;
    %assign/vec4 v0x562e4a936530_0, 0;
    %pushi/vec4 0, 0, 1;
    %assign/vec4 v0x562e4a972150_0, 0;
    %jmp T_18.9;
T_18.8 ;
    %pushi/vec4 0, 0, 2;
    %assign/vec4 v0x562e4a9725f0_0, 0;
T_18.9 ;
    %jmp T_18.7;
T_18.3 ;
    %load/vec4 v0x562e4a973050_0;
    %flag_set/vec4 8;
    %jmp/0xz  T_18.10, 8;
    %pushi/vec4 2, 0, 2;
    %assign/vec4 v0x562e4a9725f0_0, 0;
    %jmp T_18.11;
T_18.10 ;
    %pushi/vec4 1, 0, 2;
    %assign/vec4 v0x562e4a9725f0_0, 0;
    %load/vec4 v0x562e4a971640_0;
    %inv;
    %load/vec4 v0x562e4a972c50_0;
    %inv;
    %and;
    %load/vec4 v0x562e4a972090_0;
    %inv;
    %and;
    %flag_set/vec4 8;
    %jmp/0xz  T_18.12, 8;
    %pushi/vec4 1, 0, 1;
    %assign/vec4 v0x562e4a972c50_0, 0;
    %jmp T_18.13;
T_18.12 ;
    %pushi/vec4 0, 0, 1;
    %assign/vec4 v0x562e4a972c50_0, 0;
T_18.13 ;
T_18.11 ;
    %jmp T_18.7;
T_18.4 ;
    %load/vec4 v0x562e4a972a10_0;
    %flag_set/vec4 8;
    %jmp/0xz  T_18.14, 8;
    %pushi/vec4 3, 0, 2;
    %assign/vec4 v0x562e4a9725f0_0, 0;
    %jmp T_18.15;
T_18.14 ;
    %pushi/vec4 2, 0, 2;
    %assign/vec4 v0x562e4a9725f0_0, 0;
    %load/vec4 v0x562e4a9714a0_0;
    %inv;
    %load/vec4 v0x562e4a971ef0_0;
    %inv;
    %and;
    %load/vec4 v0x562e4a972b90_0;
    %inv;
    %and;
    %flag_set/vec4 8;
    %jmp/0xz  T_18.16, 8;
    %pushi/vec4 1, 0, 1;
    %assign/vec4 v0x562e4a972b90_0, 0;
    %jmp T_18.17;
T_18.16 ;
    %pushi/vec4 0, 0, 1;
    %assign/vec4 v0x562e4a972b90_0, 0;
T_18.17 ;
T_18.15 ;
    %jmp T_18.7;
T_18.5 ;
    %load/vec4 v0x562e4a972210_0;
    %assign/vec4 v0x562e4a936530_0, 0;
    %pushi/vec4 0, 0, 2;
    %assign/vec4 v0x562e4a9725f0_0, 0;
    %pushi/vec4 1, 0, 1;
    %assign/vec4 v0x562e4a972150_0, 0;
    %jmp T_18.7;
T_18.7 ;
    %pop/vec4 1;
T_18.1 ;
    %jmp T_18;
    .thread T_18;
    .scope S_0x562e4a8854d0;
T_19 ;
    %wait E_0x562e4a8ec150;
    %load/vec4 v0x562e4a96e650_0;
    %pad/u 32;
    %cmpi/e 0, 0, 32;
    %flag_mov 8, 4;
    %load/vec4 v0x562e4a972530_0;
    %cmpi/e 1, 0, 1;
    %flag_or 4, 8;
    %jmp/0xz  T_19.0, 4;
    %pushi/vec4 0, 0, 1;
    %assign/vec4 v0x562e4a972090_0, 0;
    %jmp T_19.1;
T_19.0 ;
    %load/vec4 v0x562e4a972c50_0;
    %flag_set/vec4 8;
    %jmp/0xz  T_19.2, 8;
    %pushi/vec4 1, 0, 1;
    %assign/vec4 v0x562e4a972090_0, 0;
    %jmp T_19.3;
T_19.2 ;
    %load/vec4 v0x562e4a96fc10_0;
    %load/vec4 v0x562e4a971700_0;
    %and;
    %flag_set/vec4 8;
    %jmp/0xz  T_19.4, 8;
    %pushi/vec4 0, 0, 1;
    %assign/vec4 v0x562e4a972090_0, 0;
T_19.4 ;
T_19.3 ;
T_19.1 ;
    %jmp T_19;
    .thread T_19;
    .scope S_0x562e4a8854d0;
T_20 ;
    %wait E_0x562e4a8ec150;
    %load/vec4 v0x562e4a96e650_0;
    %pad/u 32;
    %cmpi/e 0, 0, 32;
    %flag_mov 8, 4;
    %load/vec4 v0x562e4a972530_0;
    %cmpi/e 1, 0, 1;
    %flag_or 4, 8;
    %jmp/0xz  T_20.0, 4;
    %pushi/vec4 0, 0, 1;
    %assign/vec4 v0x562e4a973050_0, 0;
    %jmp T_20.1;
T_20.0 ;
    %load/vec4 v0x562e4a96fc10_0;
    %load/vec4 v0x562e4a972dd0_0;
    %parti/s 1, 2, 3;
    %and;
    %load/vec4 v0x562e4a971700_0;
    %and;
    %flag_set/vec4 8;
    %jmp/0xz  T_20.2, 8;
    %pushi/vec4 1, 0, 1;
    %assign/vec4 v0x562e4a973050_0, 0;
    %jmp T_20.3;
T_20.2 ;
    %load/vec4 v0x562e4a973050_0;
    %assign/vec4 v0x562e4a973050_0, 0;
T_20.3 ;
T_20.1 ;
    %jmp T_20;
    .thread T_20;
    .scope S_0x562e4a8854d0;
T_21 ;
    %wait E_0x562e4a8ec150;
    %load/vec4 v0x562e4a96e650_0;
    %pad/u 32;
    %cmpi/e 0, 0, 32;
    %flag_mov 8, 4;
    %load/vec4 v0x562e4a972530_0;
    %cmpi/e 1, 0, 1;
    %flag_or 4, 8;
    %jmp/0xz  T_21.0, 4;
    %pushi/vec4 0, 0, 1;
    %assign/vec4 v0x562e4a971ef0_0, 0;
    %jmp T_21.1;
T_21.0 ;
    %load/vec4 v0x562e4a972b90_0;
    %flag_set/vec4 8;
    %jmp/0xz  T_21.2, 8;
    %pushi/vec4 1, 0, 1;
    %assign/vec4 v0x562e4a971ef0_0, 0;
    %jmp T_21.3;
T_21.2 ;
    %load/vec4 v0x562e4a9703e0_0;
    %load/vec4 v0x562e4a9717c0_0;
    %and;
    %load/vec4 v0x562e4a9700a0_0;
    %and;
    %flag_set/vec4 8;
    %jmp/0xz  T_21.4, 8;
    %pushi/vec4 0, 0, 1;
    %assign/vec4 v0x562e4a971ef0_0, 0;
T_21.4 ;
T_21.3 ;
T_21.1 ;
    %jmp T_21;
    .thread T_21;
    .scope S_0x562e4a8854d0;
T_22 ;
    %wait E_0x562e4a8ec150;
    %load/vec4 v0x562e4a96e650_0;
    %pad/u 32;
    %cmpi/e 0, 0, 32;
    %flag_mov 8, 4;
    %load/vec4 v0x562e4a972530_0;
    %cmpi/e 1, 0, 1;
    %flag_or 4, 8;
    %jmp/0xz  T_22.0, 4;
    %pushi/vec4 0, 0, 1;
    %assign/vec4 v0x562e4a972a10_0, 0;
    %jmp T_22.1;
T_22.0 ;
    %load/vec4 v0x562e4a9703e0_0;
    %load/vec4 v0x562e4a9717c0_0;
    %and;
    %load/vec4 v0x562e4a9727b0_0;
    %pad/u 32;
    %pushi/vec4 15, 0, 32;
    %cmp/e;
    %flag_get/vec4 4;
    %and;
    %load/vec4 v0x562e4a9726d0_0;
    %parti/s 1, 2, 3;
    %and;
    %flag_set/vec4 8;
    %jmp/0xz  T_22.2, 8;
    %pushi/vec4 1, 0, 1;
    %assign/vec4 v0x562e4a972a10_0, 0;
    %jmp T_22.3;
T_22.2 ;
    %load/vec4 v0x562e4a972a10_0;
    %assign/vec4 v0x562e4a972a10_0, 0;
T_22.3 ;
T_22.1 ;
    %jmp T_22;
    .thread T_22;
    .scope S_0x562e4a9748b0;
T_23 ;
    %wait E_0x562e4a8ec150;
    %load/vec4 v0x562e4a976a50_0;
    %load/vec4 v0x562e4a979280_0;
    %parti/s 1, 0, 2;
    %and;
    %flag_set/vec4 8;
    %jmp/0xz  T_23.0, 8;
    %load/vec4 v0x562e4a974ef0_0;
    %load/vec4 v0x562e4a97b8e0_0;
    %pad/u 8;
    %ix/vec4 3;
    %ix/load 4, 0, 0; Constant delay
    %assign/vec4/a/d v0x562e4a974e30, 0, 4;
T_23.0 ;
    %jmp T_23;
    .thread T_23;
    .scope S_0x562e4a9748b0;
T_24 ;
    %wait E_0x562e4a8ec150;
    %load/vec4 v0x562e4a976970_0;
    %flag_set/vec4 8;
    %jmp/0xz  T_24.0, 8;
    %load/vec4 v0x562e4a975020_0;
    %ix/load 3, 0, 0;
    %flag_set/imm 4, 0;
    %ix/load 4, 0, 0; Constant delay
    %assign/vec4/a/d v0x562e4a97b9c0, 0, 4;
T_24.0 ;
    %jmp T_24;
    .thread T_24;
    .scope S_0x562e4a975100;
T_25 ;
    %wait E_0x562e4a8ec150;
    %load/vec4 v0x562e4a976a50_0;
    %load/vec4 v0x562e4a979280_0;
    %parti/s 1, 1, 2;
    %and;
    %flag_set/vec4 8;
    %jmp/0xz  T_25.0, 8;
    %load/vec4 v0x562e4a975710_0;
    %load/vec4 v0x562e4a97b8e0_0;
    %pad/u 8;
    %ix/vec4 3;
    %ix/load 4, 0, 0; Constant delay
    %assign/vec4/a/d v0x562e4a975650, 0, 4;
T_25.0 ;
    %jmp T_25;
    .thread T_25;
    .scope S_0x562e4a975100;
T_26 ;
    %wait E_0x562e4a8ec150;
    %load/vec4 v0x562e4a976970_0;
    %flag_set/vec4 8;
    %jmp/0xz  T_26.0, 8;
    %load/vec4 v0x562e4a975840_0;
    %ix/load 3, 0, 0;
    %flag_set/imm 4, 0;
    %ix/load 4, 8, 0; part off
    %ix/load 5, 0, 0; Constant delay
    %assign/vec4/a/d v0x562e4a97b9c0, 4, 5;
T_26.0 ;
    %jmp T_26;
    .thread T_26;
    .scope S_0x562e4a975920;
T_27 ;
    %wait E_0x562e4a8ec150;
    %load/vec4 v0x562e4a976a50_0;
    %load/vec4 v0x562e4a979280_0;
    %parti/s 1, 2, 3;
    %and;
    %flag_set/vec4 8;
    %jmp/0xz  T_27.0, 8;
    %load/vec4 v0x562e4a975f40_0;
    %load/vec4 v0x562e4a97b8e0_0;
    %pad/u 8;
    %ix/vec4 3;
    %ix/load 4, 0, 0; Constant delay
    %assign/vec4/a/d v0x562e4a975e80, 0, 4;
T_27.0 ;
    %jmp T_27;
    .thread T_27;
    .scope S_0x562e4a975920;
T_28 ;
    %wait E_0x562e4a8ec150;
    %load/vec4 v0x562e4a976970_0;
    %flag_set/vec4 8;
    %jmp/0xz  T_28.0, 8;
    %load/vec4 v0x562e4a976070_0;
    %ix/load 3, 0, 0;
    %flag_set/imm 4, 0;
    %ix/load 4, 16, 0; part off
    %ix/load 5, 0, 0; Constant delay
    %assign/vec4/a/d v0x562e4a97b9c0, 4, 5;
T_28.0 ;
    %jmp T_28;
    .thread T_28;
    .scope S_0x562e4a976150;
T_29 ;
    %wait E_0x562e4a8ec150;
    %load/vec4 v0x562e4a976a50_0;
    %load/vec4 v0x562e4a979280_0;
    %parti/s 1, 3, 3;
    %and;
    %flag_set/vec4 8;
    %jmp/0xz  T_29.0, 8;
    %load/vec4 v0x562e4a976760_0;
    %load/vec4 v0x562e4a97b8e0_0;
    %pad/u 8;
    %ix/vec4 3;
    %ix/load 4, 0, 0; Constant delay
    %assign/vec4/a/d v0x562e4a9766a0, 0, 4;
T_29.0 ;
    %jmp T_29;
    .thread T_29;
    .scope S_0x562e4a976150;
T_30 ;
    %wait E_0x562e4a8ec150;
    %load/vec4 v0x562e4a976970_0;
    %flag_set/vec4 8;
    %jmp/0xz  T_30.0, 8;
    %load/vec4 v0x562e4a976890_0;
    %ix/load 3, 0, 0;
    %flag_set/imm 4, 0;
    %ix/load 4, 24, 0; part off
    %ix/load 5, 0, 0; Constant delay
    %assign/vec4/a/d v0x562e4a97b9c0, 4, 5;
T_30.0 ;
    %jmp T_30;
    .thread T_30;
    .scope S_0x562e4a91d530;
T_31 ;
    %wait E_0x562e4a8ec150;
    %load/vec4 v0x562e4a977310_0;
    %cmpi/e 0, 0, 1;
    %jmp/0xz  T_31.0, 4;
    %pushi/vec4 0, 0, 1;
    %assign/vec4 v0x562e4a97b000_0, 0;
    %pushi/vec4 0, 0, 1;
    %assign/vec4 v0x562e4a97b0c0_0, 0;
    %jmp T_31.1;
T_31.0 ;
    %load/vec4 v0x562e4a97b000_0;
    %inv;
    %load/vec4 v0x562e4a978580_0;
    %and;
    %load/vec4 v0x562e4a97b0c0_0;
    %inv;
    %and;
    %load/vec4 v0x562e4a97abc0_0;
    %inv;
    %and;
    %flag_set/vec4 8;
    %jmp/0xz  T_31.2, 8;
    %pushi/vec4 1, 0, 1;
    %assign/vec4 v0x562e4a97b000_0, 0;
    %pushi/vec4 1, 0, 1;
    %assign/vec4 v0x562e4a97b0c0_0, 0;
    %jmp T_31.3;
T_31.2 ;
    %load/vec4 v0x562e4a9790e0_0;
    %load/vec4 v0x562e4a97b820_0;
    %and;
    %flag_set/vec4 8;
    %jmp/0xz  T_31.4, 8;
    %pushi/vec4 0, 0, 1;
    %assign/vec4 v0x562e4a97b0c0_0, 0;
    %jmp T_31.5;
T_31.4 ;
    %pushi/vec4 0, 0, 1;
    %assign/vec4 v0x562e4a97b000_0, 0;
T_31.5 ;
T_31.3 ;
T_31.1 ;
    %jmp T_31;
    .thread T_31;
    .scope S_0x562e4a91d530;
T_32 ;
    %wait E_0x562e4a8ec150;
    %load/vec4 v0x562e4a977310_0;
    %cmpi/e 0, 0, 1;
    %jmp/0xz  T_32.0, 4;
    %pushi/vec4 0, 0, 32;
    %assign/vec4 v0x562e4a97ac80_0, 0;
    %pushi/vec4 0, 0, 8;
    %assign/vec4 v0x562e4a97af20_0, 0;
    %pushi/vec4 0, 0, 2;
    %assign/vec4 v0x562e4a97ad60_0, 0;
    %pushi/vec4 0, 0, 8;
    %assign/vec4 v0x562e4a97ae40_0, 0;
    %jmp T_32.1;
T_32.0 ;
    %load/vec4 v0x562e4a97b000_0;
    %inv;
    %load/vec4 v0x562e4a978580_0;
    %and;
    %load/vec4 v0x562e4a97b0c0_0;
    %inv;
    %and;
    %flag_set/vec4 8;
    %jmp/0xz  T_32.2, 8;
    %load/vec4 v0x562e4a977bf0_0;
    %assign/vec4 v0x562e4a97ac80_0, 0;
    %load/vec4 v0x562e4a977cc0_0;
    %assign/vec4 v0x562e4a97ad60_0, 0;
    %load/vec4 v0x562e4a977f30_0;
    %assign/vec4 v0x562e4a97ae40_0, 0;
    %pushi/vec4 0, 0, 8;
    %assign/vec4 v0x562e4a97af20_0, 0;
    %jmp T_32.3;
T_32.2 ;
    %load/vec4 v0x562e4a97af20_0;
    %load/vec4 v0x562e4a97ae40_0;
    %cmp/u;
    %flag_get/vec4 4;
    %flag_get/vec4 5;
    %or;
    %load/vec4 v0x562e4a97b820_0;
    %and;
    %load/vec4 v0x562e4a979420_0;
    %and;
    %flag_set/vec4 8;
    %jmp/0xz  T_32.4, 8;
    %load/vec4 v0x562e4a97af20_0;
    %addi 1, 0, 8;
    %assign/vec4 v0x562e4a97af20_0, 0;
    %load/vec4 v0x562e4a97ad60_0;
    %dup/vec4;
    %pushi/vec4 0, 0, 2;
    %cmp/u;
    %jmp/1 T_32.6, 6;
    %dup/vec4;
    %pushi/vec4 1, 0, 2;
    %cmp/u;
    %jmp/1 T_32.7, 6;
    %dup/vec4;
    %pushi/vec4 2, 0, 2;
    %cmp/u;
    %jmp/1 T_32.8, 6;
    %load/vec4 v0x562e4a97ac80_0;
    %parti/s 30, 2, 3;
    %pad/u 32;
    %addi 1, 0, 32;
    %assign/vec4 v0x562e4a97ac80_0, 0;
    %jmp T_32.10;
T_32.6 ;
    %load/vec4 v0x562e4a97ac80_0;
    %assign/vec4 v0x562e4a97ac80_0, 0;
    %jmp T_32.10;
T_32.7 ;
    %load/vec4 v0x562e4a97ac80_0;
    %parti/s 30, 2, 3;
    %addi 1, 0, 30;
    %ix/load 4, 2, 0;
    %ix/load 5, 0, 0;
    %flag_set/imm 4, 0;
    %assign/vec4/off/d v0x562e4a97ac80_0, 4, 5;
    %pushi/vec4 0, 0, 2;
    %ix/load 4, 0, 0;
    %ix/load 5, 0, 0;
    %flag_set/imm 4, 0;
    %assign/vec4/off/d v0x562e4a97ac80_0, 4, 5;
    %jmp T_32.10;
T_32.8 ;
    %load/vec4 v0x562e4a97a1d0_0;
    %flag_set/vec4 8;
    %jmp/0xz  T_32.11, 8;
    %load/vec4 v0x562e4a97ac80_0;
    %load/vec4 v0x562e4a97a290_0;
    %sub;
    %assign/vec4 v0x562e4a97ac80_0, 0;
    %jmp T_32.12;
T_32.11 ;
    %load/vec4 v0x562e4a97ac80_0;
    %parti/s 30, 2, 3;
    %addi 1, 0, 30;
    %ix/load 4, 2, 0;
    %ix/load 5, 0, 0;
    %flag_set/imm 4, 0;
    %assign/vec4/off/d v0x562e4a97ac80_0, 4, 5;
    %pushi/vec4 0, 0, 2;
    %ix/load 4, 0, 0;
    %ix/load 5, 0, 0;
    %flag_set/imm 4, 0;
    %assign/vec4/off/d v0x562e4a97ac80_0, 4, 5;
T_32.12 ;
    %jmp T_32.10;
T_32.10 ;
    %pop/vec4 1;
T_32.4 ;
T_32.3 ;
T_32.1 ;
    %jmp T_32;
    .thread T_32;
    .scope S_0x562e4a91d530;
T_33 ;
    %wait E_0x562e4a8ec150;
    %load/vec4 v0x562e4a977310_0;
    %cmpi/e 0, 0, 1;
    %jmp/0xz  T_33.0, 4;
    %pushi/vec4 0, 0, 1;
    %assign/vec4 v0x562e4a97b820_0, 0;
    %jmp T_33.1;
T_33.0 ;
    %load/vec4 v0x562e4a97b820_0;
    %inv;
    %load/vec4 v0x562e4a979420_0;
    %and;
    %load/vec4 v0x562e4a97b0c0_0;
    %and;
    %flag_set/vec4 8;
    %jmp/0xz  T_33.2, 8;
    %pushi/vec4 1, 0, 1;
    %assign/vec4 v0x562e4a97b820_0, 0;
    %jmp T_33.3;
T_33.2 ;
    %load/vec4 v0x562e4a9790e0_0;
    %load/vec4 v0x562e4a97b820_0;
    %and;
    %flag_set/vec4 8;
    %jmp/0xz  T_33.4, 8;
    %pushi/vec4 0, 0, 1;
    %assign/vec4 v0x562e4a97b820_0, 0;
T_33.4 ;
T_33.3 ;
T_33.1 ;
    %jmp T_33;
    .thread T_33;
    .scope S_0x562e4a91d530;
T_34 ;
    %wait E_0x562e4a8ec150;
    %load/vec4 v0x562e4a977310_0;
    %cmpi/e 0, 0, 1;
    %jmp/0xz  T_34.0, 4;
    %pushi/vec4 0, 0, 1;
    %assign/vec4 v0x562e4a97b340_0, 0;
    %pushi/vec4 0, 0, 2;
    %assign/vec4 v0x562e4a97b180_0, 0;
    %pushi/vec4 0, 0, 2;
    %assign/vec4 v0x562e4a97b260_0, 0;
    %jmp T_34.1;
T_34.0 ;
    %load/vec4 v0x562e4a97b0c0_0;
    %load/vec4 v0x562e4a97b820_0;
    %and;
    %load/vec4 v0x562e4a979420_0;
    %and;
    %load/vec4 v0x562e4a97b340_0;
    %inv;
    %and;
    %load/vec4 v0x562e4a9790e0_0;
    %and;
    %flag_set/vec4 8;
    %jmp/0xz  T_34.2, 8;
    %pushi/vec4 1, 0, 1;
    %assign/vec4 v0x562e4a97b340_0, 0;
    %pushi/vec4 0, 0, 2;
    %assign/vec4 v0x562e4a97b180_0, 0;
    %jmp T_34.3;
T_34.2 ;
    %load/vec4 v0x562e4a978720_0;
    %load/vec4 v0x562e4a97b340_0;
    %and;
    %flag_set/vec4 8;
    %jmp/0xz  T_34.4, 8;
    %pushi/vec4 0, 0, 1;
    %assign/vec4 v0x562e4a97b340_0, 0;
T_34.4 ;
T_34.3 ;
T_34.1 ;
    %jmp T_34;
    .thread T_34;
    .scope S_0x562e4a91d530;
T_35 ;
    %wait E_0x562e4a8ec150;
    %load/vec4 v0x562e4a977310_0;
    %cmpi/e 0, 0, 1;
    %jmp/0xz  T_35.0, 4;
    %pushi/vec4 0, 0, 1;
    %assign/vec4 v0x562e4a97ab00_0, 0;
    %pushi/vec4 0, 0, 1;
    %assign/vec4 v0x562e4a97abc0_0, 0;
    %jmp T_35.1;
T_35.0 ;
    %load/vec4 v0x562e4a97ab00_0;
    %inv;
    %load/vec4 v0x562e4a977b20_0;
    %and;
    %load/vec4 v0x562e4a97b0c0_0;
    %inv;
    %and;
    %load/vec4 v0x562e4a97abc0_0;
    %inv;
    %and;
    %flag_set/vec4 8;
    %jmp/0xz  T_35.2, 8;
    %pushi/vec4 1, 0, 1;
    %assign/vec4 v0x562e4a97ab00_0, 0;
    %pushi/vec4 1, 0, 1;
    %assign/vec4 v0x562e4a97abc0_0, 0;
    %jmp T_35.3;
T_35.2 ;
    %load/vec4 v0x562e4a97b760_0;
    %load/vec4 v0x562e4a978cd0_0;
    %and;
    %load/vec4 v0x562e4a97aa20_0;
    %load/vec4 v0x562e4a97a940_0;
    %cmp/e;
    %flag_get/vec4 4;
    %and;
    %flag_set/vec4 8;
    %jmp/0xz  T_35.4, 8;
    %pushi/vec4 0, 0, 1;
    %assign/vec4 v0x562e4a97abc0_0, 0;
    %jmp T_35.5;
T_35.4 ;
    %pushi/vec4 0, 0, 1;
    %assign/vec4 v0x562e4a97ab00_0, 0;
T_35.5 ;
T_35.3 ;
T_35.1 ;
    %jmp T_35;
    .thread T_35;
    .scope S_0x562e4a91d530;
T_36 ;
    %wait E_0x562e4a8ec150;
    %load/vec4 v0x562e4a977310_0;
    %cmpi/e 0, 0, 1;
    %jmp/0xz  T_36.0, 4;
    %pushi/vec4 0, 0, 32;
    %assign/vec4 v0x562e4a97a780_0, 0;
    %pushi/vec4 0, 0, 8;
    %assign/vec4 v0x562e4a97aa20_0, 0;
    %pushi/vec4 0, 0, 2;
    %assign/vec4 v0x562e4a97a860_0, 0;
    %pushi/vec4 0, 0, 8;
    %assign/vec4 v0x562e4a97a940_0, 0;
    %pushi/vec4 0, 0, 1;
    %assign/vec4 v0x562e4a97b4e0_0, 0;
    %pushi/vec4 0, 0, 2;
    %assign/vec4 v0x562e4a97b680_0, 0;
    %jmp T_36.1;
T_36.0 ;
    %load/vec4 v0x562e4a97ab00_0;
    %inv;
    %load/vec4 v0x562e4a977b20_0;
    %and;
    %load/vec4 v0x562e4a97abc0_0;
    %inv;
    %and;
    %flag_set/vec4 8;
    %jmp/0xz  T_36.2, 8;
    %load/vec4 v0x562e4a977070_0;
    %assign/vec4 v0x562e4a97a780_0, 0;
    %load/vec4 v0x562e4a977140_0;
    %assign/vec4 v0x562e4a97a860_0, 0;
    %load/vec4 v0x562e4a9774d0_0;
    %assign/vec4 v0x562e4a97a940_0, 0;
    %pushi/vec4 0, 0, 8;
    %assign/vec4 v0x562e4a97aa20_0, 0;
    %pushi/vec4 0, 0, 1;
    %assign/vec4 v0x562e4a97b4e0_0, 0;
    %jmp T_36.3;
T_36.2 ;
    %load/vec4 v0x562e4a97aa20_0;
    %load/vec4 v0x562e4a97a940_0;
    %cmp/u;
    %flag_get/vec4 4;
    %flag_get/vec4 5;
    %or;
    %load/vec4 v0x562e4a97b760_0;
    %and;
    %load/vec4 v0x562e4a978cd0_0;
    %and;
    %flag_set/vec4 8;
    %jmp/0xz  T_36.4, 8;
    %load/vec4 v0x562e4a97aa20_0;
    %addi 1, 0, 8;
    %assign/vec4 v0x562e4a97aa20_0, 0;
    %pushi/vec4 0, 0, 1;
    %assign/vec4 v0x562e4a97b4e0_0, 0;
    %load/vec4 v0x562e4a97a860_0;
    %dup/vec4;
    %pushi/vec4 0, 0, 2;
    %cmp/u;
    %jmp/1 T_36.6, 6;
    %dup/vec4;
    %pushi/vec4 1, 0, 2;
    %cmp/u;
    %jmp/1 T_36.7, 6;
    %dup/vec4;
    %pushi/vec4 2, 0, 2;
    %cmp/u;
    %jmp/1 T_36.8, 6;
    %load/vec4 v0x562e4a97a780_0;
    %parti/s 30, 2, 3;
    %pad/u 32;
    %addi 1, 0, 32;
    %assign/vec4 v0x562e4a97a780_0, 0;
    %jmp T_36.10;
T_36.6 ;
    %load/vec4 v0x562e4a97a780_0;
    %assign/vec4 v0x562e4a97a780_0, 0;
    %jmp T_36.10;
T_36.7 ;
    %load/vec4 v0x562e4a97a780_0;
    %parti/s 30, 2, 3;
    %addi 1, 0, 30;
    %ix/load 4, 2, 0;
    %ix/load 5, 0, 0;
    %flag_set/imm 4, 0;
    %assign/vec4/off/d v0x562e4a97a780_0, 4, 5;
    %pushi/vec4 0, 0, 2;
    %ix/load 4, 0, 0;
    %ix/load 5, 0, 0;
    %flag_set/imm 4, 0;
    %assign/vec4/off/d v0x562e4a97a780_0, 4, 5;
    %jmp T_36.10;
T_36.8 ;
    %load/vec4 v0x562e4a97a030_0;
    %flag_set/vec4 8;
    %jmp/0xz  T_36.11, 8;
    %load/vec4 v0x562e4a97a780_0;
    %load/vec4 v0x562e4a97a0f0_0;
    %sub;
    %assign/vec4 v0x562e4a97a780_0, 0;
    %jmp T_36.12;
T_36.11 ;
    %load/vec4 v0x562e4a97a780_0;
    %parti/s 30, 2, 3;
    %addi 1, 0, 30;
    %ix/load 4, 2, 0;
    %ix/load 5, 0, 0;
    %flag_set/imm 4, 0;
    %assign/vec4/off/d v0x562e4a97a780_0, 4, 5;
    %pushi/vec4 0, 0, 2;
    %ix/load 4, 0, 0;
    %ix/load 5, 0, 0;
    %flag_set/imm 4, 0;
    %assign/vec4/off/d v0x562e4a97a780_0, 4, 5;
T_36.12 ;
    %jmp T_36.10;
T_36.10 ;
    %pop/vec4 1;
    %jmp T_36.5;
T_36.4 ;
    %load/vec4 v0x562e4a97aa20_0;
    %load/vec4 v0x562e4a97a940_0;
    %cmp/e;
    %flag_get/vec4 4;
    %load/vec4 v0x562e4a97b4e0_0;
    %inv;
    %and;
    %load/vec4 v0x562e4a97abc0_0;
    %and;
    %flag_set/vec4 8;
    %jmp/0xz  T_36.13, 8;
    %pushi/vec4 1, 0, 1;
    %assign/vec4 v0x562e4a97b4e0_0, 0;
    %jmp T_36.14;
T_36.13 ;
    %load/vec4 v0x562e4a978cd0_0;
    %flag_set/vec4 8;
    %jmp/0xz  T_36.15, 8;
    %pushi/vec4 0, 0, 1;
    %assign/vec4 v0x562e4a97b4e0_0, 0;
T_36.15 ;
T_36.14 ;
T_36.5 ;
T_36.3 ;
T_36.1 ;
    %jmp T_36;
    .thread T_36;
    .scope S_0x562e4a91d530;
T_37 ;
    %wait E_0x562e4a8ec150;
    %load/vec4 v0x562e4a977310_0;
    %cmpi/e 0, 0, 1;
    %jmp/0xz  T_37.0, 4;
    %pushi/vec4 0, 0, 1;
    %assign/vec4 v0x562e4a97b760_0, 0;
    %pushi/vec4 0, 0, 2;
    %assign/vec4 v0x562e4a97b5a0_0, 0;
    %jmp T_37.1;
T_37.0 ;
    %load/vec4 v0x562e4a97abc0_0;
    %load/vec4 v0x562e4a97b760_0;
    %inv;
    %and;
    %flag_set/vec4 8;
    %jmp/0xz  T_37.2, 8;
    %pushi/vec4 1, 0, 1;
    %assign/vec4 v0x562e4a97b760_0, 0;
    %pushi/vec4 0, 0, 2;
    %assign/vec4 v0x562e4a97b5a0_0, 0;
    %jmp T_37.3;
T_37.2 ;
    %load/vec4 v0x562e4a97b760_0;
    %load/vec4 v0x562e4a978cd0_0;
    %and;
    %flag_set/vec4 8;
    %jmp/0xz  T_37.4, 8;
    %pushi/vec4 0, 0, 1;
    %assign/vec4 v0x562e4a97b760_0, 0;
T_37.4 ;
T_37.3 ;
T_37.1 ;
    %jmp T_37;
    .thread T_37;
    .scope S_0x562e4a91d530;
T_38 ;
    %wait E_0x562e4a8e8b10;
    %load/vec4 v0x562e4a97b760_0;
    %flag_set/vec4 8;
    %jmp/0xz  T_38.0, 8;
    %ix/load 4, 0, 0;
    %flag_set/imm 4, 0;
    %load/vec4a v0x562e4a97b9c0, 4;
    %assign/vec4 v0x562e4a97b400_0, 0;
    %jmp T_38.1;
T_38.0 ;
    %pushi/vec4 0, 0, 32;
    %assign/vec4 v0x562e4a97b400_0, 0;
T_38.1 ;
    %jmp T_38;
    .thread T_38, $push;
    .scope S_0x562e4a8c0af0;
T_39 ;
    %pushi/vec4 0, 0, 1;
    %store/vec4 v0x562e4a97f250_0, 0, 1;
T_39.0 ;
    %delay 5000, 0;
    %load/vec4 v0x562e4a97f250_0;
    %inv;
    %store/vec4 v0x562e4a97f250_0, 0, 1;
    %jmp T_39.0;
    %end;
    .thread T_39;
    .scope S_0x562e4a8c0af0;
T_40 ;
    %pushi/vec4 0, 0, 1;
    %store/vec4 v0x562e4a97f2f0_0, 0, 1;
    %pushi/vec4 0, 0, 1;
    %store/vec4 v0x562e4a97f110_0, 0, 1;
    %delay 50000, 0;
    %pushi/vec4 1, 0, 1;
    %store/vec4 v0x562e4a97f2f0_0, 0, 1;
    %pushi/vec4 1, 0, 1;
    %store/vec4 v0x562e4a97f110_0, 0, 1;
    %delay 2500000, 0;
    %vpi_call 2 94 "$stop" {0 0 0};
    %end;
    .thread T_40;
    .scope S_0x562e4a8c0af0;
T_41 ;
    %vpi_call 2 215 "$dumpfile", "axi_tb.vcd" {0 0 0};
    %vpi_call 2 216 "$dumpvars" {0 0 0};
    %end;
    .thread T_41;
# The file index is used to find the file name in the following table.
:file_names 5;
    "N/A";
    "<interactive>";
    "./axi_tb.v";
    "./m_axi.v";
    "./s_axi.v";
